<?xml version="1.0" encoding="UTF-8"?>
<testsuite xmlns:xsi="http://www.w3.org/2001/XMLSchema-instance" xsi:noNamespaceSchemaLocation="https://maven.apache.org/surefire/maven-surefire-plugin/xsd/surefire-test-report-3.0.xsd" version="3.0" name="com.mycompany.mavenproject4.controller.SimulacionControllerTest" time="7.535" tests="5" errors="0" skipped="0" failures="3">
  <properties>
[...]
</properties>
  <testcase name="testObtenerFoto" classname="com.mycompany.mavenproject4.controller.SimulacionControllerTest" time="0.123">
    <failure message="Status expected:&lt;200&gt; but was:&lt;500&gt;" type="java.lang.AssertionError"><![CDATA[java.lang.AssertionError: Status expected:<200> but was:<500>
	at org.springframework.test.util.AssertionErrors.fail(AssertionErrors.java:61)
	at org.springframework.test.util.AssertionErrors.assertEquals(AssertionErrors.java:128)
	at org.springframework.test.web.servlet.result.StatusResultMatchers.lambda$matcher$9(StatusResultMatchers.java:640)
	at org.springframework.test.web.servlet.MockMvc$1.andExpect(MockMvc.java:214)
	at com.mycompany.mavenproject4.controller.SimulacionControllerTest.testObtenerFoto(SimulacionControllerTest.java:124)
	at java.base/java.lang.reflect.Method.invoke(Method.java:577)
	at java.base/java.util.ArrayList.forEach(ArrayList.java:1511)
	at java.base/java.util.ArrayList.forEach(ArrayList.java:1511)
]]></failure>
    <system-out><![CDATA[08:08:09.499 [main] INFO org.springframework.test.context.support.AnnotationConfigContextLoaderUtils -- Could not detect default configuration classes for test class [com.mycompany.mavenproject4.controller.SimulacionControllerTest]: SimulacionControllerTest does not declare any static, non-private, non-final, nested classes annotated with @Configuration.
08:08:09.635 [main] INFO org.springframework.boot.test.context.SpringBootTestContextBootstrapper -- Found @SpringBootConfiguration com.mycompany.mavenproject4.Mavenproject4 for test class com.mycompany.mavenproject4.controller.SimulacionControllerTest

  .   ____          _            __ _ _
 /\\ / ___'_ __ _ _(_)_ __  __ _ \ \ \ \
( ( )\___ | '_ | '_| | '_ \/ _` | \ \ \ \
 \\/  ___)| |_)| | | | | || (_| |  ) ) ) )
  '  |____| .__|_| |_|_| |_\__, | / / / /
 =========|_|==============|___/=/_/_/_/

 :: Spring Boot ::                (v3.5.3)

2026-04-04T08:08:10.067-03:00  INFO 12400 --- [           main] c.m.m.c.SimulacionControllerTest         : Starting SimulacionControllerTest using Java 18 with PID 12400 (started by Usuario in C:\Users\Usuario\Downloads\Desktop\Avances Back ENd\AvancesBackEnd)
2026-04-04T08:08:10.068-03:00  INFO 12400 --- [           main] c.m.m.c.SimulacionControllerTest         : No active profile set, falling back to 1 default profile: "default"
2026-04-04T08:08:10.881-03:00  INFO 12400 --- [           main] .s.d.r.c.RepositoryConfigurationDelegate : Multiple Spring Data modules found, entering strict repository configuration mode
2026-04-04T08:08:10.883-03:00  INFO 12400 --- [           main] .s.d.r.c.RepositoryConfigurationDelegate : Bootstrapping Spring Data JDBC repositories in DEFAULT mode.
2026-04-04T08:08:10.922-03:00  INFO 12400 --- [           main] .RepositoryConfigurationExtensionSupport : Spring Data JDBC - Could not safely identify store assignment for repository candidate interface com.mycompany.mavenproject4.repository.FotoRepository; If you want this repository to be a JDBC repository, consider annotating your entities with one of these annotations: org.springframework.data.relational.core.mapping.Table.
2026-04-04T08:08:10.924-03:00  INFO 12400 --- [           main] .RepositoryConfigurationExtensionSupport : Spring Data JDBC - Could not safely identify store assignment for repository candidate interface com.mycompany.mavenproject4.repository.PlanetaRepository; If you want this repository to be a JDBC repository, consider annotating your entities with one of these annotations: org.springframework.data.relational.core.mapping.Table.
2026-04-04T08:08:10.925-03:00  INFO 12400 --- [           main] .RepositoryConfigurationExtensionSupport : Spring Data JDBC - Could not safely identify store assignment for repository candidate interface com.mycompany.mavenproject4.repository.RoleRepository; If you want this repository to be a JDBC repository, consider annotating your entities with one of these annotations: org.springframework.data.relational.core.mapping.Table.
2026-04-04T08:08:10.926-03:00  INFO 12400 --- [           main] .RepositoryConfigurationExtensionSupport : Spring Data JDBC - Could not safely identify store assignment for repository candidate interface com.mycompany.mavenproject4.repository.SimulacionRepository; If you want this repository to be a JDBC repository, consider annotating your entities with one of these annotations: org.springframework.data.relational.core.mapping.Table.
2026-04-04T08:08:10.929-03:00  INFO 12400 --- [           main] .RepositoryConfigurationExtensionSupport : Spring Data JDBC - Could not safely identify store assignment for repository candidate interface com.mycompany.mavenproject4.repository.UserRepository; If you want this repository to be a JDBC repository, consider annotating your entities with one of these annotations: org.springframework.data.relational.core.mapping.Table.
2026-04-04T08:08:10.929-03:00  INFO 12400 --- [           main] .s.d.r.c.RepositoryConfigurationDelegate : Finished Spring Data repository scanning in 39 ms. Found 0 JDBC repository interfaces.
2026-04-04T08:08:10.939-03:00  INFO 12400 --- [           main] .s.d.r.c.RepositoryConfigurationDelegate : Multiple Spring Data modules found, entering strict repository configuration mode
2026-04-04T08:08:10.940-03:00  INFO 12400 --- [           main] .s.d.r.c.RepositoryConfigurationDelegate : Bootstrapping Spring Data JPA repositories in DEFAULT mode.
2026-04-04T08:08:10.979-03:00  INFO 12400 --- [           main] .s.d.r.c.RepositoryConfigurationDelegate : Finished Spring Data repository scanning in 34 ms. Found 5 JPA repository interfaces.
2026-04-04T08:08:12.541-03:00  INFO 12400 --- [           main] o.hibernate.jpa.internal.util.LogHelper  : HHH000204: Processing PersistenceUnitInfo [name: default]
2026-04-04T08:08:12.620-03:00  INFO 12400 --- [           main] org.hibernate.Version                    : HHH000412: Hibernate ORM core version 6.6.18.Final
2026-04-04T08:08:12.670-03:00  INFO 12400 --- [           main] o.h.c.internal.RegionFactoryInitiator    : HHH000026: Second-level cache disabled
2026-04-04T08:08:12.862-03:00  INFO 12400 --- [           main] o.s.o.j.p.SpringPersistenceUnitInfo      : No LoadTimeWeaver setup: ignoring JPA class transformer
2026-04-04T08:08:12.905-03:00  INFO 12400 --- [           main] com.zaxxer.hikari.HikariDataSource       : HikariPool-1 - Starting...
2026-04-04T08:08:13.088-03:00  INFO 12400 --- [           main] com.zaxxer.hikari.pool.HikariPool        : HikariPool-1 - Added connection com.mysql.cj.jdbc.ConnectionImpl@3d57fb9e
2026-04-04T08:08:13.090-03:00  INFO 12400 --- [           main] com.zaxxer.hikari.HikariDataSource       : HikariPool-1 - Start completed.
2026-04-04T08:08:13.137-03:00  WARN 12400 --- [           main] org.hibernate.dialect.Dialect            : HHH000511: The 5.5.5 version for [org.hibernate.dialect.MySQLDialect] is no longer supported, hence certain features may not work properly. The minimum supported version is 8.0.0. Check the community dialects project for available legacy versions.
2026-04-04T08:08:13.168-03:00  INFO 12400 --- [           main] org.hibernate.orm.connections.pooling    : HHH10001005: Database info:
	Database JDBC URL [Connecting through datasource 'HikariDataSource (HikariPool-1)']
	Database driver: undefined/unknown
	Database version: 5.5.5
	Autocommit mode: undefined/unknown
	Isolation level: undefined/unknown
	Minimum pool size: undefined/unknown
	Maximum pool size: undefined/unknown
2026-04-04T08:08:14.101-03:00  INFO 12400 --- [           main] o.h.e.t.j.p.i.JtaPlatformInitiator       : HHH000489: No JTA platform available (set 'hibernate.transaction.jta.platform' to enable JTA platform integration)
2026-04-04T08:08:14.206-03:00  INFO 12400 --- [           main] j.LocalContainerEntityManagerFactoryBean : Initialized JPA EntityManagerFactory for persistence unit 'default'
2026-04-04T08:08:14.623-03:00  WARN 12400 --- [           main] JpaBaseConfiguration$JpaWebConfiguration : spring.jpa.open-in-view is enabled by default. Therefore, database queries may be performed during view rendering. Explicitly configure spring.jpa.open-in-view to disable this warning
2026-04-04T08:08:14.688-03:00  INFO 12400 --- [           main] r$InitializeUserDetailsManagerConfigurer : Global AuthenticationManager configured with UserDetailsService bean with name customerUserDetailsService
2026-04-04T08:08:15.734-03:00  INFO 12400 --- [           main] o.s.d.j.r.query.QueryEnhancerFactory     : Hibernate is in classpath; If applicable, HQL parser will be used.
2026-04-04T08:08:16.322-03:00  WARN 12400 --- [           main] o.s.data.repository.query.ReturnedType   : No constructor parameter names discovered. Compile the affected code with '-parameters' instead or avoid its introspection: com.mycompany.mavenproject4.dto.SimulacionLightDTO
2026-04-04T08:08:16.422-03:00  INFO 12400 --- [           main] o.s.b.t.m.w.SpringBootMockServletContext : Initializing Spring TestDispatcherServlet ''
2026-04-04T08:08:16.423-03:00  INFO 12400 --- [           main] o.s.t.web.servlet.TestDispatcherServlet  : Initializing Servlet ''
2026-04-04T08:08:16.424-03:00  INFO 12400 --- [           main] o.s.t.web.servlet.TestDispatcherServlet  : Completed initialization in 1 ms
2026-04-04T08:08:16.454-03:00  INFO 12400 --- [           main] c.m.m.c.SimulacionControllerTest         : Started SimulacionControllerTest in 6.686 seconds (process running for 7.645)
2026-04-04T08:08:16.458-03:00  INFO 12400 --- [           main] c.m.mavenproject4.config.DataSeeder      : Iniciando carga de datos...
2026-04-04T08:08:16.598-03:00  INFO 12400 --- [           main] c.m.mavenproject4.config.DataSeeder      : Usuario ya existe: sebacap3
2026-04-04T08:08:16.602-03:00  INFO 12400 --- [           main] c.m.mavenproject4.config.DataSeeder      : Usuario ya existe: user1
2026-04-04T08:08:16.606-03:00  INFO 12400 --- [           main] c.m.mavenproject4.config.DataSeeder      : Usuario ya existe: user2
2026-04-04T08:08:16.610-03:00  INFO 12400 --- [           main] c.m.mavenproject4.config.DataSeeder      : Usuario ya existe: user3
2026-04-04T08:08:16.610-03:00  INFO 12400 --- [           main] c.m.mavenproject4.config.DataSeeder      : Carga de datos finalizada.
✅ Conexión a MySQL exitosa!

MockHttpServletRequest:
      HTTP Method = GET
      Request URI = /abm/simulaciones/getfoto
       Parameters = {id=[1]}
          Headers = []
             Body = <no character encoding set>
    Session Attrs = {}

Handler:
             Type = com.mycompany.mavenproject4.controller.dev.SimulacionController
           Method = com.mycompany.mavenproject4.controller.dev.SimulacionController#foto(Long)

Async:
    Async started = false
     Async result = null

Resolved Exception:
             Type = java.lang.IllegalArgumentException

ModelAndView:
        View name = null
             View = null
            Model = null

FlashMap:
       Attributes = null

MockHttpServletResponse:
           Status = 500
    Error message = null
          Headers = [Content-Type:"text/plain;charset=UTF-8", Content-Length:"13"]
     Content type = text/plain;charset=UTF-8
             Body = Error interno
    Forwarded URL = null
   Redirected URL = null
          Cookies = []
]]></system-out>
  </testcase>
  <testcase name="testCrearSimulacion" classname="com.mycompany.mavenproject4.controller.SimulacionControllerTest" time="0.087"/>
  <testcase name="testEditarParcial" classname="com.mycompany.mavenproject4.controller.SimulacionControllerTest" time="0.019">
    <failure message="Status expected:&lt;200&gt; but was:&lt;500&gt;" type="java.lang.AssertionError"><![CDATA[java.lang.AssertionError: Status expected:<200> but was:<500>
	at org.springframework.test.util.AssertionErrors.fail(AssertionErrors.java:61)
	at org.springframework.test.util.AssertionErrors.assertEquals(AssertionErrors.java:128)
	at org.springframework.test.web.servlet.result.StatusResultMatchers.lambda$matcher$9(StatusResultMatchers.java:640)
	at org.springframework.test.web.servlet.MockMvc$1.andExpect(MockMvc.java:214)
	at com.mycompany.mavenproject4.controller.SimulacionControllerTest.testEditarParcial(SimulacionControllerTest.java:112)
	at java.base/java.lang.reflect.Method.invoke(Method.java:577)
	at java.base/java.util.ArrayList.forEach(ArrayList.java:1511)
	at java.base/java.util.ArrayList.forEach(ArrayList.java:1511)
]]></failure>
    <system-out><![CDATA[
MockHttpServletRequest:
      HTTP Method = PATCH
      Request URI = /abm/simulaciones/editar
       Parameters = {id=[1]}
          Headers = [Content-Type:"application/json", Content-Length:"92"]
             Body = <no character encoding set>
    Session Attrs = {}

Handler:
             Type = com.mycompany.mavenproject4.controller.dev.SimulacionController
           Method = com.mycompany.mavenproject4.controller.dev.SimulacionController#editarParcial(Long, SimulacionRequestDTO)

Async:
    Async started = false
     Async result = null

Resolved Exception:
             Type = java.lang.IllegalArgumentException

ModelAndView:
        View name = null
             View = null
            Model = null

FlashMap:
       Attributes = null

MockHttpServletResponse:
           Status = 500
    Error message = null
          Headers = [Content-Type:"text/plain;charset=UTF-8", Content-Length:"13"]
     Content type = text/plain;charset=UTF-8
             Body = Error interno
    Forwarded URL = null
   Redirected URL = null
          Cookies = []
]]></system-out>
  </testcase>
  <testcase name="testEliminar" classname="com.mycompany.mavenproject4.controller.SimulacionControllerTest" time="0.008">
    <failure message="Status expected:&lt;200&gt; but was:&lt;500&gt;" type="java.lang.AssertionError"><![CDATA[java.lang.AssertionError: Status expected:<200> but was:<500>
	at org.springframework.test.util.AssertionErrors.fail(AssertionErrors.java:61)
	at org.springframework.test.util.AssertionErrors.assertEquals(AssertionErrors.java:128)
	at org.springframework.test.web.servlet.result.StatusResultMatchers.lambda$matcher$9(StatusResultMatchers.java:640)
	at org.springframework.test.web.servlet.MockMvc$1.andExpect(MockMvc.java:214)
	at com.mycompany.mavenproject4.controller.SimulacionControllerTest.testEliminar(SimulacionControllerTest.java:81)
	at java.base/java.lang.reflect.Method.invoke(Method.java:577)
	at java.base/java.util.ArrayList.forEach(ArrayList.java:1511)
	at java.base/java.util.ArrayList.forEach(ArrayList.java:1511)
]]></failure>
    <system-out><![CDATA[
MockHttpServletRequest:
      HTTP Method = DELETE
      Request URI = /abm/simulaciones/eliminar
       Parameters = {id=[1]}
          Headers = []
             Body = <no character encoding set>
    Session Attrs = {}

Handler:
             Type = com.mycompany.mavenproject4.controller.dev.SimulacionController
           Method = com.mycompany.mavenproject4.controller.dev.SimulacionController#eliminar(Long)

Async:
    Async started = false
     Async result = null

Resolved Exception:
             Type = java.lang.IllegalArgumentException

ModelAndView:
        View name = null
             View = null
            Model = null

FlashMap:
       Attributes = null

MockHttpServletResponse:
           Status = 500
    Error message = null
          Headers = [Content-Type:"text/plain;charset=UTF-8", Content-Length:"13"]
     Content type = text/plain;charset=UTF-8
             Body = Error interno
    Forwarded URL = null
   Redirected URL = null
          Cookies = []
]]></system-out>
  </testcase>
  <testcase name="testListar" classname="com.mycompany.mavenproject4.controller.SimulacionControllerTest" time="0.009"/>
</testsuite>