<?xml version="1.0" encoding="UTF-8"?>
<testsuite xmlns:xsi="http://www.w3.org/2001/XMLSchema-instance" xsi:noNamespaceSchemaLocation="https://maven.apache.org/surefire/maven-surefire-plugin/xsd/surefire-test-report-3.0.xsd" version="3.0" name="com.mycompany.mavenproject4.controller.SimulacionControllerTest" time="6.937" tests="5" errors="0" skipped="0" failures="3">
  <properties>
[...]
</properties>
  <testcase name="testObtenerFoto" classname="com.mycompany.mavenproject4.controller.SimulacionControllerTest" time="0.108">
    <failure message="Status expected:&lt;200&gt; but was:&lt;500&gt;" type="java.lang.AssertionError"><![CDATA[java.lang.AssertionError: Status expected:<200> but was:<500>
	at org.springframework.test.util.AssertionErrors.fail(AssertionErrors.java:59)
	at org.springframework.test.util.AssertionErrors.assertEquals(AssertionErrors.java:122)
	at org.springframework.test.web.servlet.result.StatusResultMatchers.lambda$matcher$9(StatusResultMatchers.java:637)
	at org.springframework.test.web.servlet.MockMvc$1.andExpect(MockMvc.java:214)
	at com.mycompany.mavenproject4.controller.SimulacionControllerTest.testObtenerFoto(SimulacionControllerTest.java:124)
	at java.base/java.lang.reflect.Method.invoke(Method.java:577)
	at java.base/java.util.ArrayList.forEach(ArrayList.java:1511)
	at java.base/java.util.ArrayList.forEach(ArrayList.java:1511)
]]></failure>
    <system-out><![CDATA[09:09:43.128 [main] INFO org.springframework.test.context.support.AnnotationConfigContextLoaderUtils -- Could not detect default configuration classes for test class [com.mycompany.mavenproject4.controller.SimulacionControllerTest]: SimulacionControllerTest does not declare any static, non-private, non-final, nested classes annotated with @Configuration.
09:09:43.239 [main] INFO org.springframework.boot.test.context.SpringBootTestContextBootstrapper -- Found @SpringBootConfiguration com.mycompany.mavenproject4.Mavenproject4 for test class com.mycompany.mavenproject4.controller.SimulacionControllerTest

  .   ____          _            __ _ _
 /\\ / ___'_ __ _ _(_)_ __  __ _ \ \ \ \
( ( )\___ | '_ | '_| | '_ \/ _` | \ \ \ \
 \\/  ___)| |_)| | | | | || (_| |  ) ) ) )
  '  |____| .__|_| |_|_| |_\__, | / / / /
 =========|_|==============|___/=/_/_/_/
 :: Spring Boot ::                (v3.2.5)

2026-04-04T09:09:43.573-03:00  INFO 15076 --- [           main] c.m.m.c.SimulacionControllerTest         : Starting SimulacionControllerTest using Java 18 with PID 15076 (started by Usuario in C:\Users\Usuario\Downloads\Desktop\Avances Back ENd\AvancesBackEnd)
2026-04-04T09:09:43.574-03:00  INFO 15076 --- [           main] c.m.m.c.SimulacionControllerTest         : No active profile set, falling back to 1 default profile: "default"
2026-04-04T09:09:43.575-03:00 DEBUG 15076 --- [           main] o.s.boot.SpringApplication               : Loading source class com.mycompany.mavenproject4.Mavenproject4
2026-04-04T09:09:43.590-03:00 DEBUG 15076 --- [           main] o.s.w.c.s.GenericWebApplicationContext   : Refreshing org.springframework.web.context.support.GenericWebApplicationContext@772485dd
2026-04-04T09:09:43.607-03:00 DEBUG 15076 --- [           main] o.s.b.f.s.DefaultListableBeanFactory     : Creating shared instance of singleton bean 'org.springframework.context.annotation.internalConfigurationAnnotationProcessor'
2026-04-04T09:09:43.618-03:00 DEBUG 15076 --- [           main] o.s.b.f.s.DefaultListableBeanFactory     : Creating shared instance of singleton bean 'org.springframework.boot.autoconfigure.internalCachingMetadataReaderFactory'
2026-04-04T09:09:43.668-03:00 DEBUG 15076 --- [           main] o.s.c.a.ClassPathBeanDefinitionScanner   : Identified candidate component class: file [C:\Users\Usuario\Downloads\Desktop\Avances Back ENd\AvancesBackEnd\target\classes\com\mycompany\mavenproject4\config\DataSeeder.class]
2026-04-04T09:09:43.676-03:00 DEBUG 15076 --- [           main] o.s.c.a.ClassPathBeanDefinitionScanner   : Identified candidate component class: file [C:\Users\Usuario\Downloads\Desktop\Avances Back ENd\AvancesBackEnd\target\classes\com\mycompany\mavenproject4\controller\dev\CrearPlaneta.class]
2026-04-04T09:09:43.677-03:00 DEBUG 15076 --- [           main] o.s.c.a.ClassPathBeanDefinitionScanner   : Identified candidate component class: file [C:\Users\Usuario\Downloads\Desktop\Avances Back ENd\AvancesBackEnd\target\classes\com\mycompany\mavenproject4\controller\dev\CrearUsuario.class]
2026-04-04T09:09:43.678-03:00 DEBUG 15076 --- [           main] o.s.c.a.ClassPathBeanDefinitionScanner   : Identified candidate component class: file [C:\Users\Usuario\Downloads\Desktop\Avances Back ENd\AvancesBackEnd\target\classes\com\mycompany\mavenproject4\controller\dev\EditUser.class]
2026-04-04T09:09:43.680-03:00 DEBUG 15076 --- [           main] o.s.c.a.ClassPathBeanDefinitionScanner   : Identified candidate component class: file [C:\Users\Usuario\Downloads\Desktop\Avances Back ENd\AvancesBackEnd\target\classes\com\mycompany\mavenproject4\controller\dev\EliminarPlaneta.class]
2026-04-04T09:09:43.681-03:00 DEBUG 15076 --- [           main] o.s.c.a.ClassPathBeanDefinitionScanner   : Identified candidate component class: file [C:\Users\Usuario\Downloads\Desktop\Avances Back ENd\AvancesBackEnd\target\classes\com\mycompany\mavenproject4\controller\dev\EliminarUsuario.class]
2026-04-04T09:09:43.683-03:00 DEBUG 15076 --- [           main] o.s.c.a.ClassPathBeanDefinitionScanner   : Identified candidate component class: file [C:\Users\Usuario\Downloads\Desktop\Avances Back ENd\AvancesBackEnd\target\classes\com\mycompany\mavenproject4\controller\dev\FotoController.class]
2026-04-04T09:09:43.683-03:00 DEBUG 15076 --- [           main] o.s.c.a.ClassPathBeanDefinitionScanner   : Identified candidate component class: file [C:\Users\Usuario\Downloads\Desktop\Avances Back ENd\AvancesBackEnd\target\classes\com\mycompany\mavenproject4\controller\dev\HelloController.class]
2026-04-04T09:09:43.684-03:00 DEBUG 15076 --- [           main] o.s.c.a.ClassPathBeanDefinitionScanner   : Identified candidate component class: file [C:\Users\Usuario\Downloads\Desktop\Avances Back ENd\AvancesBackEnd\target\classes\com\mycompany\mavenproject4\controller\dev\SimulacionController.class]
2026-04-04T09:09:43.685-03:00 DEBUG 15076 --- [           main] o.s.c.a.ClassPathBeanDefinitionScanner   : Identified candidate component class: file [C:\Users\Usuario\Downloads\Desktop\Avances Back ENd\AvancesBackEnd\target\classes\com\mycompany\mavenproject4\controller\dev\TodosLosPlanetas.class]
2026-04-04T09:09:43.686-03:00 DEBUG 15076 --- [           main] o.s.c.a.ClassPathBeanDefinitionScanner   : Identified candidate component class: file [C:\Users\Usuario\Downloads\Desktop\Avances Back ENd\AvancesBackEnd\target\classes\com\mycompany\mavenproject4\controller\dev\TodosLosPlanetasEdit.class]
2026-04-04T09:09:43.687-03:00 DEBUG 15076 --- [           main] o.s.c.a.ClassPathBeanDefinitionScanner   : Identified candidate component class: file [C:\Users\Usuario\Downloads\Desktop\Avances Back ENd\AvancesBackEnd\target\classes\com\mycompany\mavenproject4\controller\dev\TodosLosRoles.class]
2026-04-04T09:09:43.688-03:00 DEBUG 15076 --- [           main] o.s.c.a.ClassPathBeanDefinitionScanner   : Identified candidate component class: file [C:\Users\Usuario\Downloads\Desktop\Avances Back ENd\AvancesBackEnd\target\classes\com\mycompany\mavenproject4\controller\dev\TodosLosUsuarios.class]
2026-04-04T09:09:43.689-03:00 DEBUG 15076 --- [           main] o.s.c.a.ClassPathBeanDefinitionScanner   : Identified candidate component class: file [C:\Users\Usuario\Downloads\Desktop\Avances Back ENd\AvancesBackEnd\target\classes\com\mycompany\mavenproject4\controller\dev\TodosLosUsuariosEdit.class]
2026-04-04T09:09:43.689-03:00 DEBUG 15076 --- [           main] o.s.c.a.ClassPathBeanDefinitionScanner   : Identified candidate component class: file [C:\Users\Usuario\Downloads\Desktop\Avances Back ENd\AvancesBackEnd\target\classes\com\mycompany\mavenproject4\controller\ok\AuthController.class]
2026-04-04T09:09:43.705-03:00 DEBUG 15076 --- [           main] o.s.c.a.ClassPathBeanDefinitionScanner   : Identified candidate component class: file [C:\Users\Usuario\Downloads\Desktop\Avances Back ENd\AvancesBackEnd\target\classes\com\mycompany\mavenproject4\exception\GlobalExceptionHandler.class]
2026-04-04T09:09:43.707-03:00 DEBUG 15076 --- [           main] o.s.c.a.ClassPathBeanDefinitionScanner   : Ignored because not a concrete top-level class: file [C:\Users\Usuario\Downloads\Desktop\Avances Back ENd\AvancesBackEnd\target\classes\com\mycompany\mavenproject4\repository\FotoRepository.class]
2026-04-04T09:09:43.711-03:00 DEBUG 15076 --- [           main] o.s.c.a.ClassPathBeanDefinitionScanner   : Ignored because not a concrete top-level class: file [C:\Users\Usuario\Downloads\Desktop\Avances Back ENd\AvancesBackEnd\target\classes\com\mycompany\mavenproject4\repository\UserRepository.class]
2026-04-04T09:09:43.712-03:00 DEBUG 15076 --- [           main] o.s.c.a.ClassPathBeanDefinitionScanner   : Identified candidate component class: file [C:\Users\Usuario\Downloads\Desktop\Avances Back ENd\AvancesBackEnd\target\classes\com\mycompany\mavenproject4\security\CustomerUserDetailsService.class]
2026-04-04T09:09:43.713-03:00 DEBUG 15076 --- [           main] o.s.c.a.ClassPathBeanDefinitionScanner   : Identified candidate component class: file [C:\Users\Usuario\Downloads\Desktop\Avances Back ENd\AvancesBackEnd\target\classes\com\mycompany\mavenproject4\security\JwtAuthenticationFilter.class]
2026-04-04T09:09:43.714-03:00 DEBUG 15076 --- [           main] o.s.c.a.ClassPathBeanDefinitionScanner   : Identified candidate component class: file [C:\Users\Usuario\Downloads\Desktop\Avances Back ENd\AvancesBackEnd\target\classes\com\mycompany\mavenproject4\security\JwtUtil.class]
2026-04-04T09:09:43.715-03:00 DEBUG 15076 --- [           main] o.s.c.a.ClassPathBeanDefinitionScanner   : Identified candidate component class: file [C:\Users\Usuario\Downloads\Desktop\Avances Back ENd\AvancesBackEnd\target\classes\com\mycompany\mavenproject4\security\SecurityConfig.class]
2026-04-04T09:09:43.715-03:00 DEBUG 15076 --- [           main] o.s.c.a.ClassPathBeanDefinitionScanner   : Identified candidate component class: file [C:\Users\Usuario\Downloads\Desktop\Avances Back ENd\AvancesBackEnd\target\classes\com\mycompany\mavenproject4\security\SecurityConfigBeans.class]
2026-04-04T09:09:43.716-03:00 DEBUG 15076 --- [           main] o.s.c.a.ClassPathBeanDefinitionScanner   : Identified candidate component class: file [C:\Users\Usuario\Downloads\Desktop\Avances Back ENd\AvancesBackEnd\target\classes\com\mycompany\mavenproject4\servicios\AuthService.class]
2026-04-04T09:09:43.717-03:00 DEBUG 15076 --- [           main] o.s.c.a.ClassPathBeanDefinitionScanner   : Identified candidate component class: file [C:\Users\Usuario\Downloads\Desktop\Avances Back ENd\AvancesBackEnd\target\classes\com\mycompany\mavenproject4\servicios\FotoService.class]
2026-04-04T09:09:43.718-03:00 DEBUG 15076 --- [           main] o.s.c.a.ClassPathBeanDefinitionScanner   : Identified candidate component class: file [C:\Users\Usuario\Downloads\Desktop\Avances Back ENd\AvancesBackEnd\target\classes\com\mycompany\mavenproject4\servicios\SimulacionService.class]
2026-04-04T09:09:43.719-03:00 DEBUG 15076 --- [           main] o.s.c.a.ClassPathBeanDefinitionScanner   : Identified candidate component class: file [C:\Users\Usuario\Downloads\Desktop\Avances Back ENd\AvancesBackEnd\target\classes\com\mycompany\mavenproject4\servicios\UserService.class]
2026-04-04T09:09:43.720-03:00 DEBUG 15076 --- [           main] o.s.c.a.ClassPathBeanDefinitionScanner   : Identified candidate component class: file [C:\Users\Usuario\Downloads\Desktop\Avances Back ENd\AvancesBackEnd\target\classes\com\mycompany\mavenproject4\TestDBConnectionJava.class]
2026-04-04T09:09:44.432-03:00  INFO 15076 --- [           main] .s.d.r.c.RepositoryConfigurationDelegate : Multiple Spring Data modules found, entering strict repository configuration mode
2026-04-04T09:09:44.433-03:00  INFO 15076 --- [           main] .s.d.r.c.RepositoryConfigurationDelegate : Bootstrapping Spring Data JDBC repositories in DEFAULT mode.
2026-04-04T09:09:44.435-03:00 DEBUG 15076 --- [           main] o.s.b.f.s.DefaultListableBeanFactory     : Creating shared instance of singleton bean 'org.springframework.boot.autoconfigure.AutoConfigurationPackages'
2026-04-04T09:09:44.441-03:00 DEBUG 15076 --- [           main] o.s.b.a.AutoConfigurationPackages        : @EnableAutoConfiguration was declared on a class in the package 'com.mycompany.mavenproject4'. Automatic @Repository and @Entity scanning is enabled.
2026-04-04T09:09:44.441-03:00 DEBUG 15076 --- [           main] .s.d.r.c.RepositoryConfigurationDelegate : Scanning for JDBC repositories in packages com.mycompany.mavenproject4.
2026-04-04T09:09:44.453-03:00 DEBUG 15076 --- [           main] o.s.d.r.c.RepositoryComponentProvider    : Identified candidate component class: file [C:\Users\Usuario\Downloads\Desktop\Avances Back ENd\AvancesBackEnd\target\classes\com\mycompany\mavenproject4\repository\FotoRepository.class]
2026-04-04T09:09:44.454-03:00 DEBUG 15076 --- [           main] o.s.d.r.c.RepositoryComponentProvider    : Identified candidate component class: file [C:\Users\Usuario\Downloads\Desktop\Avances Back ENd\AvancesBackEnd\target\classes\com\mycompany\mavenproject4\repository\PlanetaRepository.class]
2026-04-04T09:09:44.454-03:00 DEBUG 15076 --- [           main] o.s.d.r.c.RepositoryComponentProvider    : Identified candidate component class: file [C:\Users\Usuario\Downloads\Desktop\Avances Back ENd\AvancesBackEnd\target\classes\com\mycompany\mavenproject4\repository\RoleRepository.class]
2026-04-04T09:09:44.454-03:00 DEBUG 15076 --- [           main] o.s.d.r.c.RepositoryComponentProvider    : Identified candidate component class: file [C:\Users\Usuario\Downloads\Desktop\Avances Back ENd\AvancesBackEnd\target\classes\com\mycompany\mavenproject4\repository\SimulacionRepository.class]
2026-04-04T09:09:44.455-03:00 DEBUG 15076 --- [           main] o.s.d.r.c.RepositoryComponentProvider    : Identified candidate component class: file [C:\Users\Usuario\Downloads\Desktop\Avances Back ENd\AvancesBackEnd\target\classes\com\mycompany\mavenproject4\repository\UserRepository.class]
2026-04-04T09:09:44.465-03:00  INFO 15076 --- [           main] .RepositoryConfigurationExtensionSupport : Spring Data JDBC - Could not safely identify store assignment for repository candidate interface com.mycompany.mavenproject4.repository.FotoRepository; If you want this repository to be a JDBC repository, consider annotating your entities with one of these annotations: org.springframework.data.relational.core.mapping.Table.
2026-04-04T09:09:44.467-03:00  INFO 15076 --- [           main] .RepositoryConfigurationExtensionSupport : Spring Data JDBC - Could not safely identify store assignment for repository candidate interface com.mycompany.mavenproject4.repository.PlanetaRepository; If you want this repository to be a JDBC repository, consider annotating your entities with one of these annotations: org.springframework.data.relational.core.mapping.Table.
2026-04-04T09:09:44.468-03:00  INFO 15076 --- [           main] .RepositoryConfigurationExtensionSupport : Spring Data JDBC - Could not safely identify store assignment for repository candidate interface com.mycompany.mavenproject4.repository.RoleRepository; If you want this repository to be a JDBC repository, consider annotating your entities with one of these annotations: org.springframework.data.relational.core.mapping.Table.
2026-04-04T09:09:44.470-03:00  INFO 15076 --- [           main] .RepositoryConfigurationExtensionSupport : Spring Data JDBC - Could not safely identify store assignment for repository candidate interface com.mycompany.mavenproject4.repository.SimulacionRepository; If you want this repository to be a JDBC repository, consider annotating your entities with one of these annotations: org.springframework.data.relational.core.mapping.Table.
2026-04-04T09:09:44.477-03:00  INFO 15076 --- [           main] .RepositoryConfigurationExtensionSupport : Spring Data JDBC - Could not safely identify store assignment for repository candidate interface com.mycompany.mavenproject4.repository.UserRepository; If you want this repository to be a JDBC repository, consider annotating your entities with one of these annotations: org.springframework.data.relational.core.mapping.Table.
2026-04-04T09:09:44.477-03:00  INFO 15076 --- [           main] .s.d.r.c.RepositoryConfigurationDelegate : Finished Spring Data repository scanning in 34 ms. Found 0 JDBC repository interfaces.
2026-04-04T09:09:44.488-03:00  INFO 15076 --- [           main] .s.d.r.c.RepositoryConfigurationDelegate : Multiple Spring Data modules found, entering strict repository configuration mode
2026-04-04T09:09:44.489-03:00  INFO 15076 --- [           main] .s.d.r.c.RepositoryConfigurationDelegate : Bootstrapping Spring Data JPA repositories in DEFAULT mode.
2026-04-04T09:09:44.493-03:00 DEBUG 15076 --- [           main] .s.d.r.c.RepositoryConfigurationDelegate : Scanning for JPA repositories in packages com.mycompany.mavenproject4.
2026-04-04T09:09:44.499-03:00 DEBUG 15076 --- [           main] o.s.d.r.c.RepositoryComponentProvider    : Identified candidate component class: file [C:\Users\Usuario\Downloads\Desktop\Avances Back ENd\AvancesBackEnd\target\classes\com\mycompany\mavenproject4\repository\FotoRepository.class]
2026-04-04T09:09:44.499-03:00 DEBUG 15076 --- [           main] o.s.d.r.c.RepositoryComponentProvider    : Identified candidate component class: file [C:\Users\Usuario\Downloads\Desktop\Avances Back ENd\AvancesBackEnd\target\classes\com\mycompany\mavenproject4\repository\PlanetaRepository.class]
2026-04-04T09:09:44.499-03:00 DEBUG 15076 --- [           main] o.s.d.r.c.RepositoryComponentProvider    : Identified candidate component class: file [C:\Users\Usuario\Downloads\Desktop\Avances Back ENd\AvancesBackEnd\target\classes\com\mycompany\mavenproject4\repository\RoleRepository.class]
2026-04-04T09:09:44.499-03:00 DEBUG 15076 --- [           main] o.s.d.r.c.RepositoryComponentProvider    : Identified candidate component class: file [C:\Users\Usuario\Downloads\Desktop\Avances Back ENd\AvancesBackEnd\target\classes\com\mycompany\mavenproject4\repository\SimulacionRepository.class]
2026-04-04T09:09:44.500-03:00 DEBUG 15076 --- [           main] o.s.d.r.c.RepositoryComponentProvider    : Identified candidate component class: file [C:\Users\Usuario\Downloads\Desktop\Avances Back ENd\AvancesBackEnd\target\classes\com\mycompany\mavenproject4\repository\UserRepository.class]
2026-04-04T09:09:44.525-03:00  INFO 15076 --- [           main] .s.d.r.c.RepositoryConfigurationDelegate : Finished Spring Data repository scanning in 31 ms. Found 5 JPA repository interfaces.
2026-04-04T09:09:44.643-03:00 DEBUG 15076 --- [           main] o.s.b.f.s.DefaultListableBeanFactory     : Creating shared instance of singleton bean 'org.springframework.boot.test.context.ImportsContextCustomizer$ImportsCleanupPostProcessor'
2026-04-04T09:09:44.644-03:00 DEBUG 15076 --- [           main] o.s.b.f.s.DefaultListableBeanFactory     : Creating shared instance of singleton bean 'springSecurityHandlerMappingIntrospectorBeanDefinitionRegistryPostProcessor'
2026-04-04T09:09:44.738-03:00 DEBUG 15076 --- [           main] o.s.b.f.s.DefaultListableBeanFactory     : Creating shared instance of singleton bean 'propertySourcesPlaceholderConfigurer'
2026-04-04T09:09:44.742-03:00 DEBUG 15076 --- [           main] o.s.b.f.s.DefaultListableBeanFactory     : Creating shared instance of singleton bean 'org.springframework.boot.test.mock.mockito.MockitoPostProcessor'
2026-04-04T09:09:44.743-03:00 DEBUG 15076 --- [           main] o.s.b.f.s.DefaultListableBeanFactory     : Creating shared instance of singleton bean 'org.springframework.boot.sql.init.dependency.DatabaseInitializationDependencyConfigurer$DependsOnDatabaseInitializationPostProcessor'
2026-04-04T09:09:44.744-03:00 DEBUG 15076 --- [           main] o.s.b.f.s.DefaultListableBeanFactory     : Creating shared instance of singleton bean 'emBeanDefinitionRegistrarPostProcessor'
2026-04-04T09:09:45.626-03:00 DEBUG 15076 --- [           main] o.s.b.f.s.DefaultListableBeanFactory     : Creating shared instance of singleton bean 'org.springframework.context.event.internalEventListenerProcessor'
2026-04-04T09:09:45.629-03:00 DEBUG 15076 --- [           main] o.s.b.f.s.DefaultListableBeanFactory     : Creating shared instance of singleton bean 'preserveErrorControllerTargetClassPostProcessor'
2026-04-04T09:09:45.630-03:00 DEBUG 15076 --- [           main] o.s.b.f.s.DefaultListableBeanFactory     : Creating shared instance of singleton bean 'conversionServicePostProcessor'
2026-04-04T09:09:45.642-03:00 DEBUG 15076 --- [           main] o.s.b.f.s.DefaultListableBeanFactory     : Creating shared instance of singleton bean 'org.springframework.context.event.internalEventListenerFactory'
2026-04-04T09:09:45.642-03:00 DEBUG 15076 --- [           main] o.s.b.f.s.DefaultListableBeanFactory     : Creating shared instance of singleton bean 'org.springframework.transaction.config.internalTransactionalEventListenerFactory'
2026-04-04T09:09:45.652-03:00 DEBUG 15076 --- [           main] o.s.b.f.s.DefaultListableBeanFactory     : Creating shared instance of singleton bean 'org.springframework.context.annotation.internalAutowiredAnnotationProcessor'
2026-04-04T09:09:45.655-03:00 DEBUG 15076 --- [           main] o.s.b.f.s.DefaultListableBeanFactory     : Creating shared instance of singleton bean 'org.springframework.context.annotation.internalCommonAnnotationProcessor'
2026-04-04T09:09:45.662-03:00 DEBUG 15076 --- [           main] o.s.b.f.s.DefaultListableBeanFactory     : Creating shared instance of singleton bean 'org.springframework.context.annotation.internalPersistenceAnnotationProcessor'
2026-04-04T09:09:45.663-03:00 DEBUG 15076 --- [           main] o.s.b.f.s.DefaultListableBeanFactory     : Creating shared instance of singleton bean 'org.springframework.boot.test.mock.mockito.MockitoPostProcessor$SpyPostProcessor'
2026-04-04T09:09:45.664-03:00 DEBUG 15076 --- [           main] o.s.b.f.s.DefaultListableBeanFactory     : Creating shared instance of singleton bean 'org.springframework.boot.context.properties.ConfigurationPropertiesBindingPostProcessor'
2026-04-04T09:09:45.664-03:00 DEBUG 15076 --- [           main] o.s.b.f.s.DefaultListableBeanFactory     : Creating shared instance of singleton bean 'org.springframework.boot.context.internalConfigurationPropertiesBinder'
2026-04-04T09:09:45.669-03:00 DEBUG 15076 --- [           main] o.s.b.f.s.DefaultListableBeanFactory     : Creating shared instance of singleton bean 'jdbcConnectionDetailsHikariBeanPostProcessor'
2026-04-04T09:09:45.676-03:00 DEBUG 15076 --- [           main] o.s.b.f.s.DefaultListableBeanFactory     : Creating shared instance of singleton bean 'org.springframework.aop.config.internalAutoProxyCreator'
2026-04-04T09:09:45.713-03:00 DEBUG 15076 --- [           main] o.s.b.f.s.DefaultListableBeanFactory     : Creating shared instance of singleton bean 'persistenceExceptionTranslationPostProcessor'
2026-04-04T09:09:45.736-03:00 DEBUG 15076 --- [           main] o.s.b.f.s.DefaultListableBeanFactory     : Autowiring by type from bean name 'persistenceExceptionTranslationPostProcessor' via factory method to bean named 'environment'
2026-04-04T09:09:45.742-03:00 DEBUG 15076 --- [           main] o.s.b.f.s.DefaultListableBeanFactory     : Creating shared instance of singleton bean 'webServerFactoryCustomizerBeanPostProcessor'
2026-04-04T09:09:45.743-03:00 DEBUG 15076 --- [           main] o.s.b.f.s.DefaultListableBeanFactory     : Creating shared instance of singleton bean 'errorPageRegistrarBeanPostProcessor'
2026-04-04T09:09:45.744-03:00 DEBUG 15076 --- [           main] o.s.b.f.s.DefaultListableBeanFactory     : Creating shared instance of singleton bean 'projectingArgumentResolverBeanPostProcessor'
2026-04-04T09:09:45.745-03:00 DEBUG 15076 --- [           main] o.s.b.f.s.DefaultListableBeanFactory     : Creating shared instance of singleton bean 'org.springframework.transaction.config.internalTransactionAdvisor'
2026-04-04T09:09:45.745-03:00 DEBUG 15076 --- [           main] o.s.b.f.s.DefaultListableBeanFactory     : Creating shared instance of singleton bean 'org.springframework.transaction.annotation.ProxyTransactionManagementConfiguration'
2026-04-04T09:09:45.766-03:00 DEBUG 15076 --- [           main] o.s.b.f.s.DefaultListableBeanFactory     : Creating shared instance of singleton bean 'transactionAttributeSource'
2026-04-04T09:09:45.769-03:00 DEBUG 15076 --- [           main] o.s.b.f.s.DefaultListableBeanFactory     : Creating shared instance of singleton bean 'transactionInterceptor'
2026-04-04T09:09:45.770-03:00 DEBUG 15076 --- [           main] o.s.b.f.s.DefaultListableBeanFactory     : Autowiring by type from bean name 'transactionInterceptor' via factory method to bean named 'transactionAttributeSource'
2026-04-04T09:09:45.777-03:00 DEBUG 15076 --- [           main] o.s.b.f.s.DefaultListableBeanFactory     : Autowiring by type from bean name 'org.springframework.transaction.config.internalTransactionAdvisor' via factory method to bean named 'transactionAttributeSource'
2026-04-04T09:09:45.778-03:00 DEBUG 15076 --- [           main] o.s.b.f.s.DefaultListableBeanFactory     : Autowiring by type from bean name 'org.springframework.transaction.config.internalTransactionAdvisor' via factory method to bean named 'transactionInterceptor'
2026-04-04T09:09:45.809-03:00 DEBUG 15076 --- [           main] o.s.u.c.s.UiApplicationContextUtils      : Unable to locate ThemeSource with name 'themeSource': using default [org.springframework.ui.context.support.ResourceBundleThemeSource@3316527e]
2026-04-04T09:09:45.811-03:00 DEBUG 15076 --- [           main] o.s.b.f.s.DefaultListableBeanFactory     : Creating shared instance of singleton bean 'dataSourceScriptDatabaseInitializer'
2026-04-04T09:09:45.812-03:00 DEBUG 15076 --- [           main] o.s.b.f.s.DefaultListableBeanFactory     : Creating shared instance of singleton bean 'org.springframework.boot.autoconfigure.sql.init.DataSourceInitializationConfiguration'
2026-04-04T09:09:45.815-03:00 DEBUG 15076 --- [           main] o.s.b.f.s.DefaultListableBeanFactory     : Creating shared instance of singleton bean 'dataSource'
2026-04-04T09:09:45.815-03:00 DEBUG 15076 --- [           main] o.s.b.f.s.DefaultListableBeanFactory     : Creating shared instance of singleton bean 'org.springframework.boot.autoconfigure.jdbc.DataSourceConfiguration$Hikari'
2026-04-04T09:09:45.817-03:00 DEBUG 15076 --- [           main] o.s.b.f.s.DefaultListableBeanFactory     : Creating shared instance of singleton bean 'spring.datasource-org.springframework.boot.autoconfigure.jdbc.DataSourceProperties'
2026-04-04T09:09:45.819-03:00 DEBUG 15076 --- [           main] o.s.b.f.s.DefaultListableBeanFactory     : Creating shared instance of singleton bean 'org.springframework.boot.context.properties.BoundConfigurationProperties'
2026-04-04T09:09:45.846-03:00 DEBUG 15076 --- [           main] o.s.b.f.s.DefaultListableBeanFactory     : Creating shared instance of singleton bean 'jdbcConnectionDetails'
2026-04-04T09:09:45.846-03:00 DEBUG 15076 --- [           main] o.s.b.f.s.DefaultListableBeanFactory     : Creating shared instance of singleton bean 'org.springframework.boot.autoconfigure.jdbc.DataSourceAutoConfiguration$PooledDataSourceConfiguration'
2026-04-04T09:09:45.848-03:00 DEBUG 15076 --- [           main] o.s.b.f.s.DefaultListableBeanFactory     : Autowiring by type from bean name 'jdbcConnectionDetails' via factory method to bean named 'spring.datasource-org.springframework.boot.autoconfigure.jdbc.DataSourceProperties'
2026-04-04T09:09:45.849-03:00 DEBUG 15076 --- [           main] o.s.b.f.s.DefaultListableBeanFactory     : Autowiring by type from bean name 'dataSource' via factory method to bean named 'spring.datasource-org.springframework.boot.autoconfigure.jdbc.DataSourceProperties'
2026-04-04T09:09:45.849-03:00 DEBUG 15076 --- [           main] o.s.b.f.s.DefaultListableBeanFactory     : Autowiring by type from bean name 'dataSource' via factory method to bean named 'jdbcConnectionDetails'
2026-04-04T09:09:45.889-03:00 DEBUG 15076 --- [           main] o.s.b.f.s.DefaultListableBeanFactory     : Creating shared instance of singleton bean 'spring.sql.init-org.springframework.boot.autoconfigure.sql.init.SqlInitializationProperties'
2026-04-04T09:09:45.894-03:00 DEBUG 15076 --- [           main] o.s.b.f.s.DefaultListableBeanFactory     : Autowiring by type from bean name 'dataSourceScriptDatabaseInitializer' via factory method to bean named 'dataSource'
2026-04-04T09:09:45.894-03:00 DEBUG 15076 --- [           main] o.s.b.f.s.DefaultListableBeanFactory     : Autowiring by type from bean name 'dataSourceScriptDatabaseInitializer' via factory method to bean named 'spring.sql.init-org.springframework.boot.autoconfigure.sql.init.SqlInitializationProperties'
2026-04-04T09:09:45.903-03:00 DEBUG 15076 --- [           main] o.s.b.f.s.DefaultListableBeanFactory     : Creating shared instance of singleton bean 'entityManagerFactory'
2026-04-04T09:09:45.903-03:00 DEBUG 15076 --- [           main] o.s.b.f.s.DefaultListableBeanFactory     : Creating shared instance of singleton bean 'org.springframework.boot.autoconfigure.orm.jpa.HibernateJpaConfiguration'
2026-04-04T09:09:45.906-03:00 DEBUG 15076 --- [           main] o.s.b.f.s.DefaultListableBeanFactory     : Creating shared instance of singleton bean 'spring.jpa-org.springframework.boot.autoconfigure.orm.jpa.JpaProperties'
2026-04-04T09:09:45.914-03:00 DEBUG 15076 --- [           main] o.s.b.f.s.DefaultListableBeanFactory     : Creating shared instance of singleton bean 'spring.jpa.hibernate-org.springframework.boot.autoconfigure.orm.jpa.HibernateProperties'
2026-04-04T09:09:45.917-03:00 DEBUG 15076 --- [           main] o.s.b.f.s.DefaultListableBeanFactory     : Autowiring by type from bean name 'org.springframework.boot.autoconfigure.orm.jpa.HibernateJpaConfiguration' via constructor to bean named 'dataSource'
2026-04-04T09:09:45.917-03:00 DEBUG 15076 --- [           main] o.s.b.f.s.DefaultListableBeanFactory     : Autowiring by type from bean name 'org.springframework.boot.autoconfigure.orm.jpa.HibernateJpaConfiguration' via constructor to bean named 'spring.jpa-org.springframework.boot.autoconfigure.orm.jpa.JpaProperties'
2026-04-04T09:09:45.917-03:00 DEBUG 15076 --- [           main] o.s.b.f.s.DefaultListableBeanFactory     : Autowiring by type from bean name 'org.springframework.boot.autoconfigure.orm.jpa.HibernateJpaConfiguration' via constructor to bean named 'org.springframework.beans.factory.support.DefaultListableBeanFactory@3d7cc3cb'
2026-04-04T09:09:45.917-03:00 DEBUG 15076 --- [           main] o.s.b.f.s.DefaultListableBeanFactory     : Autowiring by type from bean name 'org.springframework.boot.autoconfigure.orm.jpa.HibernateJpaConfiguration' via constructor to bean named 'spring.jpa.hibernate-org.springframework.boot.autoconfigure.orm.jpa.HibernateProperties'
2026-04-04T09:09:45.924-03:00 DEBUG 15076 --- [           main] o.s.b.f.s.DefaultListableBeanFactory     : Creating shared instance of singleton bean 'hikariPoolDataSourceMetadataProvider'
2026-04-04T09:09:45.924-03:00 DEBUG 15076 --- [           main] o.s.b.f.s.DefaultListableBeanFactory     : Creating shared instance of singleton bean 'org.springframework.boot.autoconfigure.jdbc.metadata.DataSourcePoolMetadataProvidersConfiguration$HikariPoolDataSourceMetadataProviderConfiguration'
2026-04-04T09:09:45.934-03:00 DEBUG 15076 --- [           main] o.s.b.f.s.DefaultListableBeanFactory     : Creating shared instance of singleton bean 'entityManagerFactoryBuilder'
2026-04-04T09:09:45.935-03:00 DEBUG 15076 --- [           main] o.s.b.f.s.DefaultListableBeanFactory     : Creating shared instance of singleton bean 'jpaVendorAdapter'
2026-04-04T09:09:45.953-03:00 DEBUG 15076 --- [           main] o.s.b.f.s.DefaultListableBeanFactory     : Autowiring by type from bean name 'entityManagerFactoryBuilder' via factory method to bean named 'jpaVendorAdapter'
2026-04-04T09:09:45.959-03:00 DEBUG 15076 --- [           main] o.s.b.f.s.DefaultListableBeanFactory     : Creating shared instance of singleton bean 'persistenceManagedTypes'
2026-04-04T09:09:45.960-03:00 DEBUG 15076 --- [           main] o.s.b.f.s.DefaultListableBeanFactory     : Autowiring by type from bean name 'persistenceManagedTypes' via factory method to bean named 'org.springframework.beans.factory.support.DefaultListableBeanFactory@3d7cc3cb'
2026-04-04T09:09:45.960-03:00 DEBUG 15076 --- [           main] o.s.b.f.s.DefaultListableBeanFactory     : Autowiring by type from bean name 'persistenceManagedTypes' via factory method to bean named 'org.springframework.web.context.support.GenericWebApplicationContext@772485dd'
2026-04-04T09:09:45.976-03:00 DEBUG 15076 --- [           main] o.s.b.f.s.DefaultListableBeanFactory     : Autowiring by type from bean name 'entityManagerFactory' via factory method to bean named 'entityManagerFactoryBuilder'
2026-04-04T09:09:45.976-03:00 DEBUG 15076 --- [           main] o.s.b.f.s.DefaultListableBeanFactory     : Autowiring by type from bean name 'entityManagerFactory' via factory method to bean named 'persistenceManagedTypes'
2026-04-04T09:09:45.995-03:00 DEBUG 15076 --- [           main] j.LocalContainerEntityManagerFactoryBean : Building JPA container EntityManagerFactory for persistence unit 'default'
2026-04-04T09:09:46.018-03:00  INFO 15076 --- [           main] o.hibernate.jpa.internal.util.LogHelper  : HHH000204: Processing PersistenceUnitInfo [name: default]
2026-04-04T09:09:46.099-03:00  INFO 15076 --- [           main] org.hibernate.Version                    : HHH000412: Hibernate ORM core version 6.4.4.Final
2026-04-04T09:09:46.148-03:00  INFO 15076 --- [           main] o.h.c.internal.RegionFactoryInitiator    : HHH000026: Second-level cache disabled
2026-04-04T09:09:46.295-03:00  INFO 15076 --- [           main] o.s.o.j.p.SpringPersistenceUnitInfo      : No LoadTimeWeaver setup: ignoring JPA class transformer
2026-04-04T09:09:46.327-03:00  INFO 15076 --- [           main] com.zaxxer.hikari.HikariDataSource       : HikariPool-1 - Starting...
2026-04-04T09:09:46.479-03:00  INFO 15076 --- [           main] com.zaxxer.hikari.pool.HikariPool        : HikariPool-1 - Added connection com.mysql.cj.jdbc.ConnectionImpl@5f8df69
2026-04-04T09:09:46.481-03:00  INFO 15076 --- [           main] com.zaxxer.hikari.HikariDataSource       : HikariPool-1 - Start completed.
2026-04-04T09:09:46.528-03:00  WARN 15076 --- [           main] org.hibernate.dialect.Dialect            : HHH000511: The 5.5.0 version for [org.hibernate.dialect.MySQLDialect] is no longer supported, hence certain features may not work properly. The minimum supported version is 8.0.0. Check the community dialects project for available legacy versions.
2026-04-04T09:09:47.409-03:00  INFO 15076 --- [           main] o.h.e.t.j.p.i.JtaPlatformInitiator       : HHH000489: No JTA platform available (set 'hibernate.transaction.jta.platform' to enable JTA platform integration)
2026-04-04T09:09:47.506-03:00  INFO 15076 --- [           main] j.LocalContainerEntityManagerFactoryBean : Initialized JPA EntityManagerFactory for persistence unit 'default'
2026-04-04T09:09:47.511-03:00 DEBUG 15076 --- [           main] o.s.b.f.s.DefaultListableBeanFactory     : Creating shared instance of singleton bean 'mavenproject4'
2026-04-04T09:09:47.513-03:00 DEBUG 15076 --- [           main] o.s.b.f.s.DefaultListableBeanFactory     : Creating shared instance of singleton bean 'dataSeeder'
2026-04-04T09:09:47.514-03:00 DEBUG 15076 --- [           main] o.s.b.f.s.DefaultListableBeanFactory     : Creating shared instance of singleton bean 'crearPlaneta'
2026-04-04T09:09:47.519-03:00 DEBUG 15076 --- [           main] o.s.b.f.s.DefaultListableBeanFactory     : Creating shared instance of singleton bean 'planetaRepository'
2026-04-04T09:09:47.528-03:00 DEBUG 15076 --- [           main] o.s.b.f.s.DefaultListableBeanFactory     : Creating shared instance of singleton bean 'jpa.named-queries#3'
2026-04-04T09:09:47.532-03:00 DEBUG 15076 --- [           main] o.s.b.f.s.DefaultListableBeanFactory     : Creating shared instance of singleton bean 'jpa.PlanetaRepository.fragments#0'
2026-04-04T09:09:47.538-03:00 DEBUG 15076 --- [           main] o.s.b.f.s.DefaultListableBeanFactory     : Creating shared instance of singleton bean 'jpaSharedEM_entityManagerFactory'
2026-04-04T09:09:47.577-03:00 DEBUG 15076 --- [           main] o.s.b.f.s.DefaultListableBeanFactory     : Creating shared instance of singleton bean 'jpaMappingContext'
2026-04-04T09:09:47.585-03:00 DEBUG 15076 --- [           main] .c.JpaMetamodelMappingContextFactoryBean : Initializing JpaMetamodelMappingContext…
2026-04-04T09:09:47.602-03:00 DEBUG 15076 --- [           main] .c.JpaMetamodelMappingContextFactoryBean : Finished initializing JpaMetamodelMappingContext
2026-04-04T09:09:47.627-03:00 DEBUG 15076 --- [           main] tor$SharedEntityManagerInvocationHandler : Creating new EntityManager for shared EntityManager invocation
2026-04-04T09:09:47.663-03:00 DEBUG 15076 --- [           main] tor$SharedEntityManagerInvocationHandler : Creating new EntityManager for shared EntityManager invocation
2026-04-04T09:09:47.722-03:00 DEBUG 15076 --- [           main] o.s.d.r.c.s.RepositoryFactorySupport     : Initializing repository instance for com.mycompany.mavenproject4.repository.PlanetaRepository…
2026-04-04T09:09:47.740-03:00 DEBUG 15076 --- [           main] tor$SharedEntityManagerInvocationHandler : Creating new EntityManager for shared EntityManager invocation
2026-04-04T09:09:47.767-03:00 DEBUG 15076 --- [           main] o.s.d.r.c.s.RepositoryFactorySupport     : Finished creation of repository instance for com.mycompany.mavenproject4.repository.PlanetaRepository.
2026-04-04T09:09:47.770-03:00 DEBUG 15076 --- [           main] o.s.b.f.s.DefaultListableBeanFactory     : Creating shared instance of singleton bean 'userRepository'
2026-04-04T09:09:47.772-03:00 DEBUG 15076 --- [           main] o.s.b.f.s.DefaultListableBeanFactory     : Creating shared instance of singleton bean 'jpa.named-queries#4'
2026-04-04T09:09:47.773-03:00 DEBUG 15076 --- [           main] o.s.b.f.s.DefaultListableBeanFactory     : Creating shared instance of singleton bean 'jpa.UserRepository.fragments#0'
2026-04-04T09:09:47.774-03:00 DEBUG 15076 --- [           main] tor$SharedEntityManagerInvocationHandler : Creating new EntityManager for shared EntityManager invocation
2026-04-04T09:09:47.775-03:00 DEBUG 15076 --- [           main] o.s.d.r.c.s.RepositoryFactorySupport     : Initializing repository instance for com.mycompany.mavenproject4.repository.UserRepository…
2026-04-04T09:09:47.775-03:00 DEBUG 15076 --- [           main] tor$SharedEntityManagerInvocationHandler : Creating new EntityManager for shared EntityManager invocation
2026-04-04T09:09:47.797-03:00 DEBUG 15076 --- [           main] o.s.d.jpa.repository.query.NamedQuery    : Looking up named query User.existsByUsername
2026-04-04T09:09:47.799-03:00 DEBUG 15076 --- [           main] o.s.d.jpa.repository.query.NamedQuery    : Did not find named query User.existsByUsername
2026-04-04T09:09:47.802-03:00 DEBUG 15076 --- [           main] tor$SharedEntityManagerInvocationHandler : Creating new EntityManager for shared EntityManager invocation
2026-04-04T09:09:47.850-03:00 DEBUG 15076 --- [           main] o.s.d.jpa.repository.query.NamedQuery    : Looking up named query User.existsByEmail
2026-04-04T09:09:47.850-03:00 DEBUG 15076 --- [           main] o.s.d.jpa.repository.query.NamedQuery    : Did not find named query User.existsByEmail
2026-04-04T09:09:47.850-03:00 DEBUG 15076 --- [           main] tor$SharedEntityManagerInvocationHandler : Creating new EntityManager for shared EntityManager invocation
2026-04-04T09:09:47.852-03:00 DEBUG 15076 --- [           main] o.s.d.jpa.repository.query.NamedQuery    : Looking up named query User.findByUsername
2026-04-04T09:09:47.853-03:00 DEBUG 15076 --- [           main] o.s.d.jpa.repository.query.NamedQuery    : Did not find named query User.findByUsername
2026-04-04T09:09:47.853-03:00 DEBUG 15076 --- [           main] tor$SharedEntityManagerInvocationHandler : Creating new EntityManager for shared EntityManager invocation
2026-04-04T09:09:47.856-03:00 DEBUG 15076 --- [           main] o.s.d.r.c.s.RepositoryFactorySupport     : Finished creation of repository instance for com.mycompany.mavenproject4.repository.UserRepository.
2026-04-04T09:09:47.858-03:00 DEBUG 15076 --- [           main] o.s.b.f.s.DefaultListableBeanFactory     : Creating shared instance of singleton bean 'crearUsuario'
2026-04-04T09:09:47.860-03:00 DEBUG 15076 --- [           main] o.s.b.f.s.DefaultListableBeanFactory     : Creating shared instance of singleton bean 'editUser'
2026-04-04T09:09:47.864-03:00 DEBUG 15076 --- [           main] o.s.b.f.s.DefaultListableBeanFactory     : Creating shared instance of singleton bean 'eliminarPlaneta'
2026-04-04T09:09:47.866-03:00 DEBUG 15076 --- [           main] o.s.b.f.s.DefaultListableBeanFactory     : Creating shared instance of singleton bean 'eliminarUsuario'
2026-04-04T09:09:47.867-03:00 DEBUG 15076 --- [           main] o.s.b.f.s.DefaultListableBeanFactory     : Creating shared instance of singleton bean 'fotoController'
2026-04-04T09:09:47.870-03:00 DEBUG 15076 --- [           main] o.s.b.f.s.DefaultListableBeanFactory     : Creating shared instance of singleton bean 'fotoService'
2026-04-04T09:09:47.872-03:00 DEBUG 15076 --- [           main] o.s.b.f.s.DefaultListableBeanFactory     : Creating shared instance of singleton bean 'helloController'
2026-04-04T09:09:47.873-03:00 DEBUG 15076 --- [           main] o.s.b.f.s.DefaultListableBeanFactory     : Creating shared instance of singleton bean 'simulacionController'
2026-04-04T09:09:47.875-03:00 DEBUG 15076 --- [           main] o.s.b.f.s.DefaultListableBeanFactory     : Autowiring by type from bean name 'simulacionController' via constructor to bean named 'simulacionService'
2026-04-04T09:09:47.876-03:00 DEBUG 15076 --- [           main] o.s.b.f.s.DefaultListableBeanFactory     : Autowiring by type from bean name 'simulacionController' via constructor to bean named 'userService'
2026-04-04T09:09:47.876-03:00 DEBUG 15076 --- [           main] o.s.b.f.s.DefaultListableBeanFactory     : Creating shared instance of singleton bean 'todosLosPlanetas'
2026-04-04T09:09:47.877-03:00 DEBUG 15076 --- [           main] o.s.b.f.s.DefaultListableBeanFactory     : Creating shared instance of singleton bean 'todosLosPlanetasEdit'
2026-04-04T09:09:47.878-03:00 DEBUG 15076 --- [           main] o.s.b.f.s.DefaultListableBeanFactory     : Creating shared instance of singleton bean 'todosLosRoles'
2026-04-04T09:09:47.879-03:00 DEBUG 15076 --- [           main] o.s.b.f.s.DefaultListableBeanFactory     : Creating shared instance of singleton bean 'roleRepository'
2026-04-04T09:09:47.881-03:00 DEBUG 15076 --- [           main] o.s.b.f.s.DefaultListableBeanFactory     : Creating shared instance of singleton bean 'jpa.named-queries#1'
2026-04-04T09:09:47.882-03:00 DEBUG 15076 --- [           main] o.s.b.f.s.DefaultListableBeanFactory     : Creating shared instance of singleton bean 'jpa.RoleRepository.fragments#0'
2026-04-04T09:09:47.882-03:00 DEBUG 15076 --- [           main] tor$SharedEntityManagerInvocationHandler : Creating new EntityManager for shared EntityManager invocation
2026-04-04T09:09:47.883-03:00 DEBUG 15076 --- [           main] o.s.d.r.c.s.RepositoryFactorySupport     : Initializing repository instance for com.mycompany.mavenproject4.repository.RoleRepository…
2026-04-04T09:09:47.883-03:00 DEBUG 15076 --- [           main] tor$SharedEntityManagerInvocationHandler : Creating new EntityManager for shared EntityManager invocation
2026-04-04T09:09:47.886-03:00 DEBUG 15076 --- [           main] o.s.d.jpa.repository.query.NamedQuery    : Looking up named query Role.findByNombre
2026-04-04T09:09:47.886-03:00 DEBUG 15076 --- [           main] o.s.d.jpa.repository.query.NamedQuery    : Did not find named query Role.findByNombre
2026-04-04T09:09:47.887-03:00 DEBUG 15076 --- [           main] tor$SharedEntityManagerInvocationHandler : Creating new EntityManager for shared EntityManager invocation
2026-04-04T09:09:47.890-03:00 DEBUG 15076 --- [           main] o.s.d.r.c.s.RepositoryFactorySupport     : Finished creation of repository instance for com.mycompany.mavenproject4.repository.RoleRepository.
2026-04-04T09:09:47.891-03:00 DEBUG 15076 --- [           main] o.s.b.f.s.DefaultListableBeanFactory     : Creating shared instance of singleton bean 'todosLosUsuarios'
2026-04-04T09:09:47.892-03:00 DEBUG 15076 --- [           main] o.s.b.f.s.DefaultListableBeanFactory     : Creating shared instance of singleton bean 'todosLosUsuariosEdit'
2026-04-04T09:09:47.893-03:00 DEBUG 15076 --- [           main] o.s.b.f.s.DefaultListableBeanFactory     : Creating shared instance of singleton bean 'authController'
2026-04-04T09:09:47.895-03:00 DEBUG 15076 --- [           main] o.s.b.f.s.DefaultListableBeanFactory     : Creating shared instance of singleton bean 'authService'
2026-04-04T09:09:47.897-03:00 DEBUG 15076 --- [           main] o.s.b.f.s.DefaultListableBeanFactory     : Creating shared instance of singleton bean 'passwordEncoder'
2026-04-04T09:09:47.897-03:00 DEBUG 15076 --- [           main] o.s.b.f.s.DefaultListableBeanFactory     : Creating shared instance of singleton bean 'securityConfigBeans'
2026-04-04T09:09:47.901-03:00 DEBUG 15076 --- [           main] o.s.b.f.s.DefaultListableBeanFactory     : Creating shared instance of singleton bean 'jwtUtil'
2026-04-04T09:09:47.902-03:00 DEBUG 15076 --- [           main] o.s.b.f.s.DefaultListableBeanFactory     : Autowiring by type from bean name 'authService' via constructor to bean named 'userRepository'
2026-04-04T09:09:47.902-03:00 DEBUG 15076 --- [           main] o.s.b.f.s.DefaultListableBeanFactory     : Autowiring by type from bean name 'authService' via constructor to bean named 'passwordEncoder'
2026-04-04T09:09:47.902-03:00 DEBUG 15076 --- [           main] o.s.b.f.s.DefaultListableBeanFactory     : Autowiring by type from bean name 'authService' via constructor to bean named 'jwtUtil'
2026-04-04T09:09:47.903-03:00 DEBUG 15076 --- [           main] o.s.b.f.s.DefaultListableBeanFactory     : Autowiring by type from bean name 'authController' via constructor to bean named 'authService'
2026-04-04T09:09:47.903-03:00 DEBUG 15076 --- [           main] o.s.b.f.s.DefaultListableBeanFactory     : Creating shared instance of singleton bean 'globalExceptionHandler'
2026-04-04T09:09:47.904-03:00 DEBUG 15076 --- [           main] o.s.b.f.s.DefaultListableBeanFactory     : Creating shared instance of singleton bean 'customerUserDetailsService'
2026-04-04T09:09:47.905-03:00 DEBUG 15076 --- [           main] o.s.b.f.s.DefaultListableBeanFactory     : Autowiring by type from bean name 'customerUserDetailsService' via constructor to bean named 'userRepository'
2026-04-04T09:09:47.906-03:00 DEBUG 15076 --- [           main] o.s.b.f.s.DefaultListableBeanFactory     : Creating shared instance of singleton bean 'jwtAuthenticationFilter'
2026-04-04T09:09:47.907-03:00 DEBUG 15076 --- [           main] o.s.b.f.s.DefaultListableBeanFactory     : Autowiring by type from bean name 'jwtAuthenticationFilter' via constructor to bean named 'jwtUtil'
2026-04-04T09:09:47.908-03:00 DEBUG 15076 --- [           main] o.s.b.f.s.DefaultListableBeanFactory     : Creating shared instance of singleton bean 'securityConfig'
2026-04-04T09:09:47.909-03:00 DEBUG 15076 --- [           main] o.s.b.f.s.DefaultListableBeanFactory     : Autowiring by type from bean name 'securityConfig' via constructor to bean named 'jwtAuthenticationFilter'
2026-04-04T09:09:47.910-03:00 DEBUG 15076 --- [           main] o.s.b.f.s.DefaultListableBeanFactory     : Creating shared instance of singleton bean 'testDBConnectionJava'
2026-04-04T09:09:47.912-03:00 DEBUG 15076 --- [           main] o.s.b.f.s.DefaultListableBeanFactory     : Creating shared instance of singleton bean 'jdbcTemplate'
2026-04-04T09:09:47.912-03:00 DEBUG 15076 --- [           main] o.s.b.f.s.DefaultListableBeanFactory     : Creating shared instance of singleton bean 'org.springframework.boot.autoconfigure.jdbc.JdbcTemplateConfiguration'
2026-04-04T09:09:47.914-03:00 DEBUG 15076 --- [           main] o.s.b.f.s.DefaultListableBeanFactory     : Creating shared instance of singleton bean 'spring.jdbc-org.springframework.boot.autoconfigure.jdbc.JdbcProperties'
2026-04-04T09:09:47.916-03:00 DEBUG 15076 --- [           main] o.s.b.f.s.DefaultListableBeanFactory     : Autowiring by type from bean name 'jdbcTemplate' via factory method to bean named 'dataSource'
2026-04-04T09:09:47.916-03:00 DEBUG 15076 --- [           main] o.s.b.f.s.DefaultListableBeanFactory     : Autowiring by type from bean name 'jdbcTemplate' via factory method to bean named 'spring.jdbc-org.springframework.boot.autoconfigure.jdbc.JdbcProperties'
2026-04-04T09:09:47.927-03:00 DEBUG 15076 --- [           main] o.s.b.f.s.DefaultListableBeanFactory     : Creating shared instance of singleton bean 'initData'
2026-04-04T09:09:47.927-03:00 DEBUG 15076 --- [           main] o.s.b.f.s.DefaultListableBeanFactory     : Autowiring by type from bean name 'initData' via factory method to bean named 'roleRepository'
2026-04-04T09:09:47.927-03:00 DEBUG 15076 --- [           main] o.s.b.f.s.DefaultListableBeanFactory     : Autowiring by type from bean name 'initData' via factory method to bean named 'userRepository'
2026-04-04T09:09:47.927-03:00 DEBUG 15076 --- [           main] o.s.b.f.s.DefaultListableBeanFactory     : Autowiring by type from bean name 'initData' via factory method to bean named 'passwordEncoder'
2026-04-04T09:09:47.929-03:00 DEBUG 15076 --- [           main] o.s.b.f.s.DefaultListableBeanFactory     : Creating shared instance of singleton bean 'securityFilterChain'
2026-04-04T09:09:47.930-03:00 DEBUG 15076 --- [           main] o.s.b.f.s.DefaultListableBeanFactory     : Creating shared instance of singleton bean 'org.springframework.security.config.annotation.web.configuration.HttpSecurityConfiguration'
2026-04-04T09:09:47.934-03:00 DEBUG 15076 --- [           main] o.s.b.f.s.DefaultListableBeanFactory     : Creating shared instance of singleton bean 'objectPostProcessor'
2026-04-04T09:09:47.935-03:00 DEBUG 15076 --- [           main] o.s.b.f.s.DefaultListableBeanFactory     : Creating shared instance of singleton bean 'org.springframework.security.config.annotation.configuration.ObjectPostProcessorConfiguration'
2026-04-04T09:09:47.936-03:00 DEBUG 15076 --- [           main] o.s.b.f.s.DefaultListableBeanFactory     : Autowiring by type from bean name 'objectPostProcessor' via factory method to bean named 'org.springframework.beans.factory.support.DefaultListableBeanFactory@3d7cc3cb'
2026-04-04T09:09:47.938-03:00 DEBUG 15076 --- [           main] o.s.b.f.s.DefaultListableBeanFactory     : Creating shared instance of singleton bean 'org.springframework.security.config.annotation.authentication.configuration.AuthenticationConfiguration'
2026-04-04T09:09:47.941-03:00 DEBUG 15076 --- [           main] o.s.b.f.s.DefaultListableBeanFactory     : Creating shared instance of singleton bean 'enableGlobalAuthenticationAutowiredConfigurer'
2026-04-04T09:09:47.942-03:00 DEBUG 15076 --- [           main] o.s.b.f.s.DefaultListableBeanFactory     : Autowiring by type from bean name 'enableGlobalAuthenticationAutowiredConfigurer' via factory method to bean named 'org.springframework.web.context.support.GenericWebApplicationContext@772485dd'
2026-04-04T09:09:47.943-03:00 DEBUG 15076 --- [           main] o.s.b.f.s.DefaultListableBeanFactory     : Creating shared instance of singleton bean 'initializeUserDetailsBeanManagerConfigurer'
2026-04-04T09:09:47.943-03:00 DEBUG 15076 --- [           main] o.s.b.f.s.DefaultListableBeanFactory     : Autowiring by type from bean name 'initializeUserDetailsBeanManagerConfigurer' via factory method to bean named 'org.springframework.web.context.support.GenericWebApplicationContext@772485dd'
2026-04-04T09:09:47.944-03:00 DEBUG 15076 --- [           main] o.s.b.f.s.DefaultListableBeanFactory     : Creating shared instance of singleton bean 'initializeAuthenticationProviderBeanManagerConfigurer'
2026-04-04T09:09:47.945-03:00 DEBUG 15076 --- [           main] o.s.b.f.s.DefaultListableBeanFactory     : Autowiring by type from bean name 'initializeAuthenticationProviderBeanManagerConfigurer' via factory method to bean named 'org.springframework.web.context.support.GenericWebApplicationContext@772485dd'
2026-04-04T09:09:47.947-03:00 DEBUG 15076 --- [           main] o.s.b.f.s.DefaultListableBeanFactory     : Creating shared instance of singleton bean 'mvcContentNegotiationManager'
2026-04-04T09:09:47.947-03:00 DEBUG 15076 --- [           main] o.s.b.f.s.DefaultListableBeanFactory     : Creating shared instance of singleton bean 'org.springframework.boot.autoconfigure.web.servlet.WebMvcAutoConfiguration$EnableWebMvcConfiguration'
2026-04-04T09:09:47.948-03:00 DEBUG 15076 --- [           main] o.s.b.f.s.DefaultListableBeanFactory     : Creating shared instance of singleton bean 'spring.mvc-org.springframework.boot.autoconfigure.web.servlet.WebMvcProperties'
2026-04-04T09:09:47.952-03:00 DEBUG 15076 --- [           main] o.s.b.f.s.DefaultListableBeanFactory     : Creating shared instance of singleton bean 'spring.web-org.springframework.boot.autoconfigure.web.WebProperties'
2026-04-04T09:09:47.955-03:00 DEBUG 15076 --- [           main] o.s.b.f.s.DefaultListableBeanFactory     : Autowiring by type from bean name 'org.springframework.boot.autoconfigure.web.servlet.WebMvcAutoConfiguration$EnableWebMvcConfiguration' via constructor to bean named 'spring.mvc-org.springframework.boot.autoconfigure.web.servlet.WebMvcProperties'
2026-04-04T09:09:47.955-03:00 DEBUG 15076 --- [           main] o.s.b.f.s.DefaultListableBeanFactory     : Autowiring by type from bean name 'org.springframework.boot.autoconfigure.web.servlet.WebMvcAutoConfiguration$EnableWebMvcConfiguration' via constructor to bean named 'spring.web-org.springframework.boot.autoconfigure.web.WebProperties'
2026-04-04T09:09:47.955-03:00 DEBUG 15076 --- [           main] o.s.b.f.s.DefaultListableBeanFactory     : Autowiring by type from bean name 'org.springframework.boot.autoconfigure.web.servlet.WebMvcAutoConfiguration$EnableWebMvcConfiguration' via constructor to bean named 'org.springframework.beans.factory.support.DefaultListableBeanFactory@3d7cc3cb'
2026-04-04T09:09:47.960-03:00 DEBUG 15076 --- [           main] o.s.b.f.s.DefaultListableBeanFactory     : Creating shared instance of singleton bean 'org.springframework.boot.autoconfigure.web.servlet.WebMvcAutoConfiguration$WebMvcAutoConfigurationAdapter'
2026-04-04T09:09:47.961-03:00 DEBUG 15076 --- [           main] o.s.b.f.s.DefaultListableBeanFactory     : Autowiring by type from bean name 'org.springframework.boot.autoconfigure.web.servlet.WebMvcAutoConfiguration$WebMvcAutoConfigurationAdapter' via constructor to bean named 'spring.web-org.springframework.boot.autoconfigure.web.WebProperties'
2026-04-04T09:09:47.962-03:00 DEBUG 15076 --- [           main] o.s.b.f.s.DefaultListableBeanFactory     : Autowiring by type from bean name 'org.springframework.boot.autoconfigure.web.servlet.WebMvcAutoConfiguration$WebMvcAutoConfigurationAdapter' via constructor to bean named 'spring.mvc-org.springframework.boot.autoconfigure.web.servlet.WebMvcProperties'
2026-04-04T09:09:47.962-03:00 DEBUG 15076 --- [           main] o.s.b.f.s.DefaultListableBeanFactory     : Autowiring by type from bean name 'org.springframework.boot.autoconfigure.web.servlet.WebMvcAutoConfiguration$WebMvcAutoConfigurationAdapter' via constructor to bean named 'org.springframework.beans.factory.support.DefaultListableBeanFactory@3d7cc3cb'
2026-04-04T09:09:47.964-03:00 DEBUG 15076 --- [           main] o.s.b.f.s.DefaultListableBeanFactory     : Creating shared instance of singleton bean 'swaggerWebMvcConfigurer'
2026-04-04T09:09:47.965-03:00 DEBUG 15076 --- [           main] o.s.b.f.s.DefaultListableBeanFactory     : Creating shared instance of singleton bean 'org.springdoc.webmvc.ui.SwaggerConfig'
2026-04-04T09:09:47.966-03:00 DEBUG 15076 --- [           main] o.s.b.f.s.DefaultListableBeanFactory     : Creating shared instance of singleton bean 'org.springdoc.core.properties.SwaggerUiConfigParameters'
2026-04-04T09:09:47.968-03:00 DEBUG 15076 --- [           main] o.s.b.f.s.DefaultListableBeanFactory     : Creating shared instance of singleton bean 'org.springdoc.core.properties.SwaggerUiConfigProperties'
2026-04-04T09:09:47.974-03:00 DEBUG 15076 --- [           main] o.s.b.f.s.DefaultListableBeanFactory     : Autowiring by type from bean name 'org.springdoc.core.properties.SwaggerUiConfigParameters' via constructor to bean named 'org.springdoc.core.properties.SwaggerUiConfigProperties'
2026-04-04T09:09:47.979-03:00 DEBUG 15076 --- [           main] o.s.b.f.s.DefaultListableBeanFactory     : Creating shared instance of singleton bean 'indexPageTransformer'
2026-04-04T09:09:47.979-03:00 DEBUG 15076 --- [           main] o.s.b.f.s.DefaultListableBeanFactory     : Creating shared instance of singleton bean 'org.springdoc.core.properties.SwaggerUiOAuthProperties'
2026-04-04T09:09:47.982-03:00 DEBUG 15076 --- [           main] o.s.b.f.s.DefaultListableBeanFactory     : Creating shared instance of singleton bean 'swaggerWelcome'
2026-04-04T09:09:47.983-03:00 DEBUG 15076 --- [           main] o.s.b.f.s.DefaultListableBeanFactory     : Creating shared instance of singleton bean 'org.springdoc.core.properties.SpringDocConfigProperties'
2026-04-04T09:09:47.990-03:00 DEBUG 15076 --- [           main] o.s.b.f.s.DefaultListableBeanFactory     : Creating shared instance of singleton bean 'springWebProvider'
2026-04-04T09:09:47.990-03:00 DEBUG 15076 --- [           main] o.s.b.f.s.DefaultListableBeanFactory     : Creating shared instance of singleton bean 'org.springdoc.webmvc.core.configuration.SpringDocWebMvcConfiguration'
2026-04-04T09:09:47.997-03:00 DEBUG 15076 --- [           main] o.s.b.f.s.DefaultListableBeanFactory     : Autowiring by type from bean name 'swaggerWelcome' via factory method to bean named 'org.springdoc.core.properties.SwaggerUiConfigProperties'
2026-04-04T09:09:47.997-03:00 DEBUG 15076 --- [           main] o.s.b.f.s.DefaultListableBeanFactory     : Autowiring by type from bean name 'swaggerWelcome' via factory method to bean named 'org.springdoc.core.properties.SpringDocConfigProperties'
2026-04-04T09:09:47.997-03:00 DEBUG 15076 --- [           main] o.s.b.f.s.DefaultListableBeanFactory     : Autowiring by type from bean name 'swaggerWelcome' via factory method to bean named 'org.springdoc.core.properties.SwaggerUiConfigParameters'
2026-04-04T09:09:47.997-03:00 DEBUG 15076 --- [           main] o.s.b.f.s.DefaultListableBeanFactory     : Autowiring by type from bean name 'swaggerWelcome' via factory method to bean named 'springWebProvider'
2026-04-04T09:09:48.024-03:00 DEBUG 15076 --- [           main] o.s.b.f.s.DefaultListableBeanFactory     : Creating shared instance of singleton bean 'springdocObjectMapperProvider'
2026-04-04T09:09:48.024-03:00 DEBUG 15076 --- [           main] o.s.b.f.s.DefaultListableBeanFactory     : Creating shared instance of singleton bean 'org.springdoc.core.configuration.SpringDocConfiguration'
2026-04-04T09:09:48.028-03:00 DEBUG 15076 --- [           main] o.s.b.f.s.DefaultListableBeanFactory     : Autowiring by type from bean name 'springdocObjectMapperProvider' via factory method to bean named 'org.springdoc.core.properties.SpringDocConfigProperties'
2026-04-04T09:09:48.057-03:00 DEBUG 15076 --- [           main] o.s.b.f.s.DefaultListableBeanFactory     : Autowiring by type from bean name 'indexPageTransformer' via factory method to bean named 'org.springdoc.core.properties.SwaggerUiConfigProperties'
2026-04-04T09:09:48.057-03:00 DEBUG 15076 --- [           main] o.s.b.f.s.DefaultListableBeanFactory     : Autowiring by type from bean name 'indexPageTransformer' via factory method to bean named 'org.springdoc.core.properties.SwaggerUiOAuthProperties'
2026-04-04T09:09:48.057-03:00 DEBUG 15076 --- [           main] o.s.b.f.s.DefaultListableBeanFactory     : Autowiring by type from bean name 'indexPageTransformer' via factory method to bean named 'org.springdoc.core.properties.SwaggerUiConfigParameters'
2026-04-04T09:09:48.057-03:00 DEBUG 15076 --- [           main] o.s.b.f.s.DefaultListableBeanFactory     : Autowiring by type from bean name 'indexPageTransformer' via factory method to bean named 'swaggerWelcome'
2026-04-04T09:09:48.057-03:00 DEBUG 15076 --- [           main] o.s.b.f.s.DefaultListableBeanFactory     : Autowiring by type from bean name 'indexPageTransformer' via factory method to bean named 'springdocObjectMapperProvider'
2026-04-04T09:09:48.062-03:00 DEBUG 15076 --- [           main] o.s.b.f.s.DefaultListableBeanFactory     : Creating shared instance of singleton bean 'swaggerResourceResolver'
2026-04-04T09:09:48.063-03:00 DEBUG 15076 --- [           main] o.s.b.f.s.DefaultListableBeanFactory     : Autowiring by type from bean name 'swaggerResourceResolver' via factory method to bean named 'org.springdoc.core.properties.SwaggerUiConfigProperties'
2026-04-04T09:09:48.064-03:00 DEBUG 15076 --- [           main] o.s.b.f.s.DefaultListableBeanFactory     : Autowiring by type from bean name 'swaggerWebMvcConfigurer' via factory method to bean named 'org.springdoc.core.properties.SwaggerUiConfigParameters'
2026-04-04T09:09:48.064-03:00 DEBUG 15076 --- [           main] o.s.b.f.s.DefaultListableBeanFactory     : Autowiring by type from bean name 'swaggerWebMvcConfigurer' via factory method to bean named 'indexPageTransformer'
2026-04-04T09:09:48.065-03:00 DEBUG 15076 --- [           main] o.s.b.f.s.DefaultListableBeanFactory     : Autowiring by type from bean name 'swaggerWebMvcConfigurer' via factory method to bean named 'swaggerResourceResolver'
2026-04-04T09:09:48.067-03:00 DEBUG 15076 --- [           main] o.s.b.f.s.DefaultListableBeanFactory     : Creating shared instance of singleton bean 'openEntityManagerInViewInterceptorConfigurer'
2026-04-04T09:09:48.067-03:00 DEBUG 15076 --- [           main] o.s.b.f.s.DefaultListableBeanFactory     : Creating shared instance of singleton bean 'org.springframework.boot.autoconfigure.orm.jpa.JpaBaseConfiguration$JpaWebConfiguration'
2026-04-04T09:09:48.068-03:00 DEBUG 15076 --- [           main] o.s.b.f.s.DefaultListableBeanFactory     : Autowiring by type from bean name 'org.springframework.boot.autoconfigure.orm.jpa.JpaBaseConfiguration$JpaWebConfiguration' via constructor to bean named 'spring.jpa-org.springframework.boot.autoconfigure.orm.jpa.JpaProperties'
2026-04-04T09:09:48.070-03:00 DEBUG 15076 --- [           main] o.s.b.f.s.DefaultListableBeanFactory     : Creating shared instance of singleton bean 'openEntityManagerInViewInterceptor'
2026-04-04T09:09:48.070-03:00  WARN 15076 --- [           main] JpaBaseConfiguration$JpaWebConfiguration : spring.jpa.open-in-view is enabled by default. Therefore, database queries may be performed during view rendering. Explicitly configure spring.jpa.open-in-view to disable this warning
2026-04-04T09:09:48.073-03:00 DEBUG 15076 --- [           main] o.s.b.f.s.DefaultListableBeanFactory     : Autowiring by type from bean name 'openEntityManagerInViewInterceptorConfigurer' via factory method to bean named 'openEntityManagerInViewInterceptor'
2026-04-04T09:09:48.074-03:00 DEBUG 15076 --- [           main] o.s.b.f.s.DefaultListableBeanFactory     : Creating shared instance of singleton bean 'org.springframework.data.web.config.SpringDataWebConfiguration'
2026-04-04T09:09:48.076-03:00 DEBUG 15076 --- [           main] o.s.b.f.s.DefaultListableBeanFactory     : Autowiring by type from bean name 'org.springframework.data.web.config.SpringDataWebConfiguration' via constructor to bean named 'org.springframework.web.context.support.GenericWebApplicationContext@772485dd'
2026-04-04T09:09:48.077-03:00 DEBUG 15076 --- [           main] o.s.b.f.s.DefaultListableBeanFactory     : Creating shared instance of singleton bean 'org.springframework.security.config.annotation.web.configuration.WebMvcSecurityConfiguration'
2026-04-04T09:09:48.098-03:00 DEBUG 15076 --- [           main] o.s.b.f.s.DefaultListableBeanFactory     : Creating shared instance of singleton bean 'authenticationManagerBuilder'
2026-04-04T09:09:48.098-03:00 DEBUG 15076 --- [           main] o.s.b.f.s.DefaultListableBeanFactory     : Autowiring by type from bean name 'authenticationManagerBuilder' via factory method to bean named 'objectPostProcessor'
2026-04-04T09:09:48.098-03:00 DEBUG 15076 --- [           main] o.s.b.f.s.DefaultListableBeanFactory     : Autowiring by type from bean name 'authenticationManagerBuilder' via factory method to bean named 'org.springframework.web.context.support.GenericWebApplicationContext@772485dd'
2026-04-04T09:09:48.099-03:00 DEBUG 15076 --- [           main] o.s.b.f.s.DefaultListableBeanFactory     : Creating shared instance of singleton bean 'authenticationEventPublisher'
2026-04-04T09:09:48.100-03:00 DEBUG 15076 --- [           main] o.s.b.f.s.DefaultListableBeanFactory     : Creating shared instance of singleton bean 'org.springframework.boot.autoconfigure.security.servlet.SecurityAutoConfiguration'
2026-04-04T09:09:48.101-03:00 DEBUG 15076 --- [           main] o.s.b.f.s.DefaultListableBeanFactory     : Autowiring by type from bean name 'authenticationEventPublisher' via factory method to bean named 'org.springframework.web.context.support.GenericWebApplicationContext@772485dd'
2026-04-04T09:09:48.110-03:00 DEBUG 15076 --- [           main] o.s.b.f.s.DefaultListableBeanFactory     : Creating shared instance of singleton bean 'org.springframework.boot.autoconfigure.security.servlet.SpringBootWebSecurityConfiguration$WebSecurityEnablerConfiguration'
2026-04-04T09:09:48.186-03:00 DEBUG 15076 --- [           main] o.s.b.f.s.DefaultListableBeanFactory     : Autowiring by type from bean name 'securityFilterChain' via factory method to bean named 'org.springframework.security.config.annotation.web.configuration.HttpSecurityConfiguration.httpSecurity'
2026-04-04T09:09:48.187-03:00 DEBUG 15076 --- [           main] o.s.b.f.s.DefaultListableBeanFactory     : Creating shared instance of singleton bean 'corsConfigurationSource'
2026-04-04T09:09:48.206-03:00 DEBUG 15076 --- [           main] o.s.b.f.s.DefaultListableBeanFactory     : Creating shared instance of singleton bean 'mvcHandlerMappingIntrospector'
2026-04-04T09:09:48.210-03:00 DEBUG 15076 --- [           main] o.s.b.f.s.DefaultListableBeanFactory     : Creating shared instance of singleton bean 'welcomePageHandlerMapping'
2026-04-04T09:09:48.211-03:00 DEBUG 15076 --- [           main] o.s.b.f.s.DefaultListableBeanFactory     : Creating shared instance of singleton bean 'mvcConversionService'
2026-04-04T09:09:48.221-03:00 DEBUG 15076 --- [           main] o.s.b.f.s.DefaultListableBeanFactory     : Creating shared instance of singleton bean 'mvcResourceUrlProvider'
2026-04-04T09:09:48.223-03:00 DEBUG 15076 --- [           main] o.s.b.f.s.DefaultListableBeanFactory     : Autowiring by type from bean name 'welcomePageHandlerMapping' via factory method to bean named 'org.springframework.web.context.support.GenericWebApplicationContext@772485dd'
2026-04-04T09:09:48.223-03:00 DEBUG 15076 --- [           main] o.s.b.f.s.DefaultListableBeanFactory     : Autowiring by type from bean name 'welcomePageHandlerMapping' via factory method to bean named 'mvcConversionService'
2026-04-04T09:09:48.223-03:00 DEBUG 15076 --- [           main] o.s.b.f.s.DefaultListableBeanFactory     : Autowiring by type from bean name 'welcomePageHandlerMapping' via factory method to bean named 'mvcResourceUrlProvider'
2026-04-04T09:09:48.240-03:00 DEBUG 15076 --- [           main] o.s.b.f.s.DefaultListableBeanFactory     : Creating shared instance of singleton bean 'welcomePageNotAcceptableHandlerMapping'
2026-04-04T09:09:48.241-03:00 DEBUG 15076 --- [           main] o.s.b.f.s.DefaultListableBeanFactory     : Autowiring by type from bean name 'welcomePageNotAcceptableHandlerMapping' via factory method to bean named 'org.springframework.web.context.support.GenericWebApplicationContext@772485dd'
2026-04-04T09:09:48.241-03:00 DEBUG 15076 --- [           main] o.s.b.f.s.DefaultListableBeanFactory     : Autowiring by type from bean name 'welcomePageNotAcceptableHandlerMapping' via factory method to bean named 'mvcConversionService'
2026-04-04T09:09:48.241-03:00 DEBUG 15076 --- [           main] o.s.b.f.s.DefaultListableBeanFactory     : Autowiring by type from bean name 'welcomePageNotAcceptableHandlerMapping' via factory method to bean named 'mvcResourceUrlProvider'
2026-04-04T09:09:48.247-03:00 DEBUG 15076 --- [           main] o.s.b.f.s.DefaultListableBeanFactory     : Creating shared instance of singleton bean 'requestMappingHandlerMapping'
2026-04-04T09:09:48.248-03:00 DEBUG 15076 --- [           main] o.s.b.f.s.DefaultListableBeanFactory     : Autowiring by type from bean name 'requestMappingHandlerMapping' via factory method to bean named 'mvcContentNegotiationManager'
2026-04-04T09:09:48.248-03:00 DEBUG 15076 --- [           main] o.s.b.f.s.DefaultListableBeanFactory     : Autowiring by type from bean name 'requestMappingHandlerMapping' via factory method to bean named 'mvcConversionService'
2026-04-04T09:09:48.248-03:00 DEBUG 15076 --- [           main] o.s.b.f.s.DefaultListableBeanFactory     : Autowiring by type from bean name 'requestMappingHandlerMapping' via factory method to bean named 'mvcResourceUrlProvider'
2026-04-04T09:09:48.316-03:00 DEBUG 15076 --- [           main] s.w.s.m.m.a.RequestMappingHandlerMapping : 28 mappings in 'requestMappingHandlerMapping'
2026-04-04T09:09:48.319-03:00 DEBUG 15076 --- [           main] o.s.b.f.s.DefaultListableBeanFactory     : Creating shared instance of singleton bean 'viewControllerHandlerMapping'
2026-04-04T09:09:48.320-03:00 DEBUG 15076 --- [           main] o.s.b.f.s.DefaultListableBeanFactory     : Autowiring by type from bean name 'viewControllerHandlerMapping' via factory method to bean named 'mvcConversionService'
2026-04-04T09:09:48.320-03:00 DEBUG 15076 --- [           main] o.s.b.f.s.DefaultListableBeanFactory     : Autowiring by type from bean name 'viewControllerHandlerMapping' via factory method to bean named 'mvcResourceUrlProvider'
2026-04-04T09:09:48.321-03:00 DEBUG 15076 --- [           main] o.s.b.f.s.DefaultListableBeanFactory     : Creating shared instance of singleton bean 'beanNameHandlerMapping'
2026-04-04T09:09:48.321-03:00 DEBUG 15076 --- [           main] o.s.b.f.s.DefaultListableBeanFactory     : Autowiring by type from bean name 'beanNameHandlerMapping' via factory method to bean named 'mvcConversionService'
2026-04-04T09:09:48.321-03:00 DEBUG 15076 --- [           main] o.s.b.f.s.DefaultListableBeanFactory     : Autowiring by type from bean name 'beanNameHandlerMapping' via factory method to bean named 'mvcResourceUrlProvider'
2026-04-04T09:09:48.325-03:00 DEBUG 15076 --- [           main] o.s.b.f.s.DefaultListableBeanFactory     : Creating shared instance of singleton bean 'routerFunctionMapping'
2026-04-04T09:09:48.326-03:00 DEBUG 15076 --- [           main] o.s.b.f.s.DefaultListableBeanFactory     : Autowiring by type from bean name 'routerFunctionMapping' via factory method to bean named 'mvcConversionService'
2026-04-04T09:09:48.326-03:00 DEBUG 15076 --- [           main] o.s.b.f.s.DefaultListableBeanFactory     : Autowiring by type from bean name 'routerFunctionMapping' via factory method to bean named 'mvcResourceUrlProvider'
2026-04-04T09:09:48.328-03:00 DEBUG 15076 --- [           main] o.s.b.f.s.DefaultListableBeanFactory     : Creating shared instance of singleton bean 'messageConverters'
2026-04-04T09:09:48.328-03:00 DEBUG 15076 --- [           main] o.s.b.f.s.DefaultListableBeanFactory     : Creating shared instance of singleton bean 'org.springframework.boot.autoconfigure.http.HttpMessageConvertersAutoConfiguration'
2026-04-04T09:09:48.332-03:00 DEBUG 15076 --- [           main] o.s.b.f.s.DefaultListableBeanFactory     : Creating shared instance of singleton bean 'stringHttpMessageConverter'
2026-04-04T09:09:48.332-03:00 DEBUG 15076 --- [           main] o.s.b.f.s.DefaultListableBeanFactory     : Creating shared instance of singleton bean 'org.springframework.boot.autoconfigure.http.HttpMessageConvertersAutoConfiguration$StringHttpMessageConverterConfiguration'
2026-04-04T09:09:48.334-03:00 DEBUG 15076 --- [           main] o.s.b.f.s.DefaultListableBeanFactory     : Autowiring by type from bean name 'stringHttpMessageConverter' via factory method to bean named 'environment'
2026-04-04T09:09:48.337-03:00 DEBUG 15076 --- [           main] o.s.b.f.s.DefaultListableBeanFactory     : Creating shared instance of singleton bean 'mappingJackson2HttpMessageConverter'
2026-04-04T09:09:48.338-03:00 DEBUG 15076 --- [           main] o.s.b.f.s.DefaultListableBeanFactory     : Creating shared instance of singleton bean 'org.springframework.boot.autoconfigure.http.JacksonHttpMessageConvertersConfiguration$MappingJackson2HttpMessageConverterConfiguration'
2026-04-04T09:09:48.339-03:00 DEBUG 15076 --- [           main] o.s.b.f.s.DefaultListableBeanFactory     : Creating shared instance of singleton bean 'jacksonObjectMapper'
2026-04-04T09:09:48.339-03:00 DEBUG 15076 --- [           main] o.s.b.f.s.DefaultListableBeanFactory     : Creating shared instance of singleton bean 'org.springframework.boot.autoconfigure.jackson.JacksonAutoConfiguration$JacksonObjectMapperConfiguration'
2026-04-04T09:09:48.340-03:00 DEBUG 15076 --- [           main] o.s.b.f.s.DefaultListableBeanFactory     : Creating shared instance of singleton bean 'org.springframework.boot.autoconfigure.jackson.JacksonAutoConfiguration$JacksonObjectMapperBuilderConfiguration'
2026-04-04T09:09:48.341-03:00 DEBUG 15076 --- [           main] o.s.b.f.s.DefaultListableBeanFactory     : Creating shared instance of singleton bean 'standardJacksonObjectMapperBuilderCustomizer'
2026-04-04T09:09:48.341-03:00 DEBUG 15076 --- [           main] o.s.b.f.s.DefaultListableBeanFactory     : Creating shared instance of singleton bean 'org.springframework.boot.autoconfigure.jackson.JacksonAutoConfiguration$Jackson2ObjectMapperBuilderCustomizerConfiguration'
2026-04-04T09:09:48.342-03:00 DEBUG 15076 --- [           main] o.s.b.f.s.DefaultListableBeanFactory     : Creating shared instance of singleton bean 'spring.jackson-org.springframework.boot.autoconfigure.jackson.JacksonProperties'
2026-04-04T09:09:48.344-03:00 DEBUG 15076 --- [           main] o.s.b.f.s.DefaultListableBeanFactory     : Autowiring by type from bean name 'standardJacksonObjectMapperBuilderCustomizer' via factory method to bean named 'spring.jackson-org.springframework.boot.autoconfigure.jackson.JacksonProperties'
2026-04-04T09:09:48.347-03:00 DEBUG 15076 --- [           main] o.s.b.f.s.DefaultListableBeanFactory     : Creating shared instance of singleton bean 'parameterNamesModule'
2026-04-04T09:09:48.347-03:00 DEBUG 15076 --- [           main] o.s.b.f.s.DefaultListableBeanFactory     : Creating shared instance of singleton bean 'org.springframework.boot.autoconfigure.jackson.JacksonAutoConfiguration$ParameterNamesModuleConfiguration'
2026-04-04T09:09:48.351-03:00 DEBUG 15076 --- [           main] o.s.b.f.s.DefaultListableBeanFactory     : Creating shared instance of singleton bean 'jsonMixinModule'
2026-04-04T09:09:48.352-03:00 DEBUG 15076 --- [           main] o.s.b.f.s.DefaultListableBeanFactory     : Creating shared instance of singleton bean 'org.springframework.boot.autoconfigure.jackson.JacksonAutoConfiguration$JacksonMixinConfiguration'
2026-04-04T09:09:48.353-03:00 DEBUG 15076 --- [           main] o.s.b.f.s.DefaultListableBeanFactory     : Creating shared instance of singleton bean 'jsonMixinModuleEntries'
2026-04-04T09:09:48.353-03:00 DEBUG 15076 --- [           main] o.s.b.f.s.DefaultListableBeanFactory     : Autowiring by type from bean name 'jsonMixinModuleEntries' via factory method to bean named 'org.springframework.web.context.support.GenericWebApplicationContext@772485dd'
2026-04-04T09:09:48.362-03:00 DEBUG 15076 --- [           main] o.s.b.f.s.DefaultListableBeanFactory     : Autowiring by type from bean name 'jsonMixinModule' via factory method to bean named 'org.springframework.web.context.support.GenericWebApplicationContext@772485dd'
2026-04-04T09:09:48.362-03:00 DEBUG 15076 --- [           main] o.s.b.f.s.DefaultListableBeanFactory     : Autowiring by type from bean name 'jsonMixinModule' via factory method to bean named 'jsonMixinModuleEntries'
2026-04-04T09:09:48.364-03:00 DEBUG 15076 --- [           main] o.s.b.f.s.DefaultListableBeanFactory     : Creating shared instance of singleton bean 'jsonComponentModule'
2026-04-04T09:09:48.364-03:00 DEBUG 15076 --- [           main] o.s.b.f.s.DefaultListableBeanFactory     : Creating shared instance of singleton bean 'org.springframework.boot.autoconfigure.jackson.JacksonAutoConfiguration'
2026-04-04T09:09:48.368-03:00 DEBUG 15076 --- [           main] o.s.b.f.s.DefaultListableBeanFactory     : Creating shared instance of singleton bean 'jacksonGeoModule'
2026-04-04T09:09:48.368-03:00 DEBUG 15076 --- [           main] o.s.b.f.s.DefaultListableBeanFactory     : Creating shared instance of singleton bean 'org.springframework.data.web.config.SpringDataJacksonConfiguration'
2026-04-04T09:09:48.372-03:00 DEBUG 15076 --- [           main] o.s.b.f.s.DefaultListableBeanFactory     : Creating shared instance of singleton bean 'pageModule'
2026-04-04T09:09:48.374-03:00 DEBUG 15076 --- [           main] o.s.b.f.s.DefaultListableBeanFactory     : Autowiring by type from bean name 'jacksonObjectMapperBuilder' via factory method to bean named 'org.springframework.web.context.support.GenericWebApplicationContext@772485dd'
2026-04-04T09:09:48.375-03:00 DEBUG 15076 --- [           main] o.s.b.f.s.DefaultListableBeanFactory     : Autowiring by type from bean name 'jacksonObjectMapperBuilder' via factory method to bean named 'standardJacksonObjectMapperBuilderCustomizer'
2026-04-04T09:09:48.377-03:00 DEBUG 15076 --- [           main] o.s.b.f.s.DefaultListableBeanFactory     : Autowiring by type from bean name 'jacksonObjectMapper' via factory method to bean named 'jacksonObjectMapperBuilder'
2026-04-04T09:09:48.392-03:00 DEBUG 15076 --- [           main] o.s.b.f.s.DefaultListableBeanFactory     : Autowiring by type from bean name 'mappingJackson2HttpMessageConverter' via factory method to bean named 'jacksonObjectMapper'
2026-04-04T09:09:48.429-03:00 DEBUG 15076 --- [           main] o.s.b.f.s.DefaultListableBeanFactory     : Creating shared instance of singleton bean 'resourceHandlerMapping'
2026-04-04T09:09:48.430-03:00 DEBUG 15076 --- [           main] o.s.b.f.s.DefaultListableBeanFactory     : Autowiring by type from bean name 'resourceHandlerMapping' via factory method to bean named 'mvcContentNegotiationManager'
2026-04-04T09:09:48.430-03:00 DEBUG 15076 --- [           main] o.s.b.f.s.DefaultListableBeanFactory     : Autowiring by type from bean name 'resourceHandlerMapping' via factory method to bean named 'mvcConversionService'
[...]
2026-04-04T09:09:49.870-03:00 DEBUG 15076 --- [           main] o.s.w.s.m.m.a.HttpEntityMethodProcessor  : Using 'text/plain', given [*/*] and supported [text/plain, */*, application/json, application/*+json]
2026-04-04T09:09:49.870-03:00 DEBUG 15076 --- [           main] o.s.w.s.m.m.a.HttpEntityMethodProcessor  : Writing ["Error interno"]
2026-04-04T09:09:49.870-03:00 DEBUG 15076 --- [           main] .m.m.a.ExceptionHandlerExceptionResolver : Resolved [java.lang.IllegalArgumentException: Name for argument of type [java.lang.Long] not specified, and parameter name information not available via reflection. Ensure that the compiler uses the '-parameters' flag.]
2026-04-04T09:09:49.870-03:00 DEBUG 15076 --- [           main] o.j.s.OpenEntityManagerInViewInterceptor : Closing JPA EntityManager in OpenEntityManagerInViewInterceptor
2026-04-04T09:09:49.870-03:00 DEBUG 15076 --- [           main] o.s.t.web.servlet.TestDispatcherServlet  : Completed 500 INTERNAL_SERVER_ERROR
2026-04-04T09:09:49.871-03:00 DEBUG 15076 --- [           main] org.springframework.test.context.cache   : Spring test ApplicationContext cache statistics: [DefaultContextCache@47b7bcb6 size = 1, maxSize = 32, parentContextCount = 0, hitCount = 33, missCount = 1, failureCount = 0]
2026-04-04T09:09:49.871-03:00 DEBUG 15076 --- [           main] org.springframework.test.context.cache   : Spring test ApplicationContext cache statistics: [DefaultContextCache@47b7bcb6 size = 1, maxSize = 32, parentContextCount = 0, hitCount = 34, missCount = 1, failureCount = 0]
2026-04-04T09:09:49.871-03:00 DEBUG 15076 --- [           main] org.springframework.test.context.cache   : Spring test ApplicationContext cache statistics: [DefaultContextCache@47b7bcb6 size = 1, maxSize = 32, parentContextCount = 0, hitCount = 35, missCount = 1, failureCount = 0]

MockHttpServletRequest:
      HTTP Method = PATCH
      Request URI = /abm/simulaciones/editar
       Parameters = {id=[1]}
          Headers = [Content-Type:"application/json", Content-Length:"92"]
             Body = <no character encoding set>
    Session Attrs = {}

Handler:
             Type = com.mycompany.mavenproject4.controller.dev.SimulacionController
           Method = com.mycompany.mavenproject4.controller.dev.SimulacionController#editarParcial(Long, SimulacionRequestDTO)

Async:
    Async started = false
     Async result = null

Resolved Exception:
             Type = java.lang.IllegalArgumentException

ModelAndView:
        View name = null
             View = null
            Model = null

FlashMap:
       Attributes = null

MockHttpServletResponse:
           Status = 500
    Error message = null
          Headers = [Content-Type:"text/plain;charset=UTF-8", Content-Length:"13"]
     Content type = text/plain;charset=UTF-8
             Body = Error interno
    Forwarded URL = null
   Redirected URL = null
          Cookies = []
2026-04-04T09:09:49.871-03:00 DEBUG 15076 --- [           main] org.springframework.test.context.cache   : Spring test ApplicationContext cache statistics: [DefaultContextCache@47b7bcb6 size = 1, maxSize = 32, parentContextCount = 0, hitCount = 36, missCount = 1, failureCount = 0]
2026-04-04T09:09:49.871-03:00 DEBUG 15076 --- [           main] org.springframework.test.context.cache   : Spring test ApplicationContext cache statistics: [DefaultContextCache@47b7bcb6 size = 1, maxSize = 32, parentContextCount = 0, hitCount = 37, missCount = 1, failureCount = 0]
2026-04-04T09:09:49.872-03:00 DEBUG 15076 --- [           main] org.springframework.test.context.cache   : Spring test ApplicationContext cache statistics: [DefaultContextCache@47b7bcb6 size = 1, maxSize = 32, parentContextCount = 0, hitCount = 38, missCount = 1, failureCount = 0]
2026-04-04T09:09:49.873-03:00 DEBUG 15076 --- [           main] .c.s.DirtiesContextTestExecutionListener : After test method: class [SimulacionControllerTest], method [testEditarParcial], class annotated with @DirtiesContext [false] with mode [null], method annotated with @DirtiesContext [false] with mode [null]
2026-04-04T09:09:49.873-03:00 DEBUG 15076 --- [           main] o.s.t.c.w.ServletTestExecutionListener   : Resetting RequestContextHolder for test class com.mycompany.mavenproject4.controller.SimulacionControllerTest
]]></system-out>
  </testcase>
  <testcase name="testEliminar" classname="com.mycompany.mavenproject4.controller.SimulacionControllerTest" time="0.005">
    <failure message="Status expected:&lt;200&gt; but was:&lt;500&gt;" type="java.lang.AssertionError"><![CDATA[java.lang.AssertionError: Status expected:<200> but was:<500>
	at org.springframework.test.util.AssertionErrors.fail(AssertionErrors.java:59)
	at org.springframework.test.util.AssertionErrors.assertEquals(AssertionErrors.java:122)
	at org.springframework.test.web.servlet.result.StatusResultMatchers.lambda$matcher$9(StatusResultMatchers.java:637)
	at org.springframework.test.web.servlet.MockMvc$1.andExpect(MockMvc.java:214)
	at com.mycompany.mavenproject4.controller.SimulacionControllerTest.testEliminar(SimulacionControllerTest.java:81)
	at java.base/java.lang.reflect.Method.invoke(Method.java:577)
	at java.base/java.util.ArrayList.forEach(ArrayList.java:1511)
	at java.base/java.util.ArrayList.forEach(ArrayList.java:1511)
]]></failure>
    <system-out><![CDATA[2026-04-04T09:09:49.874-03:00 DEBUG 15076 --- [           main] org.springframework.test.context.cache   : Spring test ApplicationContext cache statistics: [DefaultContextCache@47b7bcb6 size = 1, maxSize = 32, parentContextCount = 0, hitCount = 39, missCount = 1, failureCount = 0]
2026-04-04T09:09:49.874-03:00 DEBUG 15076 --- [           main] o.s.t.c.w.ServletTestExecutionListener   : Setting up MockHttpServletRequest, MockHttpServletResponse, ServletWebRequest, and RequestContextHolder for test class com.mycompany.mavenproject4.controller.SimulacionControllerTest
2026-04-04T09:09:49.874-03:00 DEBUG 15076 --- [           main] org.springframework.test.context.cache   : Spring test ApplicationContext cache statistics: [DefaultContextCache@47b7bcb6 size = 1, maxSize = 32, parentContextCount = 0, hitCount = 40, missCount = 1, failureCount = 0]
2026-04-04T09:09:49.874-03:00 DEBUG 15076 --- [           main] DependencyInjectionTestExecutionListener : Performing dependency injection for test class com.mycompany.mavenproject4.controller.SimulacionControllerTest
2026-04-04T09:09:49.874-03:00 DEBUG 15076 --- [           main] org.springframework.test.context.cache   : Spring test ApplicationContext cache statistics: [DefaultContextCache@47b7bcb6 size = 1, maxSize = 32, parentContextCount = 0, hitCount = 41, missCount = 1, failureCount = 0]
2026-04-04T09:09:49.874-03:00 DEBUG 15076 --- [           main] org.springframework.test.context.cache   : Spring test ApplicationContext cache statistics: [DefaultContextCache@47b7bcb6 size = 1, maxSize = 32, parentContextCount = 0, hitCount = 42, missCount = 1, failureCount = 0]
2026-04-04T09:09:49.875-03:00 DEBUG 15076 --- [           main] sContextBeforeModesTestExecutionListener : Before test method: class [SimulacionControllerTest], method [testEliminar], class annotated with @DirtiesContext [false] with mode [null], method annotated with @DirtiesContext [false] with mode [null]
2026-04-04T09:09:49.876-03:00 DEBUG 15076 --- [           main] org.springframework.test.context.cache   : Spring test ApplicationContext cache statistics: [DefaultContextCache@47b7bcb6 size = 1, maxSize = 32, parentContextCount = 0, hitCount = 43, missCount = 1, failureCount = 0]
2026-04-04T09:09:49.876-03:00 DEBUG 15076 --- [           main] org.springframework.test.context.cache   : Spring test ApplicationContext cache statistics: [DefaultContextCache@47b7bcb6 size = 1, maxSize = 32, parentContextCount = 0, hitCount = 44, missCount = 1, failureCount = 0]
2026-04-04T09:09:49.877-03:00 DEBUG 15076 --- [           main] org.springframework.test.context.cache   : Spring test ApplicationContext cache statistics: [DefaultContextCache@47b7bcb6 size = 1, maxSize = 32, parentContextCount = 0, hitCount = 45, missCount = 1, failureCount = 0]
2026-04-04T09:09:49.877-03:00 DEBUG 15076 --- [           main] o.s.t.web.servlet.TestDispatcherServlet  : DELETE "/abm/simulaciones/eliminar", parameters={masked}
2026-04-04T09:09:49.877-03:00 DEBUG 15076 --- [           main] s.w.s.m.m.a.RequestMappingHandlerMapping : Mapped to com.mycompany.mavenproject4.controller.dev.SimulacionController#eliminar(Long)
2026-04-04T09:09:49.877-03:00 DEBUG 15076 --- [           main] o.j.s.OpenEntityManagerInViewInterceptor : Opening JPA EntityManager in OpenEntityManagerInViewInterceptor
2026-04-04T09:09:49.878-03:00 DEBUG 15076 --- [           main] o.s.web.method.HandlerMethod             : Could not resolve parameter [0] in public org.springframework.http.ResponseEntity<?> com.mycompany.mavenproject4.controller.dev.SimulacionController.eliminar(java.lang.Long): Name for argument of type [java.lang.Long] not specified, and parameter name information not available via reflection. Ensure that the compiler uses the '-parameters' flag.
2026-04-04T09:09:49.878-03:00 DEBUG 15076 --- [           main] .m.m.a.ExceptionHandlerExceptionResolver : Using @ExceptionHandler com.mycompany.mavenproject4.exception.GlobalExceptionHandler#handleGeneral(Exception)
2026-04-04T09:09:49.878-03:00 DEBUG 15076 --- [           main] o.s.w.s.m.m.a.HttpEntityMethodProcessor  : Using 'text/plain', given [*/*] and supported [text/plain, */*, application/json, application/*+json]
2026-04-04T09:09:49.878-03:00 DEBUG 15076 --- [           main] o.s.w.s.m.m.a.HttpEntityMethodProcessor  : Writing ["Error interno"]
2026-04-04T09:09:49.878-03:00 DEBUG 15076 --- [           main] .m.m.a.ExceptionHandlerExceptionResolver : Resolved [java.lang.IllegalArgumentException: Name for argument of type [java.lang.Long] not specified, and parameter name information not available via reflection. Ensure that the compiler uses the '-parameters' flag.]
2026-04-04T09:09:49.878-03:00 DEBUG 15076 --- [           main] o.j.s.OpenEntityManagerInViewInterceptor : Closing JPA EntityManager in OpenEntityManagerInViewInterceptor
2026-04-04T09:09:49.878-03:00 DEBUG 15076 --- [           main] o.s.t.web.servlet.TestDispatcherServlet  : Completed 500 INTERNAL_SERVER_ERROR
2026-04-04T09:09:49.879-03:00 DEBUG 15076 --- [           main] org.springframework.test.context.cache   : Spring test ApplicationContext cache statistics: [DefaultContextCache@47b7bcb6 size = 1, maxSize = 32, parentContextCount = 0, hitCount = 46, missCount = 1, failureCount = 0]
2026-04-04T09:09:49.879-03:00 DEBUG 15076 --- [           main] org.springframework.test.context.cache   : Spring test ApplicationContext cache statistics: [DefaultContextCache@47b7bcb6 size = 1, maxSize = 32, parentContextCount = 0, hitCount = 47, missCount = 1, failureCount = 0]
2026-04-04T09:09:49.879-03:00 DEBUG 15076 --- [           main] org.springframework.test.context.cache   : Spring test ApplicationContext cache statistics: [DefaultContextCache@47b7bcb6 size = 1, maxSize = 32, parentContextCount = 0, hitCount = 48, missCount = 1, failureCount = 0]

MockHttpServletRequest:
      HTTP Method = DELETE
      Request URI = /abm/simulaciones/eliminar
       Parameters = {id=[1]}
          Headers = []
             Body = <no character encoding set>
    Session Attrs = {}

Handler:
             Type = com.mycompany.mavenproject4.controller.dev.SimulacionController
           Method = com.mycompany.mavenproject4.controller.dev.SimulacionController#eliminar(Long)

Async:
    Async started = false
     Async result = null

Resolved Exception:
             Type = java.lang.IllegalArgumentException

ModelAndView:
        View name = null
             View = null
            Model = null

FlashMap:
       Attributes = null

MockHttpServletResponse:
           Status = 500
    Error message = null
          Headers = [Content-Type:"text/plain;charset=UTF-8", Content-Length:"13"]
     Content type = text/plain;charset=UTF-8
             Body = Error interno
    Forwarded URL = null
   Redirected URL = null
          Cookies = []
2026-04-04T09:09:49.879-03:00 DEBUG 15076 --- [           main] org.springframework.test.context.cache   : Spring test ApplicationContext cache statistics: [DefaultContextCache@47b7bcb6 size = 1, maxSize = 32, parentContextCount = 0, hitCount = 49, missCount = 1, failureCount = 0]
2026-04-04T09:09:49.879-03:00 DEBUG 15076 --- [           main] org.springframework.test.context.cache   : Spring test ApplicationContext cache statistics: [DefaultContextCache@47b7bcb6 size = 1, maxSize = 32, parentContextCount = 0, hitCount = 50, missCount = 1, failureCount = 0]
2026-04-04T09:09:49.880-03:00 DEBUG 15076 --- [           main] org.springframework.test.context.cache   : Spring test ApplicationContext cache statistics: [DefaultContextCache@47b7bcb6 size = 1, maxSize = 32, parentContextCount = 0, hitCount = 51, missCount = 1, failureCount = 0]
2026-04-04T09:09:49.880-03:00 DEBUG 15076 --- [           main] .c.s.DirtiesContextTestExecutionListener : After test method: class [SimulacionControllerTest], method [testEliminar], class annotated with @DirtiesContext [false] with mode [null], method annotated with @DirtiesContext [false] with mode [null]
2026-04-04T09:09:49.880-03:00 DEBUG 15076 --- [           main] o.s.t.c.w.ServletTestExecutionListener   : Resetting RequestContextHolder for test class com.mycompany.mavenproject4.controller.SimulacionControllerTest
]]></system-out>
  </testcase>
  <testcase name="testListar" classname="com.mycompany.mavenproject4.controller.SimulacionControllerTest" time="0.007">
    <system-out><![CDATA[2026-04-04T09:09:49.881-03:00 DEBUG 15076 --- [           main] org.springframework.test.context.cache   : Spring test ApplicationContext cache statistics: [DefaultContextCache@47b7bcb6 size = 1, maxSize = 32, parentContextCount = 0, hitCount = 52, missCount = 1, failureCount = 0]
2026-04-04T09:09:49.881-03:00 DEBUG 15076 --- [           main] o.s.t.c.w.ServletTestExecutionListener   : Setting up MockHttpServletRequest, MockHttpServletResponse, ServletWebRequest, and RequestContextHolder for test class com.mycompany.mavenproject4.controller.SimulacionControllerTest
2026-04-04T09:09:49.881-03:00 DEBUG 15076 --- [           main] org.springframework.test.context.cache   : Spring test ApplicationContext cache statistics: [DefaultContextCache@47b7bcb6 size = 1, maxSize = 32, parentContextCount = 0, hitCount = 53, missCount = 1, failureCount = 0]
2026-04-04T09:09:49.881-03:00 DEBUG 15076 --- [           main] DependencyInjectionTestExecutionListener : Performing dependency injection for test class com.mycompany.mavenproject4.controller.SimulacionControllerTest
2026-04-04T09:09:49.881-03:00 DEBUG 15076 --- [           main] org.springframework.test.context.cache   : Spring test ApplicationContext cache statistics: [DefaultContextCache@47b7bcb6 size = 1, maxSize = 32, parentContextCount = 0, hitCount = 54, missCount = 1, failureCount = 0]
2026-04-04T09:09:49.881-03:00 DEBUG 15076 --- [           main] org.springframework.test.context.cache   : Spring test ApplicationContext cache statistics: [DefaultContextCache@47b7bcb6 size = 1, maxSize = 32, parentContextCount = 0, hitCount = 55, missCount = 1, failureCount = 0]
2026-04-04T09:09:49.882-03:00 DEBUG 15076 --- [           main] sContextBeforeModesTestExecutionListener : Before test method: class [SimulacionControllerTest], method [testListar], class annotated with @DirtiesContext [false] with mode [null], method annotated with @DirtiesContext [false] with mode [null]
2026-04-04T09:09:49.882-03:00 DEBUG 15076 --- [           main] org.springframework.test.context.cache   : Spring test ApplicationContext cache statistics: [DefaultContextCache@47b7bcb6 size = 1, maxSize = 32, parentContextCount = 0, hitCount = 56, missCount = 1, failureCount = 0]
2026-04-04T09:09:49.883-03:00 DEBUG 15076 --- [           main] org.springframework.test.context.cache   : Spring test ApplicationContext cache statistics: [DefaultContextCache@47b7bcb6 size = 1, maxSize = 32, parentContextCount = 0, hitCount = 57, missCount = 1, failureCount = 0]
2026-04-04T09:09:49.884-03:00 DEBUG 15076 --- [           main] org.springframework.test.context.cache   : Spring test ApplicationContext cache statistics: [DefaultContextCache@47b7bcb6 size = 1, maxSize = 32, parentContextCount = 0, hitCount = 58, missCount = 1, failureCount = 0]
2026-04-04T09:09:49.884-03:00 DEBUG 15076 --- [           main] o.s.t.web.servlet.TestDispatcherServlet  : GET "/abm/simulaciones/listar", parameters={}
2026-04-04T09:09:49.884-03:00 DEBUG 15076 --- [           main] s.w.s.m.m.a.RequestMappingHandlerMapping : Mapped to com.mycompany.mavenproject4.controller.dev.SimulacionController#listar()
2026-04-04T09:09:49.884-03:00 DEBUG 15076 --- [           main] o.j.s.OpenEntityManagerInViewInterceptor : Opening JPA EntityManager in OpenEntityManagerInViewInterceptor
2026-04-04T09:09:49.886-03:00 DEBUG 15076 --- [           main] m.m.a.RequestResponseBodyMethodProcessor : Using 'application/json', given [*/*] and supported [application/json, application/*+json]
2026-04-04T09:09:49.887-03:00 DEBUG 15076 --- [           main] m.m.a.RequestResponseBodyMethodProcessor : Writing [[]]
2026-04-04T09:09:49.887-03:00 DEBUG 15076 --- [           main] o.j.s.OpenEntityManagerInViewInterceptor : Closing JPA EntityManager in OpenEntityManagerInViewInterceptor
2026-04-04T09:09:49.887-03:00 DEBUG 15076 --- [           main] o.s.t.web.servlet.TestDispatcherServlet  : Completed 200 OK
2026-04-04T09:09:49.888-03:00 DEBUG 15076 --- [           main] org.springframework.test.context.cache   : Spring test ApplicationContext cache statistics: [DefaultContextCache@47b7bcb6 size = 1, maxSize = 32, parentContextCount = 0, hitCount = 59, missCount = 1, failureCount = 0]
2026-04-04T09:09:49.888-03:00 DEBUG 15076 --- [           main] org.springframework.test.context.cache   : Spring test ApplicationContext cache statistics: [DefaultContextCache@47b7bcb6 size = 1, maxSize = 32, parentContextCount = 0, hitCount = 60, missCount = 1, failureCount = 0]
2026-04-04T09:09:49.888-03:00 DEBUG 15076 --- [           main] org.springframework.test.context.cache   : Spring test ApplicationContext cache statistics: [DefaultContextCache@47b7bcb6 size = 1, maxSize = 32, parentContextCount = 0, hitCount = 61, missCount = 1, failureCount = 0]
2026-04-04T09:09:49.888-03:00 DEBUG 15076 --- [           main] org.springframework.test.context.cache   : Spring test ApplicationContext cache statistics: [DefaultContextCache@47b7bcb6 size = 1, maxSize = 32, parentContextCount = 0, hitCount = 62, missCount = 1, failureCount = 0]
2026-04-04T09:09:49.888-03:00 DEBUG 15076 --- [           main] org.springframework.test.context.cache   : Spring test ApplicationContext cache statistics: [DefaultContextCache@47b7bcb6 size = 1, maxSize = 32, parentContextCount = 0, hitCount = 63, missCount = 1, failureCount = 0]
2026-04-04T09:09:49.889-03:00 DEBUG 15076 --- [           main] org.springframework.test.context.cache   : Spring test ApplicationContext cache statistics: [DefaultContextCache@47b7bcb6 size = 1, maxSize = 32, parentContextCount = 0, hitCount = 64, missCount = 1, failureCount = 0]
2026-04-04T09:09:49.889-03:00 DEBUG 15076 --- [           main] .c.s.DirtiesContextTestExecutionListener : After test method: class [SimulacionControllerTest], method [testListar], class annotated with @DirtiesContext [false] with mode [null], method annotated with @DirtiesContext [false] with mode [null]
2026-04-04T09:09:49.889-03:00 DEBUG 15076 --- [           main] o.s.t.c.w.ServletTestExecutionListener   : Resetting RequestContextHolder for test class com.mycompany.mavenproject4.controller.SimulacionControllerTest
]]></system-out>
  </testcase>
</testsuite>