<?xml version="1.0" encoding="UTF-8"?>
<testsuite xmlns:xsi="http://www.w3.org/2001/XMLSchema-instance" xsi:noNamespaceSchemaLocation="https://maven.apache.org/surefire/maven-surefire-plugin/xsd/surefire-test-report-3.0.xsd" version="3.0" name="com.mycompany.mavenproject4.integration.SimulacionIntegrationTest" time="1.038" tests="1" errors="1" skipped="0" failures="0">
  <properties>
[...]
</properties>
  <testcase name="flujoCompleto_simulacion" classname="com.mycompany.mavenproject4.integration.SimulacionIntegrationTest" time="0.025">
    <error message="not-null property references a null or transient value : com.mycompany.mavenproject4.entidades.User.apellido" type="org.hibernate.PropertyValueException"><![CDATA[org.hibernate.PropertyValueException: not-null property references a null or transient value : com.mycompany.mavenproject4.entidades.User.apellido
	at org.hibernate.engine.internal.Nullability.checkNullability(Nullability.java:109)
	at org.hibernate.engine.internal.Nullability.checkNullability(Nullability.java:54)
	at org.hibernate.action.internal.AbstractEntityInsertAction.nullifyTransientReferencesIfNotAlready(AbstractEntityInsertAction.java:124)
	at org.hibernate.action.internal.EntityIdentityInsertAction.execute(EntityIdentityInsertAction.java:69)
	at org.hibernate.engine.spi.ActionQueue.execute(ActionQueue.java:670)
	at org.hibernate.engine.spi.ActionQueue.addResolvedEntityInsertAction(ActionQueue.java:291)
	at org.hibernate.engine.spi.ActionQueue.addInsertAction(ActionQueue.java:272)
	at org.hibernate.engine.spi.ActionQueue.addAction(ActionQueue.java:322)
	at org.hibernate.event.internal.AbstractSaveEventListener.addInsertAction(AbstractSaveEventListener.java:386)
	at org.hibernate.event.internal.AbstractSaveEventListener.performSaveOrReplicate(AbstractSaveEventListener.java:300)
	at org.hibernate.event.internal.AbstractSaveEventListener.performSave(AbstractSaveEventListener.java:219)
	at org.hibernate.event.internal.AbstractSaveEventListener.saveWithGeneratedId(AbstractSaveEventListener.java:134)
	at org.hibernate.event.internal.DefaultPersistEventListener.entityIsTransient(DefaultPersistEventListener.java:175)
	at org.hibernate.event.internal.DefaultPersistEventListener.persist(DefaultPersistEventListener.java:93)
	at org.hibernate.event.internal.DefaultPersistEventListener.onPersist(DefaultPersistEventListener.java:77)
	at org.hibernate.event.internal.DefaultPersistEventListener.onPersist(DefaultPersistEventListener.java:54)
	at org.hibernate.event.service.internal.EventListenerGroupImpl.fireEventOnEachListener(EventListenerGroupImpl.java:127)
	at org.hibernate.internal.SessionImpl.firePersist(SessionImpl.java:754)
	at org.hibernate.internal.SessionImpl.persist(SessionImpl.java:738)
	at java.base/jdk.internal.reflect.DirectMethodHandleAccessor.invoke(DirectMethodHandleAccessor.java:104)
	at java.base/java.lang.reflect.Method.invoke(Method.java:577)
	at org.springframework.orm.jpa.SharedEntityManagerCreator$SharedEntityManagerInvocationHandler.invoke(SharedEntityManagerCreator.java:319)
	at jdk.proxy2/jdk.proxy2.$Proxy172.persist(Unknown Source)
	at com.mycompany.mavenproject4.integration.SimulacionIntegrationTest.crearUsuario(SimulacionIntegrationTest.java:47)
	at com.mycompany.mavenproject4.integration.SimulacionIntegrationTest.flujoCompleto_simulacion(SimulacionIntegrationTest.java:57)
	at java.base/java.lang.reflect.Method.invoke(Method.java:577)
	at java.base/java.util.ArrayList.forEach(ArrayList.java:1511)
	at java.base/java.util.ArrayList.forEach(ArrayList.java:1511)
]]></error>
    <system-out><![CDATA[2026-04-04T09:09:49.895-03:00 DEBUG 15076 --- [           main] .b.t.c.SpringBootTestContextBootstrapper : Neither @ContextConfiguration nor @ContextHierarchy found for test class [SimulacionIntegrationTest]: using SpringBootContextLoader
2026-04-04T09:09:49.896-03:00 DEBUG 15076 --- [           main] o.s.t.c.support.AbstractContextLoader    : Could not detect default resource locations for test class [com.mycompany.mavenproject4.integration.SimulacionIntegrationTest]: no resource found for suffixes {-context.xml, Context.groovy}.
2026-04-04T09:09:49.896-03:00  INFO 15076 --- [           main] t.c.s.AnnotationConfigContextLoaderUtils : Could not detect default configuration classes for test class [com.mycompany.mavenproject4.integration.SimulacionIntegrationTest]: SimulacionIntegrationTest does not declare any static, non-private, non-final, nested classes annotated with @Configuration.
2026-04-04T09:09:49.897-03:00 DEBUG 15076 --- [           main] .b.t.c.SpringBootTestContextBootstrapper : Using ContextCustomizerFactory implementations for test class [SimulacionIntegrationTest]: [ImportsContextCustomizerFactory, ExcludeFilterContextCustomizerFactory, HttpGraphQlTesterContextCustomizerFactory, DuplicateJsonObjectContextCustomizerFactory, MockitoContextCustomizerFactory, TestRestTemplateContextCustomizerFactory, WebTestClientContextCustomizerFactory, OverrideAutoConfigurationContextCustomizerFactory, ObservabilityContextCustomizerFactory, TypeExcludeFiltersContextCustomizerFactory, PropertyMappingContextCustomizerFactory, WebDriverContextCustomizerFactory, MockServerContainerContextCustomizerFactory, DynamicPropertiesContextCustomizerFactory]
2026-04-04T09:09:49.900-03:00 DEBUG 15076 --- [           main] .b.t.c.SpringBootTestContextBootstrapper : Using ContextCustomizers for test class [SimulacionIntegrationTest]: [ImportsContextCustomizer, ExcludeFilterContextCustomizer, DuplicateJsonObjectContextCustomizer, MockitoContextCustomizer, TestRestTemplateContextCustomizer, DisableObservabilityContextCustomizer, PropertyMappingContextCustomizer, WebDriverContextCustomizer]
2026-04-04T09:09:49.910-03:00 DEBUG 15076 --- [           main] ssPathScanningCandidateComponentProvider : Identified candidate component class: file [C:\Users\Usuario\Downloads\Desktop\Avances Back ENd\AvancesBackEnd\target\classes\com\mycompany\mavenproject4\Mavenproject4.class]
2026-04-04T09:09:49.911-03:00  INFO 15076 --- [           main] .b.t.c.SpringBootTestContextBootstrapper : Found @SpringBootConfiguration com.mycompany.mavenproject4.Mavenproject4 for test class com.mycompany.mavenproject4.integration.SimulacionIntegrationTest
2026-04-04T09:09:49.914-03:00 DEBUG 15076 --- [           main] .s.t.c.u.TestContextSpringFactoriesUtils : Skipping candidate TestExecutionListener [org.springframework.test.context.observation.MicrometerObservationRegistryTestExecutionListener] due to a missing dependency. Specify custom TestExecutionListener classes or make the default TestExecutionListener classes and their required dependencies available. Offending class: io.micrometer.context.ThreadLocalAccessor. MicrometerObservationRegistryTestExecutionListener requires io.micrometer:micrometer-observation:1.10.8 or higher and io.micrometer:context-propagation:1.0.3 or higher.
2026-04-04T09:09:49.915-03:00 DEBUG 15076 --- [           main] .b.t.c.SpringBootTestContextBootstrapper : Using TestExecutionListeners for test class [SimulacionIntegrationTest]: [ServletTestExecutionListener, DirtiesContextBeforeModesTestExecutionListener, ApplicationEventsTestExecutionListener, MockitoTestExecutionListener, DependencyInjectionTestExecutionListener, DirtiesContextTestExecutionListener, TransactionalTestExecutionListener, SqlScriptsTestExecutionListener, EventPublishingTestExecutionListener, ResetMocksTestExecutionListener, RestDocsTestExecutionListener, MockRestServiceServerResetTestExecutionListener, MockMvcPrintOnlyOnFailureTestExecutionListener, WebDriverTestExecutionListener, MockWebServiceServerTestExecutionListener]
2026-04-04T09:09:49.915-03:00 DEBUG 15076 --- [           main] sContextBeforeModesTestExecutionListener : Before test class: class [SimulacionIntegrationTest], class annotated with @DirtiesContext [false] with mode [null]
2026-04-04T09:09:49.943-03:00 DEBUG 15076 --- [           main] .s.b.w.s.c.ApplicationServletEnvironment : Activating profiles []

  .   ____          _            __ _ _
 /\\ / ___'_ __ _ _(_)_ __  __ _ \ \ \ \
( ( )\___ | '_ | '_| | '_ \/ _` | \ \ \ \
 \\/  ___)| |_)| | | | | || (_| |  ) ) ) )
  '  |____| .__|_| |_|_| |_\__, | / / / /
 =========|_|==============|___/=/_/_/_/
 :: Spring Boot ::                (v3.2.5)

2026-04-04T09:09:49.949-03:00  INFO 15076 --- [           main] c.m.m.i.SimulacionIntegrationTest        : Starting SimulacionIntegrationTest using Java 18 with PID 15076 (started by Usuario in C:\Users\Usuario\Downloads\Desktop\Avances Back ENd\AvancesBackEnd)
2026-04-04T09:09:49.950-03:00  INFO 15076 --- [           main] c.m.m.i.SimulacionIntegrationTest        : No active profile set, falling back to 1 default profile: "default"
2026-04-04T09:09:49.950-03:00 DEBUG 15076 --- [           main] o.s.boot.SpringApplication               : Loading source class com.mycompany.mavenproject4.Mavenproject4
2026-04-04T09:09:49.952-03:00 DEBUG 15076 --- [           main] o.s.w.c.s.GenericWebApplicationContext   : Refreshing org.springframework.web.context.support.GenericWebApplicationContext@398857f8
2026-04-04T09:09:49.953-03:00 DEBUG 15076 --- [           main] o.s.b.f.s.DefaultListableBeanFactory     : Creating shared instance of singleton bean 'org.springframework.context.annotation.internalConfigurationAnnotationProcessor'
2026-04-04T09:09:49.953-03:00 DEBUG 15076 --- [           main] o.s.b.f.s.DefaultListableBeanFactory     : Creating shared instance of singleton bean 'org.springframework.boot.autoconfigure.internalCachingMetadataReaderFactory'
2026-04-04T09:09:49.969-03:00 DEBUG 15076 --- [           main] o.s.c.a.ClassPathBeanDefinitionScanner   : Identified candidate component class: file [C:\Users\Usuario\Downloads\Desktop\Avances Back ENd\AvancesBackEnd\target\classes\com\mycompany\mavenproject4\config\DataSeeder.class]
2026-04-04T09:09:49.970-03:00 DEBUG 15076 --- [           main] o.s.c.a.ClassPathBeanDefinitionScanner   : Identified candidate component class: file [C:\Users\Usuario\Downloads\Desktop\Avances Back ENd\AvancesBackEnd\target\classes\com\mycompany\mavenproject4\controller\dev\CrearPlaneta.class]
2026-04-04T09:09:49.970-03:00 DEBUG 15076 --- [           main] o.s.c.a.ClassPathBeanDefinitionScanner   : Identified candidate component class: file [C:\Users\Usuario\Downloads\Desktop\Avances Back ENd\AvancesBackEnd\target\classes\com\mycompany\mavenproject4\controller\dev\CrearUsuario.class]
2026-04-04T09:09:49.971-03:00 DEBUG 15076 --- [           main] o.s.c.a.ClassPathBeanDefinitionScanner   : Identified candidate component class: file [C:\Users\Usuario\Downloads\Desktop\Avances Back ENd\AvancesBackEnd\target\classes\com\mycompany\mavenproject4\controller\dev\EditUser.class]
2026-04-04T09:09:49.971-03:00 DEBUG 15076 --- [           main] o.s.c.a.ClassPathBeanDefinitionScanner   : Identified candidate component class: file [C:\Users\Usuario\Downloads\Desktop\Avances Back ENd\AvancesBackEnd\target\classes\com\mycompany\mavenproject4\controller\dev\EliminarPlaneta.class]
2026-04-04T09:09:49.972-03:00 DEBUG 15076 --- [           main] o.s.c.a.ClassPathBeanDefinitionScanner   : Identified candidate component class: file [C:\Users\Usuario\Downloads\Desktop\Avances Back ENd\AvancesBackEnd\target\classes\com\mycompany\mavenproject4\controller\dev\EliminarUsuario.class]
2026-04-04T09:09:49.972-03:00 DEBUG 15076 --- [           main] o.s.c.a.ClassPathBeanDefinitionScanner   : Identified candidate component class: file [C:\Users\Usuario\Downloads\Desktop\Avances Back ENd\AvancesBackEnd\target\classes\com\mycompany\mavenproject4\controller\dev\FotoController.class]
2026-04-04T09:09:49.973-03:00 DEBUG 15076 --- [           main] o.s.c.a.ClassPathBeanDefinitionScanner   : Identified candidate component class: file [C:\Users\Usuario\Downloads\Desktop\Avances Back ENd\AvancesBackEnd\target\classes\com\mycompany\mavenproject4\controller\dev\HelloController.class]
2026-04-04T09:09:49.974-03:00 DEBUG 15076 --- [           main] o.s.c.a.ClassPathBeanDefinitionScanner   : Identified candidate component class: file [C:\Users\Usuario\Downloads\Desktop\Avances Back ENd\AvancesBackEnd\target\classes\com\mycompany\mavenproject4\controller\dev\SimulacionController.class]
2026-04-04T09:09:49.974-03:00 DEBUG 15076 --- [           main] o.s.c.a.ClassPathBeanDefinitionScanner   : Identified candidate component class: file [C:\Users\Usuario\Downloads\Desktop\Avances Back ENd\AvancesBackEnd\target\classes\com\mycompany\mavenproject4\controller\dev\TodosLosPlanetas.class]
2026-04-04T09:09:49.975-03:00 DEBUG 15076 --- [           main] o.s.c.a.ClassPathBeanDefinitionScanner   : Identified candidate component class: file [C:\Users\Usuario\Downloads\Desktop\Avances Back ENd\AvancesBackEnd\target\classes\com\mycompany\mavenproject4\controller\dev\TodosLosPlanetasEdit.class]
2026-04-04T09:09:49.975-03:00 DEBUG 15076 --- [           main] o.s.c.a.ClassPathBeanDefinitionScanner   : Identified candidate component class: file [C:\Users\Usuario\Downloads\Desktop\Avances Back ENd\AvancesBackEnd\target\classes\com\mycompany\mavenproject4\controller\dev\TodosLosRoles.class]
2026-04-04T09:09:49.976-03:00 DEBUG 15076 --- [           main] o.s.c.a.ClassPathBeanDefinitionScanner   : Identified candidate component class: file [C:\Users\Usuario\Downloads\Desktop\Avances Back ENd\AvancesBackEnd\target\classes\com\mycompany\mavenproject4\controller\dev\TodosLosUsuarios.class]
2026-04-04T09:09:49.976-03:00 DEBUG 15076 --- [           main] o.s.c.a.ClassPathBeanDefinitionScanner   : Identified candidate component class: file [C:\Users\Usuario\Downloads\Desktop\Avances Back ENd\AvancesBackEnd\target\classes\com\mycompany\mavenproject4\controller\dev\TodosLosUsuariosEdit.class]
2026-04-04T09:09:49.976-03:00 DEBUG 15076 --- [           main] o.s.c.a.ClassPathBeanDefinitionScanner   : Identified candidate component class: file [C:\Users\Usuario\Downloads\Desktop\Avances Back ENd\AvancesBackEnd\target\classes\com\mycompany\mavenproject4\controller\ok\AuthController.class]
2026-04-04T09:09:49.982-03:00 DEBUG 15076 --- [           main] o.s.c.a.ClassPathBeanDefinitionScanner   : Identified candidate component class: file [C:\Users\Usuario\Downloads\Desktop\Avances Back ENd\AvancesBackEnd\target\classes\com\mycompany\mavenproject4\exception\GlobalExceptionHandler.class]
2026-04-04T09:09:49.983-03:00 DEBUG 15076 --- [           main] o.s.c.a.ClassPathBeanDefinitionScanner   : Ignored because not a concrete top-level class: file [C:\Users\Usuario\Downloads\Desktop\Avances Back ENd\AvancesBackEnd\target\classes\com\mycompany\mavenproject4\repository\FotoRepository.class]
2026-04-04T09:09:49.985-03:00 DEBUG 15076 --- [           main] o.s.c.a.ClassPathBeanDefinitionScanner   : Ignored because not a concrete top-level class: file [C:\Users\Usuario\Downloads\Desktop\Avances Back ENd\AvancesBackEnd\target\classes\com\mycompany\mavenproject4\repository\UserRepository.class]
2026-04-04T09:09:49.986-03:00 DEBUG 15076 --- [           main] o.s.c.a.ClassPathBeanDefinitionScanner   : Identified candidate component class: file [C:\Users\Usuario\Downloads\Desktop\Avances Back ENd\AvancesBackEnd\target\classes\com\mycompany\mavenproject4\security\CustomerUserDetailsService.class]
2026-04-04T09:09:49.987-03:00 DEBUG 15076 --- [           main] o.s.c.a.ClassPathBeanDefinitionScanner   : Identified candidate component class: file [C:\Users\Usuario\Downloads\Desktop\Avances Back ENd\AvancesBackEnd\target\classes\com\mycompany\mavenproject4\security\JwtAuthenticationFilter.class]
2026-04-04T09:09:49.987-03:00 DEBUG 15076 --- [           main] o.s.c.a.ClassPathBeanDefinitionScanner   : Identified candidate component class: file [C:\Users\Usuario\Downloads\Desktop\Avances Back ENd\AvancesBackEnd\target\classes\com\mycompany\mavenproject4\security\JwtUtil.class]
2026-04-04T09:09:49.987-03:00 DEBUG 15076 --- [           main] o.s.c.a.ClassPathBeanDefinitionScanner   : Identified candidate component class: file [C:\Users\Usuario\Downloads\Desktop\Avances Back ENd\AvancesBackEnd\target\classes\com\mycompany\mavenproject4\security\SecurityConfig.class]
2026-04-04T09:09:49.988-03:00 DEBUG 15076 --- [           main] o.s.c.a.ClassPathBeanDefinitionScanner   : Identified candidate component class: file [C:\Users\Usuario\Downloads\Desktop\Avances Back ENd\AvancesBackEnd\target\classes\com\mycompany\mavenproject4\security\SecurityConfigBeans.class]
2026-04-04T09:09:49.988-03:00 DEBUG 15076 --- [           main] o.s.c.a.ClassPathBeanDefinitionScanner   : Identified candidate component class: file [C:\Users\Usuario\Downloads\Desktop\Avances Back ENd\AvancesBackEnd\target\classes\com\mycompany\mavenproject4\servicios\AuthService.class]
2026-04-04T09:09:49.989-03:00 DEBUG 15076 --- [           main] o.s.c.a.ClassPathBeanDefinitionScanner   : Identified candidate component class: file [C:\Users\Usuario\Downloads\Desktop\Avances Back ENd\AvancesBackEnd\target\classes\com\mycompany\mavenproject4\servicios\FotoService.class]
2026-04-04T09:09:49.989-03:00 DEBUG 15076 --- [           main] o.s.c.a.ClassPathBeanDefinitionScanner   : Identified candidate component class: file [C:\Users\Usuario\Downloads\Desktop\Avances Back ENd\AvancesBackEnd\target\classes\com\mycompany\mavenproject4\servicios\SimulacionService.class]
2026-04-04T09:09:49.990-03:00 DEBUG 15076 --- [           main] o.s.c.a.ClassPathBeanDefinitionScanner   : Identified candidate component class: file [C:\Users\Usuario\Downloads\Desktop\Avances Back ENd\AvancesBackEnd\target\classes\com\mycompany\mavenproject4\servicios\UserService.class]
2026-04-04T09:09:49.990-03:00 DEBUG 15076 --- [           main] o.s.c.a.ClassPathBeanDefinitionScanner   : Identified candidate component class: file [C:\Users\Usuario\Downloads\Desktop\Avances Back ENd\AvancesBackEnd\target\classes\com\mycompany\mavenproject4\TestDBConnectionJava.class]
2026-04-04T09:09:50.221-03:00  INFO 15076 --- [           main] .s.d.r.c.RepositoryConfigurationDelegate : Multiple Spring Data modules found, entering strict repository configuration mode
2026-04-04T09:09:50.222-03:00  INFO 15076 --- [           main] .s.d.r.c.RepositoryConfigurationDelegate : Bootstrapping Spring Data JDBC repositories in DEFAULT mode.
2026-04-04T09:09:50.222-03:00 DEBUG 15076 --- [           main] o.s.b.f.s.DefaultListableBeanFactory     : Creating shared instance of singleton bean 'org.springframework.boot.autoconfigure.AutoConfigurationPackages'
2026-04-04T09:09:50.222-03:00 DEBUG 15076 --- [           main] o.s.b.a.AutoConfigurationPackages        : @EnableAutoConfiguration was declared on a class in the package 'com.mycompany.mavenproject4'. Automatic @Repository and @Entity scanning is enabled.
2026-04-04T09:09:50.222-03:00 DEBUG 15076 --- [           main] .s.d.r.c.RepositoryConfigurationDelegate : Scanning for JDBC repositories in packages com.mycompany.mavenproject4.
2026-04-04T09:09:50.226-03:00 DEBUG 15076 --- [           main] o.s.d.r.c.RepositoryComponentProvider    : Identified candidate component class: file [C:\Users\Usuario\Downloads\Desktop\Avances Back ENd\AvancesBackEnd\target\classes\com\mycompany\mavenproject4\repository\FotoRepository.class]
2026-04-04T09:09:50.227-03:00 DEBUG 15076 --- [           main] o.s.d.r.c.RepositoryComponentProvider    : Identified candidate component class: file [C:\Users\Usuario\Downloads\Desktop\Avances Back ENd\AvancesBackEnd\target\classes\com\mycompany\mavenproject4\repository\PlanetaRepository.class]
2026-04-04T09:09:50.227-03:00 DEBUG 15076 --- [           main] o.s.d.r.c.RepositoryComponentProvider    : Identified candidate component class: file [C:\Users\Usuario\Downloads\Desktop\Avances Back ENd\AvancesBackEnd\target\classes\com\mycompany\mavenproject4\repository\RoleRepository.class]
2026-04-04T09:09:50.227-03:00 DEBUG 15076 --- [           main] o.s.d.r.c.RepositoryComponentProvider    : Identified candidate component class: file [C:\Users\Usuario\Downloads\Desktop\Avances Back ENd\AvancesBackEnd\target\classes\com\mycompany\mavenproject4\repository\SimulacionRepository.class]
2026-04-04T09:09:50.227-03:00 DEBUG 15076 --- [           main] o.s.d.r.c.RepositoryComponentProvider    : Identified candidate component class: file [C:\Users\Usuario\Downloads\Desktop\Avances Back ENd\AvancesBackEnd\target\classes\com\mycompany\mavenproject4\repository\UserRepository.class]
2026-04-04T09:09:50.229-03:00  INFO 15076 --- [           main] .RepositoryConfigurationExtensionSupport : Spring Data JDBC - Could not safely identify store assignment for repository candidate interface com.mycompany.mavenproject4.repository.FotoRepository; If you want this repository to be a JDBC repository, consider annotating your entities with one of these annotations: org.springframework.data.relational.core.mapping.Table.
2026-04-04T09:09:50.229-03:00  INFO 15076 --- [           main] .RepositoryConfigurationExtensionSupport : Spring Data JDBC - Could not safely identify store assignment for repository candidate interface com.mycompany.mavenproject4.repository.PlanetaRepository; If you want this repository to be a JDBC repository, consider annotating your entities with one of these annotations: org.springframework.data.relational.core.mapping.Table.
2026-04-04T09:09:50.229-03:00  INFO 15076 --- [           main] .RepositoryConfigurationExtensionSupport : Spring Data JDBC - Could not safely identify store assignment for repository candidate interface com.mycompany.mavenproject4.repository.RoleRepository; If you want this repository to be a JDBC repository, consider annotating your entities with one of these annotations: org.springframework.data.relational.core.mapping.Table.
2026-04-04T09:09:50.229-03:00  INFO 15076 --- [           main] .RepositoryConfigurationExtensionSupport : Spring Data JDBC - Could not safely identify store assignment for repository candidate interface com.mycompany.mavenproject4.repository.SimulacionRepository; If you want this repository to be a JDBC repository, consider annotating your entities with one of these annotations: org.springframework.data.relational.core.mapping.Table.
2026-04-04T09:09:50.229-03:00  INFO 15076 --- [           main] .RepositoryConfigurationExtensionSupport : Spring Data JDBC - Could not safely identify store assignment for repository candidate interface com.mycompany.mavenproject4.repository.UserRepository; If you want this repository to be a JDBC repository, consider annotating your entities with one of these annotations: org.springframework.data.relational.core.mapping.Table.
2026-04-04T09:09:50.230-03:00  INFO 15076 --- [           main] .s.d.r.c.RepositoryConfigurationDelegate : Finished Spring Data repository scanning in 7 ms. Found 0 JDBC repository interfaces.
2026-04-04T09:09:50.233-03:00  INFO 15076 --- [           main] .s.d.r.c.RepositoryConfigurationDelegate : Multiple Spring Data modules found, entering strict repository configuration mode
2026-04-04T09:09:50.233-03:00  INFO 15076 --- [           main] .s.d.r.c.RepositoryConfigurationDelegate : Bootstrapping Spring Data JPA repositories in DEFAULT mode.
2026-04-04T09:09:50.233-03:00 DEBUG 15076 --- [           main] .s.d.r.c.RepositoryConfigurationDelegate : Scanning for JPA repositories in packages com.mycompany.mavenproject4.
2026-04-04T09:09:50.237-03:00 DEBUG 15076 --- [           main] o.s.d.r.c.RepositoryComponentProvider    : Identified candidate component class: file [C:\Users\Usuario\Downloads\Desktop\Avances Back ENd\AvancesBackEnd\target\classes\com\mycompany\mavenproject4\repository\FotoRepository.class]
2026-04-04T09:09:50.237-03:00 DEBUG 15076 --- [           main] o.s.d.r.c.RepositoryComponentProvider    : Identified candidate component class: file [C:\Users\Usuario\Downloads\Desktop\Avances Back ENd\AvancesBackEnd\target\classes\com\mycompany\mavenproject4\repository\PlanetaRepository.class]
2026-04-04T09:09:50.237-03:00 DEBUG 15076 --- [           main] o.s.d.r.c.RepositoryComponentProvider    : Identified candidate component class: file [C:\Users\Usuario\Downloads\Desktop\Avances Back ENd\AvancesBackEnd\target\classes\com\mycompany\mavenproject4\repository\RoleRepository.class]
2026-04-04T09:09:50.237-03:00 DEBUG 15076 --- [           main] o.s.d.r.c.RepositoryComponentProvider    : Identified candidate component class: file [C:\Users\Usuario\Downloads\Desktop\Avances Back ENd\AvancesBackEnd\target\classes\com\mycompany\mavenproject4\repository\SimulacionRepository.class]
2026-04-04T09:09:50.237-03:00 DEBUG 15076 --- [           main] o.s.d.r.c.RepositoryComponentProvider    : Identified candidate component class: file [C:\Users\Usuario\Downloads\Desktop\Avances Back ENd\AvancesBackEnd\target\classes\com\mycompany\mavenproject4\repository\UserRepository.class]
2026-04-04T09:09:50.251-03:00  INFO 15076 --- [           main] .s.d.r.c.RepositoryConfigurationDelegate : Finished Spring Data repository scanning in 17 ms. Found 5 JPA repository interfaces.
2026-04-04T09:09:50.285-03:00 DEBUG 15076 --- [           main] o.s.b.f.s.DefaultListableBeanFactory     : Creating shared instance of singleton bean 'org.springframework.boot.test.context.ImportsContextCustomizer$ImportsCleanupPostProcessor'
2026-04-04T09:09:50.286-03:00 DEBUG 15076 --- [           main] o.s.b.f.s.DefaultListableBeanFactory     : Creating shared instance of singleton bean 'springSecurityHandlerMappingIntrospectorBeanDefinitionRegistryPostProcessor'
2026-04-04T09:09:50.290-03:00 DEBUG 15076 --- [           main] o.s.b.f.s.DefaultListableBeanFactory     : Creating shared instance of singleton bean 'propertySourcesPlaceholderConfigurer'
2026-04-04T09:09:50.291-03:00 DEBUG 15076 --- [           main] o.s.b.f.s.DefaultListableBeanFactory     : Creating shared instance of singleton bean 'org.springframework.boot.test.mock.mockito.MockitoPostProcessor'
2026-04-04T09:09:50.292-03:00 DEBUG 15076 --- [           main] o.s.b.f.s.DefaultListableBeanFactory     : Creating shared instance of singleton bean 'org.springframework.boot.sql.init.dependency.DatabaseInitializationDependencyConfigurer$DependsOnDatabaseInitializationPostProcessor'
2026-04-04T09:09:50.292-03:00 DEBUG 15076 --- [           main] o.s.b.f.s.DefaultListableBeanFactory     : Creating shared instance of singleton bean 'emBeanDefinitionRegistrarPostProcessor'
2026-04-04T09:09:50.303-03:00 DEBUG 15076 --- [           main] o.s.b.f.s.DefaultListableBeanFactory     : Creating shared instance of singleton bean 'org.springframework.context.event.internalEventListenerProcessor'
2026-04-04T09:09:50.303-03:00 DEBUG 15076 --- [           main] o.s.b.f.s.DefaultListableBeanFactory     : Creating shared instance of singleton bean 'preserveErrorControllerTargetClassPostProcessor'
2026-04-04T09:09:50.304-03:00 DEBUG 15076 --- [           main] o.s.b.f.s.DefaultListableBeanFactory     : Creating shared instance of singleton bean 'conversionServicePostProcessor'
2026-04-04T09:09:50.304-03:00 DEBUG 15076 --- [           main] o.s.b.f.s.DefaultListableBeanFactory     : Creating shared instance of singleton bean 'org.springframework.context.event.internalEventListenerFactory'
2026-04-04T09:09:50.304-03:00 DEBUG 15076 --- [           main] o.s.b.f.s.DefaultListableBeanFactory     : Creating shared instance of singleton bean 'org.springframework.transaction.config.internalTransactionalEventListenerFactory'
2026-04-04T09:09:50.306-03:00 DEBUG 15076 --- [           main] o.s.b.f.s.DefaultListableBeanFactory     : Creating shared instance of singleton bean 'org.springframework.context.annotation.internalAutowiredAnnotationProcessor'
2026-04-04T09:09:50.306-03:00 DEBUG 15076 --- [           main] o.s.b.f.s.DefaultListableBeanFactory     : Creating shared instance of singleton bean 'org.springframework.context.annotation.internalCommonAnnotationProcessor'
2026-04-04T09:09:50.307-03:00 DEBUG 15076 --- [           main] o.s.b.f.s.DefaultListableBeanFactory     : Creating shared instance of singleton bean 'org.springframework.context.annotation.internalPersistenceAnnotationProcessor'
2026-04-04T09:09:50.307-03:00 DEBUG 15076 --- [           main] o.s.b.f.s.DefaultListableBeanFactory     : Creating shared instance of singleton bean 'org.springframework.boot.test.mock.mockito.MockitoPostProcessor$SpyPostProcessor'
2026-04-04T09:09:50.307-03:00 DEBUG 15076 --- [           main] o.s.b.f.s.DefaultListableBeanFactory     : Creating shared instance of singleton bean 'org.springframework.boot.context.properties.ConfigurationPropertiesBindingPostProcessor'
2026-04-04T09:09:50.307-03:00 DEBUG 15076 --- [           main] o.s.b.f.s.DefaultListableBeanFactory     : Creating shared instance of singleton bean 'org.springframework.boot.context.internalConfigurationPropertiesBinder'
2026-04-04T09:09:50.307-03:00 DEBUG 15076 --- [           main] o.s.b.f.s.DefaultListableBeanFactory     : Creating shared instance of singleton bean 'jdbcConnectionDetailsHikariBeanPostProcessor'
2026-04-04T09:09:50.308-03:00 DEBUG 15076 --- [           main] o.s.b.f.s.DefaultListableBeanFactory     : Creating shared instance of singleton bean 'org.springframework.aop.config.internalAutoProxyCreator'
2026-04-04T09:09:50.309-03:00 DEBUG 15076 --- [           main] o.s.b.f.s.DefaultListableBeanFactory     : Creating shared instance of singleton bean 'persistenceExceptionTranslationPostProcessor'
2026-04-04T09:09:50.312-03:00 DEBUG 15076 --- [           main] o.s.b.f.s.DefaultListableBeanFactory     : Autowiring by type from bean name 'persistenceExceptionTranslationPostProcessor' via factory method to bean named 'environment'
2026-04-04T09:09:50.312-03:00 DEBUG 15076 --- [           main] o.s.b.f.s.DefaultListableBeanFactory     : Creating shared instance of singleton bean 'webServerFactoryCustomizerBeanPostProcessor'
2026-04-04T09:09:50.313-03:00 DEBUG 15076 --- [           main] o.s.b.f.s.DefaultListableBeanFactory     : Creating shared instance of singleton bean 'errorPageRegistrarBeanPostProcessor'
2026-04-04T09:09:50.313-03:00 DEBUG 15076 --- [           main] o.s.b.f.s.DefaultListableBeanFactory     : Creating shared instance of singleton bean 'projectingArgumentResolverBeanPostProcessor'
2026-04-04T09:09:50.313-03:00 DEBUG 15076 --- [           main] o.s.b.f.s.DefaultListableBeanFactory     : Creating shared instance of singleton bean 'org.springframework.transaction.config.internalTransactionAdvisor'
2026-04-04T09:09:50.313-03:00 DEBUG 15076 --- [           main] o.s.b.f.s.DefaultListableBeanFactory     : Creating shared instance of singleton bean 'org.springframework.transaction.annotation.ProxyTransactionManagementConfiguration'
2026-04-04T09:09:50.317-03:00 DEBUG 15076 --- [           main] o.s.b.f.s.DefaultListableBeanFactory     : Creating shared instance of singleton bean 'transactionAttributeSource'
2026-04-04T09:09:50.318-03:00 DEBUG 15076 --- [           main] o.s.b.f.s.DefaultListableBeanFactory     : Creating shared instance of singleton bean 'transactionInterceptor'
2026-04-04T09:09:50.318-03:00 DEBUG 15076 --- [           main] o.s.b.f.s.DefaultListableBeanFactory     : Autowiring by type from bean name 'transactionInterceptor' via factory method to bean named 'transactionAttributeSource'
2026-04-04T09:09:50.318-03:00 DEBUG 15076 --- [           main] o.s.b.f.s.DefaultListableBeanFactory     : Autowiring by type from bean name 'org.springframework.transaction.config.internalTransactionAdvisor' via factory method to bean named 'transactionAttributeSource'
2026-04-04T09:09:50.318-03:00 DEBUG 15076 --- [           main] o.s.b.f.s.DefaultListableBeanFactory     : Autowiring by type from bean name 'org.springframework.transaction.config.internalTransactionAdvisor' via factory method to bean named 'transactionInterceptor'
2026-04-04T09:09:50.319-03:00 DEBUG 15076 --- [           main] o.s.u.c.s.UiApplicationContextUtils      : Unable to locate ThemeSource with name 'themeSource': using default [org.springframework.ui.context.support.ResourceBundleThemeSource@7dd43529]
2026-04-04T09:09:50.319-03:00 DEBUG 15076 --- [           main] o.s.b.f.s.DefaultListableBeanFactory     : Creating shared instance of singleton bean 'dataSourceScriptDatabaseInitializer'
2026-04-04T09:09:50.319-03:00 DEBUG 15076 --- [           main] o.s.b.f.s.DefaultListableBeanFactory     : Creating shared instance of singleton bean 'org.springframework.boot.autoconfigure.sql.init.DataSourceInitializationConfiguration'
2026-04-04T09:09:50.320-03:00 DEBUG 15076 --- [           main] o.s.b.f.s.DefaultListableBeanFactory     : Creating shared instance of singleton bean 'dataSource'
2026-04-04T09:09:50.320-03:00 DEBUG 15076 --- [           main] o.s.b.f.s.DefaultListableBeanFactory     : Creating shared instance of singleton bean 'org.springframework.boot.autoconfigure.jdbc.DataSourceConfiguration$Hikari'
2026-04-04T09:09:50.321-03:00 DEBUG 15076 --- [           main] o.s.b.f.s.DefaultListableBeanFactory     : Creating shared instance of singleton bean 'spring.datasource-org.springframework.boot.autoconfigure.jdbc.DataSourceProperties'
2026-04-04T09:09:50.321-03:00 DEBUG 15076 --- [           main] o.s.b.f.s.DefaultListableBeanFactory     : Creating shared instance of singleton bean 'org.springframework.boot.context.properties.BoundConfigurationProperties'
2026-04-04T09:09:50.326-03:00 DEBUG 15076 --- [           main] o.s.b.f.s.DefaultListableBeanFactory     : Creating shared instance of singleton bean 'jdbcConnectionDetails'
2026-04-04T09:09:50.326-03:00 DEBUG 15076 --- [           main] o.s.b.f.s.DefaultListableBeanFactory     : Creating shared instance of singleton bean 'org.springframework.boot.autoconfigure.jdbc.DataSourceAutoConfiguration$PooledDataSourceConfiguration'
2026-04-04T09:09:50.327-03:00 DEBUG 15076 --- [           main] o.s.b.f.s.DefaultListableBeanFactory     : Autowiring by type from bean name 'jdbcConnectionDetails' via factory method to bean named 'spring.datasource-org.springframework.boot.autoconfigure.jdbc.DataSourceProperties'
2026-04-04T09:09:50.327-03:00 DEBUG 15076 --- [           main] o.s.b.f.s.DefaultListableBeanFactory     : Autowiring by type from bean name 'dataSource' via factory method to bean named 'spring.datasource-org.springframework.boot.autoconfigure.jdbc.DataSourceProperties'
2026-04-04T09:09:50.327-03:00 DEBUG 15076 --- [           main] o.s.b.f.s.DefaultListableBeanFactory     : Autowiring by type from bean name 'dataSource' via factory method to bean named 'jdbcConnectionDetails'
2026-04-04T09:09:50.334-03:00 DEBUG 15076 --- [           main] o.s.b.f.s.DefaultListableBeanFactory     : Creating shared instance of singleton bean 'spring.sql.init-org.springframework.boot.autoconfigure.sql.init.SqlInitializationProperties'
2026-04-04T09:09:50.336-03:00 DEBUG 15076 --- [           main] o.s.b.f.s.DefaultListableBeanFactory     : Autowiring by type from bean name 'dataSourceScriptDatabaseInitializer' via factory method to bean named 'dataSource'
2026-04-04T09:09:50.336-03:00 DEBUG 15076 --- [           main] o.s.b.f.s.DefaultListableBeanFactory     : Autowiring by type from bean name 'dataSourceScriptDatabaseInitializer' via factory method to bean named 'spring.sql.init-org.springframework.boot.autoconfigure.sql.init.SqlInitializationProperties'
2026-04-04T09:09:50.338-03:00 DEBUG 15076 --- [           main] o.s.b.f.s.DefaultListableBeanFactory     : Creating shared instance of singleton bean 'entityManagerFactory'
2026-04-04T09:09:50.338-03:00 DEBUG 15076 --- [           main] o.s.b.f.s.DefaultListableBeanFactory     : Creating shared instance of singleton bean 'org.springframework.boot.autoconfigure.orm.jpa.HibernateJpaConfiguration'
2026-04-04T09:09:50.340-03:00 DEBUG 15076 --- [           main] o.s.b.f.s.DefaultListableBeanFactory     : Creating shared instance of singleton bean 'spring.jpa-org.springframework.boot.autoconfigure.orm.jpa.JpaProperties'
2026-04-04T09:09:50.342-03:00 DEBUG 15076 --- [           main] o.s.b.f.s.DefaultListableBeanFactory     : Creating shared instance of singleton bean 'spring.jpa.hibernate-org.springframework.boot.autoconfigure.orm.jpa.HibernateProperties'
2026-04-04T09:09:50.343-03:00 DEBUG 15076 --- [           main] o.s.b.f.s.DefaultListableBeanFactory     : Autowiring by type from bean name 'org.springframework.boot.autoconfigure.orm.jpa.HibernateJpaConfiguration' via constructor to bean named 'dataSource'
2026-04-04T09:09:50.344-03:00 DEBUG 15076 --- [           main] o.s.b.f.s.DefaultListableBeanFactory     : Autowiring by type from bean name 'org.springframework.boot.autoconfigure.orm.jpa.HibernateJpaConfiguration' via constructor to bean named 'spring.jpa-org.springframework.boot.autoconfigure.orm.jpa.JpaProperties'
2026-04-04T09:09:50.344-03:00 DEBUG 15076 --- [           main] o.s.b.f.s.DefaultListableBeanFactory     : Autowiring by type from bean name 'org.springframework.boot.autoconfigure.orm.jpa.HibernateJpaConfiguration' via constructor to bean named 'org.springframework.beans.factory.support.DefaultListableBeanFactory@ff5aa42'
2026-04-04T09:09:50.344-03:00 DEBUG 15076 --- [           main] o.s.b.f.s.DefaultListableBeanFactory     : Autowiring by type from bean name 'org.springframework.boot.autoconfigure.orm.jpa.HibernateJpaConfiguration' via constructor to bean named 'spring.jpa.hibernate-org.springframework.boot.autoconfigure.orm.jpa.HibernateProperties'
2026-04-04T09:09:50.344-03:00 DEBUG 15076 --- [           main] o.s.b.f.s.DefaultListableBeanFactory     : Creating shared instance of singleton bean 'hikariPoolDataSourceMetadataProvider'
2026-04-04T09:09:50.344-03:00 DEBUG 15076 --- [           main] o.s.b.f.s.DefaultListableBeanFactory     : Creating shared instance of singleton bean 'org.springframework.boot.autoconfigure.jdbc.metadata.DataSourcePoolMetadataProvidersConfiguration$HikariPoolDataSourceMetadataProviderConfiguration'
2026-04-04T09:09:50.346-03:00 DEBUG 15076 --- [           main] o.s.b.f.s.DefaultListableBeanFactory     : Creating shared instance of singleton bean 'entityManagerFactoryBuilder'
2026-04-04T09:09:50.347-03:00 DEBUG 15076 --- [           main] o.s.b.f.s.DefaultListableBeanFactory     : Creating shared instance of singleton bean 'jpaVendorAdapter'
2026-04-04T09:09:50.347-03:00 DEBUG 15076 --- [           main] o.s.b.f.s.DefaultListableBeanFactory     : Autowiring by type from bean name 'entityManagerFactoryBuilder' via factory method to bean named 'jpaVendorAdapter'
2026-04-04T09:09:50.349-03:00 DEBUG 15076 --- [           main] o.s.b.f.s.DefaultListableBeanFactory     : Creating shared instance of singleton bean 'persistenceManagedTypes'
2026-04-04T09:09:50.349-03:00 DEBUG 15076 --- [           main] o.s.b.f.s.DefaultListableBeanFactory     : Autowiring by type from bean name 'persistenceManagedTypes' via factory method to bean named 'org.springframework.beans.factory.support.DefaultListableBeanFactory@ff5aa42'
2026-04-04T09:09:50.349-03:00 DEBUG 15076 --- [           main] o.s.b.f.s.DefaultListableBeanFactory     : Autowiring by type from bean name 'persistenceManagedTypes' via factory method to bean named 'org.springframework.web.context.support.GenericWebApplicationContext@398857f8'
2026-04-04T09:09:50.353-03:00 DEBUG 15076 --- [           main] o.s.b.f.s.DefaultListableBeanFactory     : Autowiring by type from bean name 'entityManagerFactory' via factory method to bean named 'entityManagerFactoryBuilder'
2026-04-04T09:09:50.353-03:00 DEBUG 15076 --- [           main] o.s.b.f.s.DefaultListableBeanFactory     : Autowiring by type from bean name 'entityManagerFactory' via factory method to bean named 'persistenceManagedTypes'
2026-04-04T09:09:50.354-03:00 DEBUG 15076 --- [           main] j.LocalContainerEntityManagerFactoryBean : Building JPA container EntityManagerFactory for persistence unit 'default'
2026-04-04T09:09:50.354-03:00  INFO 15076 --- [           main] o.hibernate.jpa.internal.util.LogHelper  : HHH000204: Processing PersistenceUnitInfo [name: default]
2026-04-04T09:09:50.357-03:00  INFO 15076 --- [           main] o.h.c.internal.RegionFactoryInitiator    : HHH000026: Second-level cache disabled
2026-04-04T09:09:50.364-03:00  INFO 15076 --- [           main] o.s.o.j.p.SpringPersistenceUnitInfo      : No LoadTimeWeaver setup: ignoring JPA class transformer
2026-04-04T09:09:50.365-03:00  INFO 15076 --- [           main] com.zaxxer.hikari.HikariDataSource       : HikariPool-2 - Starting...
2026-04-04T09:09:50.368-03:00  INFO 15076 --- [           main] com.zaxxer.hikari.pool.HikariPool        : HikariPool-2 - Added connection com.mysql.cj.jdbc.ConnectionImpl@6324186b
2026-04-04T09:09:50.368-03:00  INFO 15076 --- [           main] com.zaxxer.hikari.HikariDataSource       : HikariPool-2 - Start completed.
2026-04-04T09:09:50.369-03:00  WARN 15076 --- [           main] org.hibernate.dialect.Dialect            : HHH000511: The 5.5.0 version for [org.hibernate.dialect.MySQLDialect] is no longer supported, hence certain features may not work properly. The minimum supported version is 8.0.0. Check the community dialects project for available legacy versions.
2026-04-04T09:09:50.474-03:00  INFO 15076 --- [           main] o.h.e.t.j.p.i.JtaPlatformInitiator       : HHH000489: No JTA platform available (set 'hibernate.transaction.jta.platform' to enable JTA platform integration)
2026-04-04T09:09:50.523-03:00  INFO 15076 --- [           main] j.LocalContainerEntityManagerFactoryBean : Initialized JPA EntityManagerFactory for persistence unit 'default'
2026-04-04T09:09:50.523-03:00 DEBUG 15076 --- [           main] o.s.b.f.s.DefaultListableBeanFactory     : Creating shared instance of singleton bean 'mavenproject4'
2026-04-04T09:09:50.523-03:00 DEBUG 15076 --- [           main] o.s.b.f.s.DefaultListableBeanFactory     : Creating shared instance of singleton bean 'dataSeeder'
2026-04-04T09:09:50.524-03:00 DEBUG 15076 --- [           main] o.s.b.f.s.DefaultListableBeanFactory     : Creating shared instance of singleton bean 'crearPlaneta'
2026-04-04T09:09:50.525-03:00 DEBUG 15076 --- [           main] o.s.b.f.s.DefaultListableBeanFactory     : Creating shared instance of singleton bean 'planetaRepository'
2026-04-04T09:09:50.527-03:00 DEBUG 15076 --- [           main] o.s.b.f.s.DefaultListableBeanFactory     : Creating shared instance of singleton bean 'jpa.named-queries#3'
2026-04-04T09:09:50.529-03:00 DEBUG 15076 --- [           main] o.s.b.f.s.DefaultListableBeanFactory     : Creating shared instance of singleton bean 'jpa.PlanetaRepository.fragments#0'
2026-04-04T09:09:50.530-03:00 DEBUG 15076 --- [           main] o.s.b.f.s.DefaultListableBeanFactory     : Creating shared instance of singleton bean 'jpaSharedEM_entityManagerFactory'
2026-04-04T09:09:50.533-03:00 DEBUG 15076 --- [           main] o.s.b.f.s.DefaultListableBeanFactory     : Creating shared instance of singleton bean 'jpaMappingContext'
2026-04-04T09:09:50.533-03:00 DEBUG 15076 --- [           main] .c.JpaMetamodelMappingContextFactoryBean : Initializing JpaMetamodelMappingContext…
2026-04-04T09:09:50.534-03:00 DEBUG 15076 --- [           main] .c.JpaMetamodelMappingContextFactoryBean : Finished initializing JpaMetamodelMappingContext
2026-04-04T09:09:50.535-03:00 DEBUG 15076 --- [           main] tor$SharedEntityManagerInvocationHandler : Creating new EntityManager for shared EntityManager invocation
2026-04-04T09:09:50.546-03:00 DEBUG 15076 --- [           main] o.s.d.r.c.s.RepositoryFactorySupport     : Initializing repository instance for com.mycompany.mavenproject4.repository.PlanetaRepository…
2026-04-04T09:09:50.546-03:00 DEBUG 15076 --- [           main] tor$SharedEntityManagerInvocationHandler : Creating new EntityManager for shared EntityManager invocation
2026-04-04T09:09:50.548-03:00 DEBUG 15076 --- [           main] o.s.d.r.c.s.RepositoryFactorySupport     : Finished creation of repository instance for com.mycompany.mavenproject4.repository.PlanetaRepository.
2026-04-04T09:09:50.549-03:00 DEBUG 15076 --- [           main] o.s.b.f.s.DefaultListableBeanFactory     : Creating shared instance of singleton bean 'userRepository'
2026-04-04T09:09:50.550-03:00 DEBUG 15076 --- [           main] o.s.b.f.s.DefaultListableBeanFactory     : Creating shared instance of singleton bean 'jpa.named-queries#1'
2026-04-04T09:09:50.551-03:00 DEBUG 15076 --- [           main] o.s.b.f.s.DefaultListableBeanFactory     : Creating shared instance of singleton bean 'jpa.UserRepository.fragments#0'
2026-04-04T09:09:50.551-03:00 DEBUG 15076 --- [           main] tor$SharedEntityManagerInvocationHandler : Creating new EntityManager for shared EntityManager invocation
2026-04-04T09:09:50.551-03:00 DEBUG 15076 --- [           main] o.s.d.r.c.s.RepositoryFactorySupport     : Initializing repository instance for com.mycompany.mavenproject4.repository.UserRepository…
2026-04-04T09:09:50.552-03:00 DEBUG 15076 --- [           main] tor$SharedEntityManagerInvocationHandler : Creating new EntityManager for shared EntityManager invocation
2026-04-04T09:09:50.553-03:00 DEBUG 15076 --- [           main] o.s.d.jpa.repository.query.NamedQuery    : Looking up named query User.existsByUsername
2026-04-04T09:09:50.553-03:00 DEBUG 15076 --- [           main] o.s.d.jpa.repository.query.NamedQuery    : Did not find named query User.existsByUsername
2026-04-04T09:09:50.553-03:00 DEBUG 15076 --- [           main] tor$SharedEntityManagerInvocationHandler : Creating new EntityManager for shared EntityManager invocation
2026-04-04T09:09:50.554-03:00 DEBUG 15076 --- [           main] o.s.d.jpa.repository.query.NamedQuery    : Looking up named query User.existsByEmail
2026-04-04T09:09:50.555-03:00 DEBUG 15076 --- [           main] o.s.d.jpa.repository.query.NamedQuery    : Did not find named query User.existsByEmail
2026-04-04T09:09:50.555-03:00 DEBUG 15076 --- [           main] tor$SharedEntityManagerInvocationHandler : Creating new EntityManager for shared EntityManager invocation
2026-04-04T09:09:50.556-03:00 DEBUG 15076 --- [           main] o.s.d.jpa.repository.query.NamedQuery    : Looking up named query User.findByUsername
2026-04-04T09:09:50.556-03:00 DEBUG 15076 --- [           main] o.s.d.jpa.repository.query.NamedQuery    : Did not find named query User.findByUsername
2026-04-04T09:09:50.556-03:00 DEBUG 15076 --- [           main] tor$SharedEntityManagerInvocationHandler : Creating new EntityManager for shared EntityManager invocation
2026-04-04T09:09:50.557-03:00 DEBUG 15076 --- [           main] o.s.d.r.c.s.RepositoryFactorySupport     : Finished creation of repository instance for com.mycompany.mavenproject4.repository.UserRepository.
2026-04-04T09:09:50.557-03:00 DEBUG 15076 --- [           main] o.s.b.f.s.DefaultListableBeanFactory     : Creating shared instance of singleton bean 'crearUsuario'
2026-04-04T09:09:50.558-03:00 DEBUG 15076 --- [           main] o.s.b.f.s.DefaultListableBeanFactory     : Creating shared instance of singleton bean 'userService'
2026-04-04T09:09:50.559-03:00 DEBUG 15076 --- [           main] o.s.b.f.s.DefaultListableBeanFactory     : Creating shared instance of singleton bean 'roleRepository'
2026-04-04T09:09:50.560-03:00 DEBUG 15076 --- [           main] o.s.b.f.s.DefaultListableBeanFactory     : Creating shared instance of singleton bean 'jpa.named-queries#2'
2026-04-04T09:09:50.561-03:00 DEBUG 15076 --- [           main] o.s.b.f.s.DefaultListableBeanFactory     : Creating shared instance of singleton bean 'jpa.RoleRepository.fragments#0'
2026-04-04T09:09:50.562-03:00 DEBUG 15076 --- [           main] tor$SharedEntityManagerInvocationHandler : Creating new EntityManager for shared EntityManager invocation
2026-04-04T09:09:50.562-03:00 DEBUG 15076 --- [           main] o.s.d.r.c.s.RepositoryFactorySupport     : Initializing repository instance for com.mycompany.mavenproject4.repository.RoleRepository…
2026-04-04T09:09:50.563-03:00 DEBUG 15076 --- [           main] tor$SharedEntityManagerInvocationHandler : Creating new EntityManager for shared EntityManager invocation
2026-04-04T09:09:50.564-03:00 DEBUG 15076 --- [           main] o.s.d.jpa.repository.query.NamedQuery    : Looking up named query Role.findByNombre
2026-04-04T09:09:50.564-03:00 DEBUG 15076 --- [           main] o.s.d.jpa.repository.query.NamedQuery    : Did not find named query Role.findByNombre
2026-04-04T09:09:50.564-03:00 DEBUG 15076 --- [           main] tor$SharedEntityManagerInvocationHandler : Creating new EntityManager for shared EntityManager invocation
2026-04-04T09:09:50.565-03:00 DEBUG 15076 --- [           main] o.s.d.r.c.s.RepositoryFactorySupport     : Finished creation of repository instance for com.mycompany.mavenproject4.repository.RoleRepository.
2026-04-04T09:09:50.565-03:00 DEBUG 15076 --- [           main] o.s.b.f.s.DefaultListableBeanFactory     : Creating shared instance of singleton bean 'passwordEncoder'
2026-04-04T09:09:50.565-03:00 DEBUG 15076 --- [           main] o.s.b.f.s.DefaultListableBeanFactory     : Creating shared instance of singleton bean 'securityConfigBeans'
2026-04-04T09:09:50.566-03:00 DEBUG 15076 --- [           main] o.s.b.f.s.DefaultListableBeanFactory     : Creating shared instance of singleton bean 'editUser'
2026-04-04T09:09:50.567-03:00 DEBUG 15076 --- [           main] o.s.b.f.s.DefaultListableBeanFactory     : Creating shared instance of singleton bean 'eliminarPlaneta'
2026-04-04T09:09:50.567-03:00 DEBUG 15076 --- [           main] o.s.b.f.s.DefaultListableBeanFactory     : Creating shared instance of singleton bean 'eliminarUsuario'
2026-04-04T09:09:50.567-03:00 DEBUG 15076 --- [           main] o.s.b.f.s.DefaultListableBeanFactory     : Creating shared instance of singleton bean 'fotoController'
2026-04-04T09:09:50.568-03:00 DEBUG 15076 --- [           main] o.s.b.f.s.DefaultListableBeanFactory     : Creating shared instance of singleton bean 'fotoService'
2026-04-04T09:09:50.568-03:00 DEBUG 15076 --- [           main] o.s.b.f.s.DefaultListableBeanFactory     : Creating shared instance of singleton bean 'helloController'
2026-04-04T09:09:50.568-03:00 DEBUG 15076 --- [           main] o.s.b.f.s.DefaultListableBeanFactory     : Creating shared instance of singleton bean 'simulacionController'
2026-04-04T09:09:50.569-03:00 DEBUG 15076 --- [           main] o.s.b.f.s.DefaultListableBeanFactory     : Creating shared instance of singleton bean 'simulacionService'
2026-04-04T09:09:50.569-03:00 DEBUG 15076 --- [           main] o.s.b.f.s.DefaultListableBeanFactory     : Creating shared instance of singleton bean 'simulacionRepository'
2026-04-04T09:09:50.570-03:00 DEBUG 15076 --- [           main] o.s.b.f.s.DefaultListableBeanFactory     : Creating shared instance of singleton bean 'jpa.named-queries#4'
2026-04-04T09:09:50.571-03:00 DEBUG 15076 --- [           main] o.s.b.f.s.DefaultListableBeanFactory     : Creating shared instance of singleton bean 'jpa.SimulacionRepository.fragments#0'
2026-04-04T09:09:50.571-03:00 DEBUG 15076 --- [           main] tor$SharedEntityManagerInvocationHandler : Creating new EntityManager for shared EntityManager invocation
2026-04-04T09:09:50.573-03:00 DEBUG 15076 --- [           main] o.s.d.r.c.s.RepositoryFactorySupport     : Initializing repository instance for com.mycompany.mavenproject4.repository.SimulacionRepository…
2026-04-04T09:09:50.573-03:00 DEBUG 15076 --- [           main] tor$SharedEntityManagerInvocationHandler : Creating new EntityManager for shared EntityManager invocation
2026-04-04T09:09:50.576-03:00 DEBUG 15076 --- [           main] o.s.d.jpa.repository.query.NamedQuery    : Did not find named query Simulacion.findAllLight.count
2026-04-04T09:09:50.576-03:00 DEBUG 15076 --- [           main] tor$SharedEntityManagerInvocationHandler : Creating new EntityManager for shared EntityManager invocation
2026-04-04T09:09:50.580-03:00 DEBUG 15076 --- [           main] o.s.d.jpa.repository.query.NamedQuery    : Did not find named query Simulacion.findFotoById.count
2026-04-04T09:09:50.580-03:00 DEBUG 15076 --- [           main] tor$SharedEntityManagerInvocationHandler : Creating new EntityManager for shared EntityManager invocation
2026-04-04T09:09:50.581-03:00 DEBUG 15076 --- [           main] o.s.d.r.c.s.RepositoryFactorySupport     : Finished creation of repository instance for com.mycompany.mavenproject4.repository.SimulacionRepository.
2026-04-04T09:09:50.582-03:00 DEBUG 15076 --- [           main] o.s.b.f.s.DefaultListableBeanFactory     : Autowiring by type from bean name 'simulacionService' via constructor to bean named 'simulacionRepository'
2026-04-04T09:09:50.582-03:00 DEBUG 15076 --- [           main] o.s.b.f.s.DefaultListableBeanFactory     : Autowiring by type from bean name 'simulacionController' via constructor to bean named 'simulacionService'
2026-04-04T09:09:50.582-03:00 DEBUG 15076 --- [           main] o.s.b.f.s.DefaultListableBeanFactory     : Autowiring by type from bean name 'simulacionController' via constructor to bean named 'userService'
2026-04-04T09:09:50.582-03:00 DEBUG 15076 --- [           main] o.s.b.f.s.DefaultListableBeanFactory     : Creating shared instance of singleton bean 'todosLosPlanetas'
2026-04-04T09:09:50.583-03:00 DEBUG 15076 --- [           main] o.s.b.f.s.DefaultListableBeanFactory     : Creating shared instance of singleton bean 'todosLosPlanetasEdit'
2026-04-04T09:09:50.583-03:00 DEBUG 15076 --- [           main] o.s.b.f.s.DefaultListableBeanFactory     : Creating shared instance of singleton bean 'todosLosRoles'
2026-04-04T09:09:50.583-03:00 DEBUG 15076 --- [           main] o.s.b.f.s.DefaultListableBeanFactory     : Creating shared instance of singleton bean 'todosLosUsuarios'
2026-04-04T09:09:50.583-03:00 DEBUG 15076 --- [           main] o.s.b.f.s.DefaultListableBeanFactory     : Creating shared instance of singleton bean 'todosLosUsuariosEdit'
2026-04-04T09:09:50.584-03:00 DEBUG 15076 --- [           main] o.s.b.f.s.DefaultListableBeanFactory     : Creating shared instance of singleton bean 'authController'
2026-04-04T09:09:50.584-03:00 DEBUG 15076 --- [           main] o.s.b.f.s.DefaultListableBeanFactory     : Creating shared instance of singleton bean 'authService'
2026-04-04T09:09:50.584-03:00 DEBUG 15076 --- [           main] o.s.b.f.s.DefaultListableBeanFactory     : Creating shared instance of singleton bean 'jwtUtil'
2026-04-04T09:09:50.585-03:00 DEBUG 15076 --- [           main] o.s.b.f.s.DefaultListableBeanFactory     : Autowiring by type from bean name 'authService' via constructor to bean named 'userRepository'
2026-04-04T09:09:50.585-03:00 DEBUG 15076 --- [           main] o.s.b.f.s.DefaultListableBeanFactory     : Autowiring by type from bean name 'authService' via constructor to bean named 'passwordEncoder'
2026-04-04T09:09:50.585-03:00 DEBUG 15076 --- [           main] o.s.b.f.s.DefaultListableBeanFactory     : Autowiring by type from bean name 'authService' via constructor to bean named 'jwtUtil'
2026-04-04T09:09:50.585-03:00 DEBUG 15076 --- [           main] o.s.b.f.s.DefaultListableBeanFactory     : Autowiring by type from bean name 'authController' via constructor to bean named 'authService'
2026-04-04T09:09:50.585-03:00 DEBUG 15076 --- [           main] o.s.b.f.s.DefaultListableBeanFactory     : Creating shared instance of singleton bean 'globalExceptionHandler'
2026-04-04T09:09:50.585-03:00 DEBUG 15076 --- [           main] o.s.b.f.s.DefaultListableBeanFactory     : Creating shared instance of singleton bean 'customerUserDetailsService'
2026-04-04T09:09:50.585-03:00 DEBUG 15076 --- [           main] o.s.b.f.s.DefaultListableBeanFactory     : Autowiring by type from bean name 'customerUserDetailsService' via constructor to bean named 'userRepository'
2026-04-04T09:09:50.585-03:00 DEBUG 15076 --- [           main] o.s.b.f.s.DefaultListableBeanFactory     : Creating shared instance of singleton bean 'jwtAuthenticationFilter'
2026-04-04T09:09:50.585-03:00 DEBUG 15076 --- [           main] o.s.b.f.s.DefaultListableBeanFactory     : Autowiring by type from bean name 'jwtAuthenticationFilter' via constructor to bean named 'jwtUtil'
2026-04-04T09:09:50.586-03:00 DEBUG 15076 --- [           main] o.s.b.f.s.DefaultListableBeanFactory     : Creating shared instance of singleton bean 'securityConfig'
2026-04-04T09:09:50.586-03:00 DEBUG 15076 --- [           main] o.s.b.f.s.DefaultListableBeanFactory     : Autowiring by type from bean name 'securityConfig' via constructor to bean named 'jwtAuthenticationFilter'
2026-04-04T09:09:50.586-03:00 DEBUG 15076 --- [           main] o.s.b.f.s.DefaultListableBeanFactory     : Creating shared instance of singleton bean 'testDBConnectionJava'
2026-04-04T09:09:50.587-03:00 DEBUG 15076 --- [           main] o.s.b.f.s.DefaultListableBeanFactory     : Creating shared instance of singleton bean 'jdbcTemplate'
2026-04-04T09:09:50.587-03:00 DEBUG 15076 --- [           main] o.s.b.f.s.DefaultListableBeanFactory     : Creating shared instance of singleton bean 'org.springframework.boot.autoconfigure.jdbc.JdbcTemplateConfiguration'
2026-04-04T09:09:50.587-03:00 DEBUG 15076 --- [           main] o.s.b.f.s.DefaultListableBeanFactory     : Creating shared instance of singleton bean 'spring.jdbc-org.springframework.boot.autoconfigure.jdbc.JdbcProperties'
2026-04-04T09:09:50.588-03:00 DEBUG 15076 --- [           main] o.s.b.f.s.DefaultListableBeanFactory     : Autowiring by type from bean name 'jdbcTemplate' via factory method to bean named 'dataSource'
2026-04-04T09:09:50.588-03:00 DEBUG 15076 --- [           main] o.s.b.f.s.DefaultListableBeanFactory     : Autowiring by type from bean name 'jdbcTemplate' via factory method to bean named 'spring.jdbc-org.springframework.boot.autoconfigure.jdbc.JdbcProperties'
2026-04-04T09:09:50.599-03:00 DEBUG 15076 --- [           main] o.s.b.f.s.DefaultListableBeanFactory     : Creating shared instance of singleton bean 'initData'
2026-04-04T09:09:50.599-03:00 DEBUG 15076 --- [           main] o.s.b.f.s.DefaultListableBeanFactory     : Autowiring by type from bean name 'initData' via factory method to bean named 'roleRepository'
2026-04-04T09:09:50.599-03:00 DEBUG 15076 --- [           main] o.s.b.f.s.DefaultListableBeanFactory     : Autowiring by type from bean name 'initData' via factory method to bean named 'userRepository'
2026-04-04T09:09:50.599-03:00 DEBUG 15076 --- [           main] o.s.b.f.s.DefaultListableBeanFactory     : Autowiring by type from bean name 'initData' via factory method to bean named 'passwordEncoder'
2026-04-04T09:09:50.600-03:00 DEBUG 15076 --- [           main] o.s.b.f.s.DefaultListableBeanFactory     : Creating shared instance of singleton bean 'securityFilterChain'
2026-04-04T09:09:50.600-03:00 DEBUG 15076 --- [           main] o.s.b.f.s.DefaultListableBeanFactory     : Creating shared instance of singleton bean 'org.springframework.security.config.annotation.web.configuration.HttpSecurityConfiguration'
2026-04-04T09:09:50.602-03:00 DEBUG 15076 --- [           main] o.s.b.f.s.DefaultListableBeanFactory     : Creating shared instance of singleton bean 'objectPostProcessor'
2026-04-04T09:09:50.602-03:00 DEBUG 15076 --- [           main] o.s.b.f.s.DefaultListableBeanFactory     : Creating shared instance of singleton bean 'org.springframework.security.config.annotation.configuration.ObjectPostProcessorConfiguration'
2026-04-04T09:09:50.602-03:00 DEBUG 15076 --- [           main] o.s.b.f.s.DefaultListableBeanFactory     : Autowiring by type from bean name 'objectPostProcessor' via factory method to bean named 'org.springframework.beans.factory.support.DefaultListableBeanFactory@ff5aa42'
2026-04-04T09:09:50.603-03:00 DEBUG 15076 --- [           main] o.s.b.f.s.DefaultListableBeanFactory     : Creating shared instance of singleton bean 'org.springframework.security.config.annotation.authentication.configuration.AuthenticationConfiguration'
2026-04-04T09:09:50.605-03:00 DEBUG 15076 --- [           main] o.s.b.f.s.DefaultListableBeanFactory     : Creating shared instance of singleton bean 'enableGlobalAuthenticationAutowiredConfigurer'
2026-04-04T09:09:50.605-03:00 DEBUG 15076 --- [           main] o.s.b.f.s.DefaultListableBeanFactory     : Autowiring by type from bean name 'enableGlobalAuthenticationAutowiredConfigurer' via factory method to bean named 'org.springframework.web.context.support.GenericWebApplicationContext@398857f8'
2026-04-04T09:09:50.606-03:00 DEBUG 15076 --- [           main] o.s.b.f.s.DefaultListableBeanFactory     : Creating shared instance of singleton bean 'initializeUserDetailsBeanManagerConfigurer'
2026-04-04T09:09:50.606-03:00 DEBUG 15076 --- [           main] o.s.b.f.s.DefaultListableBeanFactory     : Autowiring by type from bean name 'initializeUserDetailsBeanManagerConfigurer' via factory method to bean named 'org.springframework.web.context.support.GenericWebApplicationContext@398857f8'
2026-04-04T09:09:50.606-03:00 DEBUG 15076 --- [           main] o.s.b.f.s.DefaultListableBeanFactory     : Creating shared instance of singleton bean 'initializeAuthenticationProviderBeanManagerConfigurer'
2026-04-04T09:09:50.607-03:00 DEBUG 15076 --- [           main] o.s.b.f.s.DefaultListableBeanFactory     : Autowiring by type from bean name 'initializeAuthenticationProviderBeanManagerConfigurer' via factory method to bean named 'org.springframework.web.context.support.GenericWebApplicationContext@398857f8'
2026-04-04T09:09:50.609-03:00 DEBUG 15076 --- [           main] o.s.b.f.s.DefaultListableBeanFactory     : Creating shared instance of singleton bean 'mvcContentNegotiationManager'
2026-04-04T09:09:50.609-03:00 DEBUG 15076 --- [           main] o.s.b.f.s.DefaultListableBeanFactory     : Creating shared instance of singleton bean 'org.springframework.boot.autoconfigure.web.servlet.WebMvcAutoConfiguration$EnableWebMvcConfiguration'
2026-04-04T09:09:50.609-03:00 DEBUG 15076 --- [           main] o.s.b.f.s.DefaultListableBeanFactory     : Creating shared instance of singleton bean 'spring.mvc-org.springframework.boot.autoconfigure.web.servlet.WebMvcProperties'
2026-04-04T09:09:50.612-03:00 DEBUG 15076 --- [           main] o.s.b.f.s.DefaultListableBeanFactory     : Creating shared instance of singleton bean 'spring.web-org.springframework.boot.autoconfigure.web.WebProperties'
2026-04-04T09:09:50.613-03:00 DEBUG 15076 --- [           main] o.s.b.f.s.DefaultListableBeanFactory     : Autowiring by type from bean name 'org.springframework.boot.autoconfigure.web.servlet.WebMvcAutoConfiguration$EnableWebMvcConfiguration' via constructor to bean named 'spring.mvc-org.springframework.boot.autoconfigure.web.servlet.WebMvcProperties'
2026-04-04T09:09:50.613-03:00 DEBUG 15076 --- [           main] o.s.b.f.s.DefaultListableBeanFactory     : Autowiring by type from bean name 'org.springframework.boot.autoconfigure.web.servlet.WebMvcAutoConfiguration$EnableWebMvcConfiguration' via constructor to bean named 'spring.web-org.springframework.boot.autoconfigure.web.WebProperties'
2026-04-04T09:09:50.613-03:00 DEBUG 15076 --- [           main] o.s.b.f.s.DefaultListableBeanFactory     : Autowiring by type from bean name 'org.springframework.boot.autoconfigure.web.servlet.WebMvcAutoConfiguration$EnableWebMvcConfiguration' via constructor to bean named 'org.springframework.beans.factory.support.DefaultListableBeanFactory@ff5aa42'
2026-04-04T09:09:50.614-03:00 DEBUG 15076 --- [           main] o.s.b.f.s.DefaultListableBeanFactory     : Creating shared instance of singleton bean 'org.springframework.boot.autoconfigure.web.servlet.WebMvcAutoConfiguration$WebMvcAutoConfigurationAdapter'
2026-04-04T09:09:50.615-03:00 DEBUG 15076 --- [           main] o.s.b.f.s.DefaultListableBeanFactory     : Autowiring by type from bean name 'org.springframework.boot.autoconfigure.web.servlet.WebMvcAutoConfiguration$WebMvcAutoConfigurationAdapter' via constructor to bean named 'spring.web-org.springframework.boot.autoconfigure.web.WebProperties'
2026-04-04T09:09:50.615-03:00 DEBUG 15076 --- [           main] o.s.b.f.s.DefaultListableBeanFactory     : Autowiring by type from bean name 'org.springframework.boot.autoconfigure.web.servlet.WebMvcAutoConfiguration$WebMvcAutoConfigurationAdapter' via constructor to bean named 'spring.mvc-org.springframework.boot.autoconfigure.web.servlet.WebMvcProperties'
2026-04-04T09:09:50.615-03:00 DEBUG 15076 --- [           main] o.s.b.f.s.DefaultListableBeanFactory     : Autowiring by type from bean name 'org.springframework.boot.autoconfigure.web.servlet.WebMvcAutoConfiguration$WebMvcAutoConfigurationAdapter' via constructor to bean named 'org.springframework.beans.factory.support.DefaultListableBeanFactory@ff5aa42'
2026-04-04T09:09:50.616-03:00 DEBUG 15076 --- [           main] o.s.b.f.s.DefaultListableBeanFactory     : Creating shared instance of singleton bean 'swaggerWebMvcConfigurer'
2026-04-04T09:09:50.616-03:00 DEBUG 15076 --- [           main] o.s.b.f.s.DefaultListableBeanFactory     : Creating shared instance of singleton bean 'org.springdoc.webmvc.ui.SwaggerConfig'
2026-04-04T09:09:50.617-03:00 DEBUG 15076 --- [           main] o.s.b.f.s.DefaultListableBeanFactory     : Creating shared instance of singleton bean 'org.springdoc.core.properties.SwaggerUiConfigParameters'
2026-04-04T09:09:50.617-03:00 DEBUG 15076 --- [           main] o.s.b.f.s.DefaultListableBeanFactory     : Creating shared instance of singleton bean 'org.springdoc.core.properties.SwaggerUiConfigProperties'
2026-04-04T09:09:50.620-03:00 DEBUG 15076 --- [           main] o.s.b.f.s.DefaultListableBeanFactory     : Autowiring by type from bean name 'org.springdoc.core.properties.SwaggerUiConfigParameters' via constructor to bean named 'org.springdoc.core.properties.SwaggerUiConfigProperties'
2026-04-04T09:09:50.621-03:00 DEBUG 15076 --- [           main] o.s.b.f.s.DefaultListableBeanFactory     : Creating shared instance of singleton bean 'indexPageTransformer'
2026-04-04T09:09:50.621-03:00 DEBUG 15076 --- [           main] o.s.b.f.s.DefaultListableBeanFactory     : Creating shared instance of singleton bean 'org.springdoc.core.properties.SwaggerUiOAuthProperties'
2026-04-04T09:09:50.623-03:00 DEBUG 15076 --- [           main] o.s.b.f.s.DefaultListableBeanFactory     : Creating shared instance of singleton bean 'swaggerWelcome'
2026-04-04T09:09:50.623-03:00 DEBUG 15076 --- [           main] o.s.b.f.s.DefaultListableBeanFactory     : Creating shared instance of singleton bean 'org.springdoc.core.properties.SpringDocConfigProperties'
2026-04-04T09:09:50.630-03:00 DEBUG 15076 --- [           main] o.s.b.f.s.DefaultListableBeanFactory     : Creating shared instance of singleton bean 'springWebProvider'
2026-04-04T09:09:50.630-03:00 DEBUG 15076 --- [           main] o.s.b.f.s.DefaultListableBeanFactory     : Creating shared instance of singleton bean 'org.springdoc.webmvc.core.configuration.SpringDocWebMvcConfiguration'
2026-04-04T09:09:50.631-03:00 DEBUG 15076 --- [           main] o.s.b.f.s.DefaultListableBeanFactory     : Autowiring by type from bean name 'swaggerWelcome' via factory method to bean named 'org.springdoc.core.properties.SwaggerUiConfigProperties'
2026-04-04T09:09:50.631-03:00 DEBUG 15076 --- [           main] o.s.b.f.s.DefaultListableBeanFactory     : Autowiring by type from bean name 'swaggerWelcome' via factory method to bean named 'org.springdoc.core.properties.SpringDocConfigProperties'
2026-04-04T09:09:50.631-03:00 DEBUG 15076 --- [           main] o.s.b.f.s.DefaultListableBeanFactory     : Autowiring by type from bean name 'swaggerWelcome' via factory method to bean named 'org.springdoc.core.properties.SwaggerUiConfigParameters'
2026-04-04T09:09:50.631-03:00 DEBUG 15076 --- [           main] o.s.b.f.s.DefaultListableBeanFactory     : Autowiring by type from bean name 'swaggerWelcome' via factory method to bean named 'springWebProvider'
2026-04-04T09:09:50.634-03:00 DEBUG 15076 --- [           main] o.s.b.f.s.DefaultListableBeanFactory     : Creating shared instance of singleton bean 'springdocObjectMapperProvider'
2026-04-04T09:09:50.634-03:00 DEBUG 15076 --- [           main] o.s.b.f.s.DefaultListableBeanFactory     : Creating shared instance of singleton bean 'org.springdoc.core.configuration.SpringDocConfiguration'
2026-04-04T09:09:50.635-03:00 DEBUG 15076 --- [           main] o.s.b.f.s.DefaultListableBeanFactory     : Autowiring by type from bean name 'springdocObjectMapperProvider' via factory method to bean named 'org.springdoc.core.properties.SpringDocConfigProperties'
2026-04-04T09:09:50.635-03:00 DEBUG 15076 --- [           main] o.s.b.f.s.DefaultListableBeanFactory     : Autowiring by type from bean name 'indexPageTransformer' via factory method to bean named 'org.springdoc.core.properties.SwaggerUiConfigProperties'
2026-04-04T09:09:50.635-03:00 DEBUG 15076 --- [           main] o.s.b.f.s.DefaultListableBeanFactory     : Autowiring by type from bean name 'indexPageTransformer' via factory method to bean named 'org.springdoc.core.properties.SwaggerUiOAuthProperties'
2026-04-04T09:09:50.635-03:00 DEBUG 15076 --- [           main] o.s.b.f.s.DefaultListableBeanFactory     : Autowiring by type from bean name 'indexPageTransformer' via factory method to bean named 'org.springdoc.core.properties.SwaggerUiConfigParameters'
2026-04-04T09:09:50.635-03:00 DEBUG 15076 --- [           main] o.s.b.f.s.DefaultListableBeanFactory     : Autowiring by type from bean name 'indexPageTransformer' via factory method to bean named 'swaggerWelcome'
2026-04-04T09:09:50.635-03:00 DEBUG 15076 --- [           main] o.s.b.f.s.DefaultListableBeanFactory     : Autowiring by type from bean name 'indexPageTransformer' via factory method to bean named 'springdocObjectMapperProvider'
2026-04-04T09:09:50.636-03:00 DEBUG 15076 --- [           main] o.s.b.f.s.DefaultListableBeanFactory     : Creating shared instance of singleton bean 'swaggerResourceResolver'
2026-04-04T09:09:50.636-03:00 DEBUG 15076 --- [           main] o.s.b.f.s.DefaultListableBeanFactory     : Autowiring by type from bean name 'swaggerResourceResolver' via factory method to bean named 'org.springdoc.core.properties.SwaggerUiConfigProperties'
2026-04-04T09:09:50.637-03:00 DEBUG 15076 --- [           main] o.s.b.f.s.DefaultListableBeanFactory     : Autowiring by type from bean name 'swaggerWebMvcConfigurer' via factory method to bean named 'org.springdoc.core.properties.SwaggerUiConfigParameters'
2026-04-04T09:09:50.637-03:00 DEBUG 15076 --- [           main] o.s.b.f.s.DefaultListableBeanFactory     : Autowiring by type from bean name 'swaggerWebMvcConfigurer' via factory method to bean named 'indexPageTransformer'
2026-04-04T09:09:50.637-03:00 DEBUG 15076 --- [           main] o.s.b.f.s.DefaultListableBeanFactory     : Autowiring by type from bean name 'swaggerWebMvcConfigurer' via factory method to bean named 'swaggerResourceResolver'
2026-04-04T09:09:50.637-03:00 DEBUG 15076 --- [           main] o.s.b.f.s.DefaultListableBeanFactory     : Creating shared instance of singleton bean 'openEntityManagerInViewInterceptorConfigurer'
2026-04-04T09:09:50.637-03:00 DEBUG 15076 --- [           main] o.s.b.f.s.DefaultListableBeanFactory     : Creating shared instance of singleton bean 'org.springframework.boot.autoconfigure.orm.jpa.JpaBaseConfiguration$JpaWebConfiguration'
2026-04-04T09:09:50.637-03:00 DEBUG 15076 --- [           main] o.s.b.f.s.DefaultListableBeanFactory     : Autowiring by type from bean name 'org.springframework.boot.autoconfigure.orm.jpa.JpaBaseConfiguration$JpaWebConfiguration' via constructor to bean named 'spring.jpa-org.springframework.boot.autoconfigure.orm.jpa.JpaProperties'
2026-04-04T09:09:50.638-03:00 DEBUG 15076 --- [           main] o.s.b.f.s.DefaultListableBeanFactory     : Creating shared instance of singleton bean 'openEntityManagerInViewInterceptor'
2026-04-04T09:09:50.638-03:00  WARN 15076 --- [           main] JpaBaseConfiguration$JpaWebConfiguration : spring.jpa.open-in-view is enabled by default. Therefore, database queries may be performed during view rendering. Explicitly configure spring.jpa.open-in-view to disable this warning
2026-04-04T09:09:50.638-03:00 DEBUG 15076 --- [           main] o.s.b.f.s.DefaultListableBeanFactory     : Autowiring by type from bean name 'openEntityManagerInViewInterceptorConfigurer' via factory method to bean named 'openEntityManagerInViewInterceptor'
2026-04-04T09:09:50.639-03:00 DEBUG 15076 --- [           main] o.s.b.f.s.DefaultListableBeanFactory     : Creating shared instance of singleton bean 'org.springframework.data.web.config.SpringDataWebConfiguration'
2026-04-04T09:09:50.639-03:00 DEBUG 15076 --- [           main] o.s.b.f.s.DefaultListableBeanFactory     : Autowiring by type from bean name 'org.springframework.data.web.config.SpringDataWebConfiguration' via constructor to bean named 'org.springframework.web.context.support.GenericWebApplicationContext@398857f8'
2026-04-04T09:09:50.639-03:00 DEBUG 15076 --- [           main] o.s.b.f.s.DefaultListableBeanFactory     : Creating shared instance of singleton bean 'org.springframework.security.config.annotation.web.configuration.WebMvcSecurityConfiguration'
2026-04-04T09:09:50.641-03:00 DEBUG 15076 --- [           main] o.s.b.f.s.DefaultListableBeanFactory     : Creating shared instance of singleton bean 'authenticationManagerBuilder'
2026-04-04T09:09:50.642-03:00 DEBUG 15076 --- [           main] o.s.b.f.s.DefaultListableBeanFactory     : Autowiring by type from bean name 'authenticationManagerBuilder' via factory method to bean named 'objectPostProcessor'
2026-04-04T09:09:50.642-03:00 DEBUG 15076 --- [           main] o.s.b.f.s.DefaultListableBeanFactory     : Autowiring by type from bean name 'authenticationManagerBuilder' via factory method to bean named 'org.springframework.web.context.support.GenericWebApplicationContext@398857f8'
2026-04-04T09:09:50.642-03:00 DEBUG 15076 --- [           main] o.s.b.f.s.DefaultListableBeanFactory     : Creating shared instance of singleton bean 'authenticationEventPublisher'
2026-04-04T09:09:50.642-03:00 DEBUG 15076 --- [           main] o.s.b.f.s.DefaultListableBeanFactory     : Creating shared instance of singleton bean 'org.springframework.boot.autoconfigure.security.servlet.SecurityAutoConfiguration'
2026-04-04T09:09:50.642-03:00 DEBUG 15076 --- [           main] o.s.b.f.s.DefaultListableBeanFactory     : Autowiring by type from bean name 'authenticationEventPublisher' via factory method to bean named 'org.springframework.web.context.support.GenericWebApplicationContext@398857f8'
2026-04-04T09:09:50.644-03:00 DEBUG 15076 --- [           main] o.s.b.f.s.DefaultListableBeanFactory     : Creating shared instance of singleton bean 'org.springframework.boot.autoconfigure.security.servlet.SpringBootWebSecurityConfiguration$WebSecurityEnablerConfiguration'
2026-04-04T09:09:50.646-03:00 DEBUG 15076 --- [           main] o.s.b.f.s.DefaultListableBeanFactory     : Autowiring by type from bean name 'securityFilterChain' via factory method to bean named 'org.springframework.security.config.annotation.web.configuration.HttpSecurityConfiguration.httpSecurity'
2026-04-04T09:09:50.646-03:00 DEBUG 15076 --- [           main] o.s.b.f.s.DefaultListableBeanFactory     : Creating shared instance of singleton bean 'corsConfigurationSource'
2026-04-04T09:09:50.647-03:00 DEBUG 15076 --- [           main] o.s.b.f.s.DefaultListableBeanFactory     : Creating shared instance of singleton bean 'mvcHandlerMappingIntrospector'
2026-04-04T09:09:50.648-03:00 DEBUG 15076 --- [           main] o.s.b.f.s.DefaultListableBeanFactory     : Creating shared instance of singleton bean 'welcomePageHandlerMapping'
2026-04-04T09:09:50.648-03:00 DEBUG 15076 --- [           main] o.s.b.f.s.DefaultListableBeanFactory     : Creating shared instance of singleton bean 'mvcConversionService'
2026-04-04T09:09:50.650-03:00 DEBUG 15076 --- [           main] o.s.b.f.s.DefaultListableBeanFactory     : Creating shared instance of singleton bean 'mvcResourceUrlProvider'
2026-04-04T09:09:50.650-03:00 DEBUG 15076 --- [           main] o.s.b.f.s.DefaultListableBeanFactory     : Autowiring by type from bean name 'welcomePageHandlerMapping' via factory method to bean named 'org.springframework.web.context.support.GenericWebApplicationContext@398857f8'
2026-04-04T09:09:50.650-03:00 DEBUG 15076 --- [           main] o.s.b.f.s.DefaultListableBeanFactory     : Autowiring by type from bean name 'welcomePageHandlerMapping' via factory method to bean named 'mvcConversionService'
2026-04-04T09:09:50.650-03:00 DEBUG 15076 --- [           main] o.s.b.f.s.DefaultListableBeanFactory     : Autowiring by type from bean name 'welcomePageHandlerMapping' via factory method to bean named 'mvcResourceUrlProvider'
2026-04-04T09:09:50.654-03:00 DEBUG 15076 --- [           main] o.s.b.f.s.DefaultListableBeanFactory     : Creating shared instance of singleton bean 'welcomePageNotAcceptableHandlerMapping'
2026-04-04T09:09:50.654-03:00 DEBUG 15076 --- [           main] o.s.b.f.s.DefaultListableBeanFactory     : Autowiring by type from bean name 'welcomePageNotAcceptableHandlerMapping' via factory method to bean named 'org.springframework.web.context.support.GenericWebApplicationContext@398857f8'
2026-04-04T09:09:50.654-03:00 DEBUG 15076 --- [           main] o.s.b.f.s.DefaultListableBeanFactory     : Autowiring by type from bean name 'welcomePageNotAcceptableHandlerMapping' via factory method to bean named 'mvcConversionService'
2026-04-04T09:09:50.654-03:00 DEBUG 15076 --- [           main] o.s.b.f.s.DefaultListableBeanFactory     : Autowiring by type from bean name 'welcomePageNotAcceptableHandlerMapping' via factory method to bean named 'mvcResourceUrlProvider'
2026-04-04T09:09:50.657-03:00 DEBUG 15076 --- [           main] o.s.b.f.s.DefaultListableBeanFactory     : Creating shared instance of singleton bean 'requestMappingHandlerMapping'
2026-04-04T09:09:50.658-03:00 DEBUG 15076 --- [           main] o.s.b.f.s.DefaultListableBeanFactory     : Autowiring by type from bean name 'requestMappingHandlerMapping' via factory method to bean named 'mvcContentNegotiationManager'
2026-04-04T09:09:50.658-03:00 DEBUG 15076 --- [           main] o.s.b.f.s.DefaultListableBeanFactory     : Autowiring by type from bean name 'requestMappingHandlerMapping' via factory method to bean named 'mvcConversionService'
2026-04-04T09:09:50.658-03:00 DEBUG 15076 --- [           main] o.s.b.f.s.DefaultListableBeanFactory     : Autowiring by type from bean name 'requestMappingHandlerMapping' via factory method to bean named 'mvcResourceUrlProvider'
2026-04-04T09:09:50.672-03:00 DEBUG 15076 --- [           main] s.w.s.m.m.a.RequestMappingHandlerMapping : 28 mappings in 'requestMappingHandlerMapping'
2026-04-04T09:09:50.673-03:00 DEBUG 15076 --- [           main] o.s.b.f.s.DefaultListableBeanFactory     : Creating shared instance of singleton bean 'viewControllerHandlerMapping'
2026-04-04T09:09:50.673-03:00 DEBUG 15076 --- [           main] o.s.b.f.s.DefaultListableBeanFactory     : Autowiring by type from bean name 'viewControllerHandlerMapping' via factory method to bean named 'mvcConversionService'
2026-04-04T09:09:50.673-03:00 DEBUG 15076 --- [           main] o.s.b.f.s.DefaultListableBeanFactory     : Autowiring by type from bean name 'viewControllerHandlerMapping' via factory method to bean named 'mvcResourceUrlProvider'
2026-04-04T09:09:50.674-03:00 DEBUG 15076 --- [           main] o.s.b.f.s.DefaultListableBeanFactory     : Creating shared instance of singleton bean 'beanNameHandlerMapping'
2026-04-04T09:09:50.674-03:00 DEBUG 15076 --- [           main] o.s.b.f.s.DefaultListableBeanFactory     : Autowiring by type from bean name 'beanNameHandlerMapping' via factory method to bean named 'mvcConversionService'
2026-04-04T09:09:50.674-03:00 DEBUG 15076 --- [           main] o.s.b.f.s.DefaultListableBeanFactory     : Autowiring by type from bean name 'beanNameHandlerMapping' via factory method to bean named 'mvcResourceUrlProvider'
2026-04-04T09:09:50.675-03:00 DEBUG 15076 --- [           main] o.s.b.f.s.DefaultListableBeanFactory     : Creating shared instance of singleton bean 'routerFunctionMapping'
[...]
      Did not match:
         - @ConditionalOnClass did not find required class 'org.springframework.boot.actuate.endpoint.web.servlet.WebMvcEndpointHandlerMapping' (OnClassCondition)

   TaskExecutorConfigurations.SimpleAsyncTaskExecutorBuilderConfiguration#simpleAsyncTaskExecutorBuilderVirtualThreads:
      Did not match:
         - @ConditionalOnMissingBean (types: org.springframework.boot.task.SimpleAsyncTaskExecutorBuilder; SearchStrategy: all) found beans of type 'org.springframework.boot.task.SimpleAsyncTaskExecutorBuilder' simpleAsyncTaskExecutorBuilder (OnBeanCondition)

   TaskExecutorConfigurations.TaskExecutorConfiguration#applicationTaskExecutorVirtualThreads:
      Did not match:
         - @ConditionalOnThreading did not find VIRTUAL (OnThreadingCondition)

   TaskSchedulingAutoConfiguration#scheduledBeanLazyInitializationExcludeFilter:
      Did not match:
         - @ConditionalOnBean (names: org.springframework.context.annotation.internalScheduledAnnotationProcessor; SearchStrategy: all) did not find any beans named org.springframework.context.annotation.internalScheduledAnnotationProcessor (OnBeanCondition)

   TaskSchedulingConfigurations.SimpleAsyncTaskSchedulerBuilderConfiguration#simpleAsyncTaskSchedulerBuilderVirtualThreads:
      Did not match:
         - @ConditionalOnMissingBean (types: org.springframework.boot.task.SimpleAsyncTaskSchedulerBuilder; SearchStrategy: all) found beans of type 'org.springframework.boot.task.SimpleAsyncTaskSchedulerBuilder' simpleAsyncTaskSchedulerBuilder (OnBeanCondition)

   TaskSchedulingConfigurations.TaskSchedulerConfiguration:
      Did not match:
         - @ConditionalOnBean (names: org.springframework.context.annotation.internalScheduledAnnotationProcessor; SearchStrategy: all) did not find any beans named org.springframework.context.annotation.internalScheduledAnnotationProcessor (OnBeanCondition)

   ThymeleafAutoConfiguration:
      Did not match:
         - @ConditionalOnClass did not find required class 'org.thymeleaf.spring6.SpringTemplateEngine' (OnClassCondition)

   TransactionAutoConfiguration#transactionalOperator:
      Did not match:
         - @ConditionalOnSingleCandidate (types: org.springframework.transaction.ReactiveTransactionManager; SearchStrategy: all) did not find any beans (OnBeanCondition)

   TransactionAutoConfiguration.AspectJTransactionManagementConfiguration:
      Did not match:
         - @ConditionalOnBean (types: org.springframework.transaction.aspectj.AbstractTransactionAspect; SearchStrategy: all) did not find any beans of type org.springframework.transaction.aspectj.AbstractTransactionAspect (OnBeanCondition)

   TransactionAutoConfiguration.EnableTransactionManagementConfiguration.JdkDynamicAutoProxyConfiguration:
      Did not match:
         - @ConditionalOnProperty (spring.aop.proxy-target-class=false) did not find property 'proxy-target-class' (OnPropertyCondition)

   UserDetailsServiceAutoConfiguration:
      Did not match:
         - @ConditionalOnMissingBean (types: org.springframework.security.authentication.AuthenticationManager,org.springframework.security.authentication.AuthenticationProvider,org.springframework.security.core.userdetails.UserDetailsService,org.springframework.security.authentication.AuthenticationManagerResolver,org.springframework.security.oauth2.jwt.JwtDecoder; SearchStrategy: all) found beans of type 'org.springframework.security.authentication.AuthenticationManager' authenticationManager and found beans of type 'org.springframework.security.core.userdetails.UserDetailsService' customerUserDetailsService (OnBeanCondition)
      Matched:
         - @ConditionalOnClass found required class 'org.springframework.security.authentication.AuthenticationManager' (OnClassCondition)
         - AnyNestedCondition 1 matched 2 did not; NestedCondition on UserDetailsServiceAutoConfiguration.MissingAlternativeOrUserPropertiesConfigured.PasswordConfigured @ConditionalOnProperty (spring.security.user.password) did not find property 'password'; NestedCondition on UserDetailsServiceAutoConfiguration.MissingAlternativeOrUserPropertiesConfigured.NameConfigured @ConditionalOnProperty (spring.security.user.name) did not find property 'name'; NestedCondition on UserDetailsServiceAutoConfiguration.MissingAlternativeOrUserPropertiesConfigured.MissingAlternative @ConditionalOnMissingClass did not find unwanted classes 'org.springframework.security.oauth2.client.registration.ClientRegistrationRepository', 'org.springframework.security.oauth2.server.resource.introspection.OpaqueTokenIntrospector', 'org.springframework.security.saml2.provider.service.registration.RelyingPartyRegistrationRepository' (UserDetailsServiceAutoConfiguration.MissingAlternativeOrUserPropertiesConfigured)

   ValidationAutoConfiguration:
      Did not match:
         - @ConditionalOnResource did not find resource 'classpath:META-INF/services/jakarta.validation.spi.ValidationProvider' (OnResourceCondition)
      Matched:
         - @ConditionalOnClass found required class 'jakarta.validation.executable.ExecutableValidator' (OnClassCondition)

   WebClientAutoConfiguration:
      Did not match:
         - @ConditionalOnClass did not find required class 'org.springframework.web.reactive.function.client.WebClient' (OnClassCondition)

   WebFluxAutoConfiguration:
      Did not match:
         - @ConditionalOnClass did not find required class 'org.springframework.web.reactive.config.WebFluxConfigurer' (OnClassCondition)

   WebMvcAutoConfiguration#hiddenHttpMethodFilter:
      Did not match:
         - @ConditionalOnProperty (spring.mvc.hiddenmethod.filter.enabled) did not find property 'enabled' (OnPropertyCondition)

   WebMvcAutoConfiguration.ProblemDetailsErrorHandlingConfiguration:
      Did not match:
         - @ConditionalOnProperty (spring.mvc.problemdetails.enabled=true) did not find property 'enabled' (OnPropertyCondition)

   WebMvcAutoConfiguration.ResourceChainCustomizerConfiguration:
      Did not match:
         - @ConditionalOnEnabledResourceChain did not find class org.webjars.WebJarAssetLocator (OnEnabledResourceChainCondition)

   WebMvcAutoConfiguration.WebMvcAutoConfigurationAdapter#beanNameViewResolver:
      Did not match:
         - @ConditionalOnMissingBean (types: org.springframework.web.servlet.view.BeanNameViewResolver; SearchStrategy: all) found beans of type 'org.springframework.web.servlet.view.BeanNameViewResolver' beanNameViewResolver (OnBeanCondition)

   WebServiceTemplateAutoConfiguration:
      Did not match:
         - @ConditionalOnClass did not find required class 'org.springframework.oxm.Marshaller' (OnClassCondition)

   WebServicesAutoConfiguration:
      Did not match:
         - @ConditionalOnClass did not find required class 'org.springframework.ws.transport.http.MessageDispatcherServlet' (OnClassCondition)

   WebSessionIdResolverAutoConfiguration:
      Did not match:
         - @ConditionalOnClass did not find required class 'reactor.core.publisher.Mono' (OnClassCondition)

   WebSocketMessagingAutoConfiguration:
      Did not match:
         - @ConditionalOnClass did not find required class 'org.springframework.web.socket.config.annotation.WebSocketMessageBrokerConfigurer' (OnClassCondition)

   WebSocketReactiveAutoConfiguration:
      Did not match:
         - @ConditionalOnWebApplication did not find reactive web application classes (OnWebApplicationCondition)

   WebSocketServletAutoConfiguration.JettyWebSocketConfiguration:
      Did not match:
         - @ConditionalOnClass did not find required class 'org.eclipse.jetty.ee10.websocket.jakarta.server.config.JakartaWebSocketServletContainerInitializer' (OnClassCondition)

   WebSocketServletAutoConfiguration.UndertowWebSocketConfiguration:
      Did not match:
         - @ConditionalOnClass did not find required class 'io.undertow.websockets.jsr.Bootstrap' (OnClassCondition)

   WebTestClientAutoConfiguration:
      Did not match:
         - @ConditionalOnClass did not find required class 'org.springframework.web.reactive.function.client.WebClient' (OnClassCondition)

   XADataSourceAutoConfiguration:
      Did not match:
         - @ConditionalOnBean (types: org.springframework.boot.jdbc.XADataSourceWrapper; SearchStrategy: all) did not find any beans of type org.springframework.boot.jdbc.XADataSourceWrapper (OnBeanCondition)
      Matched:
         - @ConditionalOnClass found required classes 'javax.sql.DataSource', 'jakarta.transaction.TransactionManager', 'org.springframework.jdbc.datasource.embedded.EmbeddedDatabaseType' (OnClassCondition)


Exclusions:
-----------

    None


Unconditional classes:
----------------------

    org.springframework.boot.autoconfigure.context.ConfigurationPropertiesAutoConfiguration

    org.springframework.boot.autoconfigure.ssl.SslAutoConfiguration

    org.springframework.boot.autoconfigure.context.PropertyPlaceholderAutoConfiguration

    org.springframework.boot.autoconfigure.context.LifecycleAutoConfiguration

    org.springdoc.core.configuration.SpringDocSpecPropertiesConfiguration

    org.springframework.boot.autoconfigure.availability.ApplicationAvailabilityAutoConfiguration

    org.springframework.boot.autoconfigure.info.ProjectInfoAutoConfiguration



2026-04-04T09:09:50.868-03:00  INFO 15076 --- [           main] c.m.m.i.SimulacionIntegrationTest        : Started SimulacionIntegrationTest in 0.95 seconds (process running for 8.46)
2026-04-04T09:09:50.869-03:00 DEBUG 15076 --- [           main] o.s.b.a.ApplicationAvailabilityBean      : Application availability state LivenessState changed to CORRECT
2026-04-04T09:09:50.869-03:00  INFO 15076 --- [           main] c.m.mavenproject4.config.DataSeeder      : Iniciando carga de datos...
2026-04-04T09:09:50.870-03:00 DEBUG 15076 --- [           main] tor$SharedEntityManagerInvocationHandler : Creating new EntityManager for shared EntityManager invocation
2026-04-04T09:09:50.880-03:00 DEBUG 15076 --- [           main] tor$SharedEntityManagerInvocationHandler : Creating new EntityManager for shared EntityManager invocation
2026-04-04T09:09:50.882-03:00 DEBUG 15076 --- [           main] tor$SharedEntityManagerInvocationHandler : Creating new EntityManager for shared EntityManager invocation
2026-04-04T09:09:50.885-03:00 DEBUG 15076 --- [           main] tor$SharedEntityManagerInvocationHandler : Creating new EntityManager for shared EntityManager invocation
2026-04-04T09:09:50.887-03:00 DEBUG 15076 --- [           main] tor$SharedEntityManagerInvocationHandler : Creating new EntityManager for shared EntityManager invocation
2026-04-04T09:09:50.890-03:00  INFO 15076 --- [           main] c.m.mavenproject4.config.DataSeeder      : Usuario ya existe: sebacap3
2026-04-04T09:09:50.891-03:00 DEBUG 15076 --- [           main] tor$SharedEntityManagerInvocationHandler : Creating new EntityManager for shared EntityManager invocation
2026-04-04T09:09:50.894-03:00  INFO 15076 --- [           main] c.m.mavenproject4.config.DataSeeder      : Usuario ya existe: user1
2026-04-04T09:09:50.894-03:00 DEBUG 15076 --- [           main] tor$SharedEntityManagerInvocationHandler : Creating new EntityManager for shared EntityManager invocation
2026-04-04T09:09:50.897-03:00  INFO 15076 --- [           main] c.m.mavenproject4.config.DataSeeder      : Usuario ya existe: user2
2026-04-04T09:09:50.897-03:00 DEBUG 15076 --- [           main] tor$SharedEntityManagerInvocationHandler : Creating new EntityManager for shared EntityManager invocation
2026-04-04T09:09:50.900-03:00  INFO 15076 --- [           main] c.m.mavenproject4.config.DataSeeder      : Usuario ya existe: user3
2026-04-04T09:09:50.900-03:00  INFO 15076 --- [           main] c.m.mavenproject4.config.DataSeeder      : Carga de datos finalizada.
2026-04-04T09:09:50.900-03:00 DEBUG 15076 --- [           main] o.s.jdbc.core.JdbcTemplate               : Executing SQL statement [SELECT 1]
2026-04-04T09:09:50.900-03:00 DEBUG 15076 --- [           main] o.s.jdbc.datasource.DataSourceUtils      : Fetching JDBC Connection from DataSource
✅ Conexión a MySQL exitosa!
2026-04-04T09:09:50.900-03:00 DEBUG 15076 --- [           main] o.s.b.a.ApplicationAvailabilityBean      : Application availability state ReadinessState changed to ACCEPTING_TRAFFIC
2026-04-04T09:09:50.900-03:00 DEBUG 15076 --- [           main] org.springframework.test.context.cache   : Spring test ApplicationContext cache statistics: [DefaultContextCache@47b7bcb6 size = 2, maxSize = 32, parentContextCount = 0, hitCount = 65, missCount = 2, failureCount = 0]
2026-04-04T09:09:50.900-03:00 DEBUG 15076 --- [           main] o.s.t.c.w.ServletTestExecutionListener   : Setting up MockHttpServletRequest, MockHttpServletResponse, ServletWebRequest, and RequestContextHolder for test class com.mycompany.mavenproject4.integration.SimulacionIntegrationTest
2026-04-04T09:09:50.901-03:00 DEBUG 15076 --- [           main] DependencyInjectionTestExecutionListener : Performing dependency injection for test class com.mycompany.mavenproject4.integration.SimulacionIntegrationTest
2026-04-04T09:09:50.901-03:00 DEBUG 15076 --- [           main] org.springframework.test.context.cache   : Spring test ApplicationContext cache statistics: [DefaultContextCache@47b7bcb6 size = 2, maxSize = 32, parentContextCount = 0, hitCount = 66, missCount = 2, failureCount = 0]
2026-04-04T09:09:50.902-03:00 DEBUG 15076 --- [           main] o.s.b.f.s.DefaultListableBeanFactory     : Creating shared instance of singleton bean 'jpaSharedEM_AWC_entityManagerFactory'
2026-04-04T09:09:50.903-03:00 DEBUG 15076 --- [           main] org.springframework.test.context.cache   : Spring test ApplicationContext cache statistics: [DefaultContextCache@47b7bcb6 size = 2, maxSize = 32, parentContextCount = 0, hitCount = 67, missCount = 2, failureCount = 0]
2026-04-04T09:09:50.904-03:00 DEBUG 15076 --- [           main] sContextBeforeModesTestExecutionListener : Before test method: class [SimulacionIntegrationTest], method [flujoCompleto_simulacion], class annotated with @DirtiesContext [false] with mode [null], method annotated with @DirtiesContext [false] with mode [null]
2026-04-04T09:09:50.907-03:00 DEBUG 15076 --- [           main] t.c.t.TransactionalTestExecutionListener : Explicit transaction definition [PROPAGATION_REQUIRED,ISOLATION_DEFAULT] found for test class [com.mycompany.mavenproject4.integration.SimulacionIntegrationTest] and test method [flujoCompleto_simulacion]
2026-04-04T09:09:50.907-03:00 DEBUG 15076 --- [           main] org.springframework.test.context.cache   : Spring test ApplicationContext cache statistics: [DefaultContextCache@47b7bcb6 size = 2, maxSize = 32, parentContextCount = 0, hitCount = 68, missCount = 2, failureCount = 0]
2026-04-04T09:09:50.909-03:00 DEBUG 15076 --- [           main] t.c.t.TransactionalTestExecutionListener : No method-level @Rollback override: using default rollback [true] for test method [void com.mycompany.mavenproject4.integration.SimulacionIntegrationTest.flujoCompleto_simulacion() throws java.lang.Exception]
2026-04-04T09:09:50.909-03:00 DEBUG 15076 --- [           main] o.s.orm.jpa.JpaTransactionManager        : Creating new transaction with name [com.mycompany.mavenproject4.integration.SimulacionIntegrationTest.flujoCompleto_simulacion]: PROPAGATION_REQUIRED,ISOLATION_DEFAULT
2026-04-04T09:09:50.910-03:00 DEBUG 15076 --- [           main] o.s.orm.jpa.JpaTransactionManager        : Opened new EntityManager [SessionImpl(1239489703<open>)] for JPA transaction
2026-04-04T09:09:50.913-03:00 DEBUG 15076 --- [           main] o.s.orm.jpa.JpaTransactionManager        : Exposing JPA transaction as JDBC [org.springframework.orm.jpa.vendor.HibernateJpaDialect$HibernateConnectionHandle@74d56f47]
2026-04-04T09:09:50.913-03:00 DEBUG 15076 --- [           main] o.s.t.c.transaction.TransactionContext   : Began transaction (1) for test class [com.mycompany.mavenproject4.integration.SimulacionIntegrationTest]; test method [flujoCompleto_simulacion]; transaction manager [org.springframework.orm.jpa.JpaTransactionManager@61140895]; rollback [true]
2026-04-04T09:09:50.913-03:00 DEBUG 15076 --- [           main] org.springframework.test.context.cache   : Spring test ApplicationContext cache statistics: [DefaultContextCache@47b7bcb6 size = 2, maxSize = 32, parentContextCount = 0, hitCount = 69, missCount = 2, failureCount = 0]
2026-04-04T09:09:50.914-03:00 DEBUG 15076 --- [           main] org.springframework.test.context.cache   : Spring test ApplicationContext cache statistics: [DefaultContextCache@47b7bcb6 size = 2, maxSize = 32, parentContextCount = 0, hitCount = 70, missCount = 2, failureCount = 0]
2026-04-04T09:09:50.915-03:00 DEBUG 15076 --- [           main] org.springframework.test.context.cache   : Spring test ApplicationContext cache statistics: [DefaultContextCache@47b7bcb6 size = 2, maxSize = 32, parentContextCount = 0, hitCount = 71, missCount = 2, failureCount = 0]
2026-04-04T09:09:50.925-03:00 DEBUG 15076 --- [           main] org.springframework.test.context.cache   : Spring test ApplicationContext cache statistics: [DefaultContextCache@47b7bcb6 size = 2, maxSize = 32, parentContextCount = 0, hitCount = 72, missCount = 2, failureCount = 0]
2026-04-04T09:09:50.925-03:00 DEBUG 15076 --- [           main] org.springframework.test.context.cache   : Spring test ApplicationContext cache statistics: [DefaultContextCache@47b7bcb6 size = 2, maxSize = 32, parentContextCount = 0, hitCount = 73, missCount = 2, failureCount = 0]
2026-04-04T09:09:50.925-03:00 DEBUG 15076 --- [           main] org.springframework.test.context.cache   : Spring test ApplicationContext cache statistics: [DefaultContextCache@47b7bcb6 size = 2, maxSize = 32, parentContextCount = 0, hitCount = 74, missCount = 2, failureCount = 0]
2026-04-04T09:09:50.925-03:00 DEBUG 15076 --- [           main] org.springframework.test.context.cache   : Spring test ApplicationContext cache statistics: [DefaultContextCache@47b7bcb6 size = 2, maxSize = 32, parentContextCount = 0, hitCount = 75, missCount = 2, failureCount = 0]
2026-04-04T09:09:50.925-03:00 DEBUG 15076 --- [           main] org.springframework.test.context.cache   : Spring test ApplicationContext cache statistics: [DefaultContextCache@47b7bcb6 size = 2, maxSize = 32, parentContextCount = 0, hitCount = 76, missCount = 2, failureCount = 0]
2026-04-04T09:09:50.926-03:00 DEBUG 15076 --- [           main] org.springframework.test.context.cache   : Spring test ApplicationContext cache statistics: [DefaultContextCache@47b7bcb6 size = 2, maxSize = 32, parentContextCount = 0, hitCount = 77, missCount = 2, failureCount = 0]
2026-04-04T09:09:50.926-03:00 DEBUG 15076 --- [           main] o.s.orm.jpa.JpaTransactionManager        : Initiating transaction rollback
2026-04-04T09:09:50.927-03:00 DEBUG 15076 --- [           main] o.s.orm.jpa.JpaTransactionManager        : Rolling back JPA transaction on EntityManager [SessionImpl(1239489703<open>)]
2026-04-04T09:09:50.928-03:00 DEBUG 15076 --- [           main] o.s.orm.jpa.JpaTransactionManager        : Closing JPA EntityManager [SessionImpl(1239489703<open>)] after transaction
2026-04-04T09:09:50.928-03:00 DEBUG 15076 --- [           main] o.s.t.c.transaction.TransactionContext   : Rolled back transaction (1) for test class [com.mycompany.mavenproject4.integration.SimulacionIntegrationTest]; test method [flujoCompleto_simulacion]
2026-04-04T09:09:50.929-03:00 DEBUG 15076 --- [           main] .c.s.DirtiesContextTestExecutionListener : After test method: class [SimulacionIntegrationTest], method [flujoCompleto_simulacion], class annotated with @DirtiesContext [false] with mode [null], method annotated with @DirtiesContext [false] with mode [null]
2026-04-04T09:09:50.929-03:00 DEBUG 15076 --- [           main] o.s.t.c.w.ServletTestExecutionListener   : Resetting RequestContextHolder for test class com.mycompany.mavenproject4.integration.SimulacionIntegrationTest
]]></system-out>
  </testcase>
</testsuite>